{"C:\\Hoc\\New folder\\CauLongVui\\BE\\src\\app.js": {"path":"C:\\Hoc\\New folder\\CauLongVui\\BE\\src\\app.js","statementMap":{"0":{"start":{"line":1,"column":16},"end":{"line":1,"column":34}},"1":{"start":{"line":2,"column":13},"end":{"line":2,"column":28}},"2":{"start":{"line":3,"column":13},"end":{"line":3,"column":28}},"3":{"start":{"line":4,"column":15},"end":{"line":4,"column":32}},"4":{"start":{"line":5,"column":15},"end":{"line":5,"column":32}},"5":{"start":{"line":6,"column":18},"end":{"line":6,"column":47}},"6":{"start":{"line":7,"column":15},"end":{"line":7,"column":40}},"7":{"start":{"line":8,"column":30},"end":{"line":8,"column":72}},"8":{"start":{"line":9,"column":24},"end":{"line":9,"column":65}},"9":{"start":{"line":11,"column":0},"end":{"line":11,"column":16}},"10":{"start":{"line":13,"column":12},"end":{"line":13,"column":21}},"11":{"start":{"line":16,"column":0},"end":{"line":16,"column":18}},"12":{"start":{"line":17,"column":0},"end":{"line":17,"column":70}},"13":{"start":{"line":19,"column":16},"end":{"line":23,"column":2}},"14":{"start":{"line":24,"column":0},"end":{"line":24,"column":17}},"15":{"start":{"line":26,"column":0},"end":{"line":26,"column":16}},"16":{"start":{"line":27,"column":0},"end":{"line":27,"column":24}},"17":{"start":{"line":28,"column":0},"end":{"line":28,"column":72}},"18":{"start":{"line":31,"column":0},"end":{"line":33,"column":3}},"19":{"start":{"line":32,"column":2},"end":{"line":32,"column":53}},"20":{"start":{"line":36,"column":0},"end":{"line":36,"column":42}},"21":{"start":{"line":39,"column":0},"end":{"line":39,"column":27}},"22":{"start":{"line":42,"column":0},"end":{"line":42,"column":25}},"23":{"start":{"line":44,"column":0},"end":{"line":44,"column":21}}},"fnMap":{"0":{"name":"(anonymous_0)","decl":{"start":{"line":31,"column":13},"end":{"line":31,"column":14}},"loc":{"start":{"line":31,"column":27},"end":{"line":33,"column":1}},"line":31}},"branchMap":{},"s":{"0":13,"1":13,"2":13,"3":13,"4":13,"5":13,"6":13,"7":13,"8":13,"9":13,"10":13,"11":13,"12":13,"13":13,"14":13,"15":13,"16":13,"17":13,"18":13,"19":0,"20":13,"21":13,"22":13,"23":13},"f":{"0":0},"b":{},"_coverageSchema":"1a1c01bbd47fc00a2c39e90264f33305004495a9","hash":"b8b4634733e856b6a9b94fe3aa4efdc7fc72482d"}
,"C:\\Hoc\\New folder\\CauLongVui\\BE\\src\\config\\env.js": {"path":"C:\\Hoc\\New folder\\CauLongVui\\BE\\src\\config\\env.js","statementMap":{"0":{"start":{"line":1,"column":0},"end":{"line":1,"column":27}},"1":{"start":{"line":3,"column":22},"end":{"line":9,"column":1}},"2":{"start":{"line":4,"column":16},"end":{"line":4,"column":32}},"3":{"start":{"line":5,"column":2},"end":{"line":7,"column":3}},"4":{"start":{"line":6,"column":4},"end":{"line":6,"column":76}},"5":{"start":{"line":8,"column":2},"end":{"line":8,"column":15}},"6":{"start":{"line":11,"column":0},"end":{"line":18,"column":2}}},"fnMap":{"0":{"name":"(anonymous_0)","decl":{"start":{"line":3,"column":22},"end":{"line":3,"column":23}},"loc":{"start":{"line":3,"column":45},"end":{"line":9,"column":1}},"line":3}},"branchMap":{"0":{"loc":{"start":{"line":5,"column":2},"end":{"line":7,"column":3}},"type":"if","locations":[{"start":{"line":5,"column":2},"end":{"line":7,"column":3}},{"start":{},"end":{}}],"line":5},"1":{"loc":{"start":{"line":6,"column":20},"end":{"line":6,"column":74}},"type":"binary-expr","locations":[{"start":{"line":6,"column":20},"end":{"line":6,"column":32}},{"start":{"line":6,"column":36},"end":{"line":6,"column":74}}],"line":6},"2":{"loc":{"start":{"line":12,"column":8},"end":{"line":12,"column":32}},"type":"binary-expr","locations":[{"start":{"line":12,"column":8},"end":{"line":12,"column":24}},{"start":{"line":12,"column":28},"end":{"line":12,"column":32}}],"line":12}},"s":{"0":13,"1":13,"2":65,"3":65,"4":0,"5":65,"6":13},"f":{"0":65},"b":{"0":[0,65],"1":[0,0],"2":[13,0]},"_coverageSchema":"1a1c01bbd47fc00a2c39e90264f33305004495a9","hash":"4819805d269027e3ee06a70841a23c1f5611d8b8"}
,"C:\\Hoc\\New folder\\CauLongVui\\BE\\src\\config\\momo.js": {"path":"C:\\Hoc\\New folder\\CauLongVui\\BE\\src\\config\\momo.js","statementMap":{"0":{"start":{"line":1,"column":0},"end":{"line":1,"column":27}},"1":{"start":{"line":3,"column":0},"end":{"line":12,"column":2}}},"fnMap":{},"branchMap":{"0":{"loc":{"start":{"line":4,"column":11},"end":{"line":4,"column":91}},"type":"binary-expr","locations":[{"start":{"line":4,"column":11},"end":{"line":4,"column":35}},{"start":{"line":4,"column":39},"end":{"line":4,"column":91}}],"line":4},"1":{"loc":{"start":{"line":5,"column":14},"end":{"line":5,"column":79}},"type":"binary-expr","locations":[{"start":{"line":5,"column":14},"end":{"line":5,"column":41}},{"start":{"line":5,"column":45},"end":{"line":5,"column":79}}],"line":5},"2":{"loc":{"start":{"line":6,"column":14},"end":{"line":6,"column":60}},"type":"binary-expr","locations":[{"start":{"line":6,"column":14},"end":{"line":6,"column":41}},{"start":{"line":6,"column":45},"end":{"line":6,"column":60}}],"line":6},"3":{"loc":{"start":{"line":7,"column":16},"end":{"line":7,"column":55}},"type":"binary-expr","locations":[{"start":{"line":7,"column":16},"end":{"line":7,"column":45}},{"start":{"line":7,"column":49},"end":{"line":7,"column":55}}],"line":7},"4":{"loc":{"start":{"line":8,"column":16},"end":{"line":8,"column":61}},"type":"binary-expr","locations":[{"start":{"line":8,"column":16},"end":{"line":8,"column":45}},{"start":{"line":8,"column":49},"end":{"line":8,"column":61}}],"line":8},"5":{"loc":{"start":{"line":9,"column":14},"end":{"line":9,"column":98}},"type":"binary-expr","locations":[{"start":{"line":9,"column":14},"end":{"line":9,"column":41}},{"start":{"line":9,"column":45},"end":{"line":9,"column":98}}],"line":9},"6":{"loc":{"start":{"line":10,"column":14},"end":{"line":10,"column":96}},"type":"binary-expr","locations":[{"start":{"line":10,"column":14},"end":{"line":10,"column":41}},{"start":{"line":10,"column":45},"end":{"line":10,"column":96}}],"line":10},"7":{"loc":{"start":{"line":11,"column":13},"end":{"line":11,"column":94}},"type":"binary-expr","locations":[{"start":{"line":11,"column":13},"end":{"line":11,"column":39}},{"start":{"line":11,"column":43},"end":{"line":11,"column":94}}],"line":11}},"s":{"0":14,"1":14},"f":{},"b":{"0":[14,14],"1":[14,14],"2":[14,14],"3":[14,14],"4":[14,14],"5":[14,14],"6":[14,14],"7":[14,14]},"_coverageSchema":"1a1c01bbd47fc00a2c39e90264f33305004495a9","hash":"174f8bb69d34b579a87cc9575037ccf307b9d848"}
,"C:\\Hoc\\New folder\\CauLongVui\\BE\\src\\config\\vnpay.js": {"path":"C:\\Hoc\\New folder\\CauLongVui\\BE\\src\\config\\vnpay.js","statementMap":{"0":{"start":{"line":1,"column":0},"end":{"line":1,"column":27}},"1":{"start":{"line":3,"column":0},"end":{"line":12,"column":2}}},"fnMap":{},"branchMap":{"0":{"loc":{"start":{"line":4,"column":12},"end":{"line":4,"column":52}},"type":"binary-expr","locations":[{"start":{"line":4,"column":12},"end":{"line":4,"column":38}},{"start":{"line":4,"column":42},"end":{"line":4,"column":52}}],"line":4},"1":{"loc":{"start":{"line":5,"column":15},"end":{"line":5,"column":82}},"type":"binary-expr","locations":[{"start":{"line":5,"column":15},"end":{"line":5,"column":44}},{"start":{"line":5,"column":48},"end":{"line":5,"column":82}}],"line":5},"2":{"loc":{"start":{"line":6,"column":12},"end":{"line":6,"column":94}},"type":"binary-expr","locations":[{"start":{"line":6,"column":12},"end":{"line":6,"column":38}},{"start":{"line":6,"column":42},"end":{"line":6,"column":94}}],"line":6},"3":{"loc":{"start":{"line":7,"column":11},"end":{"line":7,"column":45}},"type":"binary-expr","locations":[{"start":{"line":7,"column":11},"end":{"line":7,"column":36}},{"start":{"line":7,"column":40},"end":{"line":7,"column":45}}],"line":7},"4":{"loc":{"start":{"line":8,"column":13},"end":{"line":8,"column":49}},"type":"binary-expr","locations":[{"start":{"line":8,"column":13},"end":{"line":8,"column":40}},{"start":{"line":8,"column":44},"end":{"line":8,"column":49}}],"line":8},"5":{"loc":{"start":{"line":9,"column":11},"end":{"line":9,"column":47}},"type":"binary-expr","locations":[{"start":{"line":9,"column":11},"end":{"line":9,"column":36}},{"start":{"line":9,"column":40},"end":{"line":9,"column":47}}],"line":9},"6":{"loc":{"start":{"line":10,"column":10},"end":{"line":10,"column":42}},"type":"binary-expr","locations":[{"start":{"line":10,"column":10},"end":{"line":10,"column":34}},{"start":{"line":10,"column":38},"end":{"line":10,"column":42}}],"line":10},"7":{"loc":{"start":{"line":11,"column":14},"end":{"line":11,"column":98}},"type":"binary-expr","locations":[{"start":{"line":11,"column":14},"end":{"line":11,"column":42}},{"start":{"line":11,"column":46},"end":{"line":11,"column":98}}],"line":11}},"s":{"0":14,"1":14},"f":{},"b":{"0":[14,14],"1":[14,14],"2":[14,14],"3":[14,14],"4":[14,14],"5":[14,14],"6":[14,14],"7":[14,14]},"_coverageSchema":"1a1c01bbd47fc00a2c39e90264f33305004495a9","hash":"732b7621980a0c1862e531b7789946cec390b097"}
,"C:\\Hoc\\New folder\\CauLongVui\\BE\\src\\controllers\\auth.controller.js": {"path":"C:\\Hoc\\New folder\\CauLongVui\\BE\\src\\controllers\\auth.controller.js","statementMap":{"0":{"start":{"line":1,"column":20},"end":{"line":1,"column":55}},"1":{"start":{"line":2,"column":25},"end":{"line":2,"column":53}},"2":{"start":{"line":3,"column":20},"end":{"line":3,"column":47}},"3":{"start":{"line":5,"column":14},"end":{"line":12,"column":1}},"4":{"start":{"line":6,"column":36},"end":{"line":6,"column":44}},"5":{"start":{"line":7,"column":15},"end":{"line":7,"column":61}},"6":{"start":{"line":8,"column":2},"end":{"line":11,"column":5}},"7":{"start":{"line":14,"column":17},"end":{"line":17,"column":1}},"8":{"start":{"line":15,"column":15},"end":{"line":15,"column":51}},"9":{"start":{"line":16,"column":2},"end":{"line":16,"column":77}},"10":{"start":{"line":19,"column":15},"end":{"line":22,"column":1}},"11":{"start":{"line":20,"column":2},"end":{"line":20,"column":29}},"12":{"start":{"line":21,"column":2},"end":{"line":21,"column":56}},"13":{"start":{"line":24,"column":0},"end":{"line":28,"column":2}}},"fnMap":{"0":{"name":"(anonymous_0)","decl":{"start":{"line":5,"column":14},"end":{"line":5,"column":15}},"loc":{"start":{"line":5,"column":34},"end":{"line":12,"column":1}},"line":5},"1":{"name":"(anonymous_1)","decl":{"start":{"line":14,"column":17},"end":{"line":14,"column":18}},"loc":{"start":{"line":14,"column":37},"end":{"line":17,"column":1}},"line":14},"2":{"name":"(anonymous_2)","decl":{"start":{"line":19,"column":15},"end":{"line":19,"column":16}},"loc":{"start":{"line":19,"column":35},"end":{"line":22,"column":1}},"line":19}},"branchMap":{},"s":{"0":13,"1":13,"2":13,"3":13,"4":78,"5":78,"6":78,"7":13,"8":80,"9":79,"10":13,"11":0,"12":0,"13":13},"f":{"0":78,"1":80,"2":0},"b":{},"_coverageSchema":"1a1c01bbd47fc00a2c39e90264f33305004495a9","hash":"218930fab18dfa40c3ea7e251b540959d9b6b008"}
,"C:\\Hoc\\New folder\\CauLongVui\\BE\\src\\controllers\\booking-exchange.controller.js": {"path":"C:\\Hoc\\New folder\\CauLongVui\\BE\\src\\controllers\\booking-exchange.controller.js","statementMap":{"0":{"start":{"line":1,"column":31},"end":{"line":1,"column":78}},"1":{"start":{"line":2,"column":25},"end":{"line":2,"column":53}},"2":{"start":{"line":3,"column":31},"end":{"line":3,"column":70}},"3":{"start":{"line":8,"column":28},"end":{"line":12,"column":1}},"4":{"start":{"line":9,"column":15},"end":{"line":9,"column":62}},"5":{"start":{"line":10,"column":16},"end":{"line":10,"column":50}},"6":{"start":{"line":11,"column":2},"end":{"line":11,"column":91}},"7":{"start":{"line":17,"column":31},"end":{"line":20,"column":1}},"8":{"start":{"line":18,"column":19},"end":{"line":18,"column":71}},"9":{"start":{"line":19,"column":2},"end":{"line":19,"column":107}},"10":{"start":{"line":25,"column":30},"end":{"line":30,"column":1}},"11":{"start":{"line":26,"column":19},"end":{"line":26,"column":30}},"12":{"start":{"line":27,"column":24},"end":{"line":27,"column":32}},"13":{"start":{"line":28,"column":19},"end":{"line":28,"column":75}},"14":{"start":{"line":29,"column":2},"end":{"line":29,"column":108}},"15":{"start":{"line":35,"column":28},"end":{"line":39,"column":1}},"16":{"start":{"line":36,"column":18},"end":{"line":36,"column":29}},"17":{"start":{"line":37,"column":19},"end":{"line":37,"column":76}},"18":{"start":{"line":38,"column":2},"end":{"line":38,"column":111}},"19":{"start":{"line":44,"column":30},"end":{"line":48,"column":1}},"20":{"start":{"line":45,"column":19},"end":{"line":45,"column":30}},"21":{"start":{"line":46,"column":19},"end":{"line":46,"column":79}},"22":{"start":{"line":47,"column":2},"end":{"line":47,"column":111}},"23":{"start":{"line":50,"column":0},"end":{"line":56,"column":2}}},"fnMap":{"0":{"name":"(anonymous_0)","decl":{"start":{"line":8,"column":28},"end":{"line":8,"column":29}},"loc":{"start":{"line":8,"column":48},"end":{"line":12,"column":1}},"line":8},"1":{"name":"(anonymous_1)","decl":{"start":{"line":17,"column":31},"end":{"line":17,"column":32}},"loc":{"start":{"line":17,"column":51},"end":{"line":20,"column":1}},"line":17},"2":{"name":"(anonymous_2)","decl":{"start":{"line":25,"column":30},"end":{"line":25,"column":31}},"loc":{"start":{"line":25,"column":50},"end":{"line":30,"column":1}},"line":25},"3":{"name":"(anonymous_3)","decl":{"start":{"line":35,"column":28},"end":{"line":35,"column":29}},"loc":{"start":{"line":35,"column":48},"end":{"line":39,"column":1}},"line":35},"4":{"name":"(anonymous_4)","decl":{"start":{"line":44,"column":30},"end":{"line":44,"column":31}},"loc":{"start":{"line":44,"column":50},"end":{"line":48,"column":1}},"line":44}},"branchMap":{},"s":{"0":13,"1":13,"2":13,"3":13,"4":1,"5":1,"6":1,"7":13,"8":1,"9":1,"10":13,"11":5,"12":5,"13":5,"14":1,"15":13,"16":4,"17":4,"18":1,"19":13,"20":2,"21":2,"22":1,"23":13},"f":{"0":1,"1":1,"2":5,"3":4,"4":2},"b":{},"_coverageSchema":"1a1c01bbd47fc00a2c39e90264f33305004495a9","hash":"50df46e3701a057577ff49d3b05c0109d3196f05"}
,"C:\\Hoc\\New folder\\CauLongVui\\BE\\src\\controllers\\booking.controller.js": {"path":"C:\\Hoc\\New folder\\CauLongVui\\BE\\src\\controllers\\booking.controller.js","statementMap":{"0":{"start":{"line":1,"column":23},"end":{"line":1,"column":61}},"1":{"start":{"line":2,"column":25},"end":{"line":2,"column":53}},"2":{"start":{"line":4,"column":23},"end":{"line":4,"column":53}},"3":{"start":{"line":6,"column":22},"end":{"line":17,"column":1}},"4":{"start":{"line":9,"column":17},"end":{"line":9,"column":48}},"5":{"start":{"line":11,"column":2},"end":{"line":13,"column":3}},"6":{"start":{"line":12,"column":4},"end":{"line":12,"column":103}},"7":{"start":{"line":15,"column":18},"end":{"line":15,"column":70}},"8":{"start":{"line":16,"column":2},"end":{"line":16,"column":85}},"9":{"start":{"line":19,"column":20},"end":{"line":23,"column":1}},"10":{"start":{"line":20,"column":15},"end":{"line":20,"column":64}},"11":{"start":{"line":21,"column":16},"end":{"line":21,"column":42}},"12":{"start":{"line":22,"column":2},"end":{"line":22,"column":82}},"13":{"start":{"line":25,"column":23},"end":{"line":28,"column":1}},"14":{"start":{"line":26,"column":18},"end":{"line":26,"column":72}},"15":{"start":{"line":27,"column":2},"end":{"line":27,"column":89}},"16":{"start":{"line":30,"column":28},"end":{"line":34,"column":1}},"17":{"start":{"line":31,"column":21},"end":{"line":31,"column":29}},"18":{"start":{"line":32,"column":18},"end":{"line":32,"column":74}},"19":{"start":{"line":33,"column":2},"end":{"line":33,"column":92}},"20":{"start":{"line":36,"column":22},"end":{"line":39,"column":1}},"21":{"start":{"line":37,"column":18},"end":{"line":37,"column":80}},"22":{"start":{"line":38,"column":2},"end":{"line":38,"column":85}},"23":{"start":{"line":41,"column":22},"end":{"line":44,"column":1}},"24":{"start":{"line":42,"column":2},"end":{"line":42,"column":55}},"25":{"start":{"line":43,"column":2},"end":{"line":43,"column":64}},"26":{"start":{"line":46,"column":0},"end":{"line":53,"column":2}}},"fnMap":{"0":{"name":"(anonymous_0)","decl":{"start":{"line":6,"column":22},"end":{"line":6,"column":23}},"loc":{"start":{"line":6,"column":42},"end":{"line":17,"column":1}},"line":6},"1":{"name":"(anonymous_1)","decl":{"start":{"line":19,"column":20},"end":{"line":19,"column":21}},"loc":{"start":{"line":19,"column":40},"end":{"line":23,"column":1}},"line":19},"2":{"name":"(anonymous_2)","decl":{"start":{"line":25,"column":23},"end":{"line":25,"column":24}},"loc":{"start":{"line":25,"column":43},"end":{"line":28,"column":1}},"line":25},"3":{"name":"(anonymous_3)","decl":{"start":{"line":30,"column":28},"end":{"line":30,"column":29}},"loc":{"start":{"line":30,"column":48},"end":{"line":34,"column":1}},"line":30},"4":{"name":"(anonymous_4)","decl":{"start":{"line":36,"column":22},"end":{"line":36,"column":23}},"loc":{"start":{"line":36,"column":42},"end":{"line":39,"column":1}},"line":36},"5":{"name":"(anonymous_5)","decl":{"start":{"line":41,"column":22},"end":{"line":41,"column":23}},"loc":{"start":{"line":41,"column":42},"end":{"line":44,"column":1}},"line":41}},"branchMap":{"0":{"loc":{"start":{"line":9,"column":17},"end":{"line":9,"column":48}},"type":"binary-expr","locations":[{"start":{"line":9,"column":17},"end":{"line":9,"column":29}},{"start":{"line":9,"column":33},"end":{"line":9,"column":48}}],"line":9},"1":{"loc":{"start":{"line":11,"column":2},"end":{"line":13,"column":3}},"type":"if","locations":[{"start":{"line":11,"column":2},"end":{"line":13,"column":3}},{"start":{},"end":{}}],"line":11}},"s":{"0":13,"1":13,"2":13,"3":13,"4":10,"5":10,"6":0,"7":10,"8":6,"9":13,"10":1,"11":1,"12":1,"13":13,"14":2,"15":0,"16":13,"17":1,"18":1,"19":1,"20":13,"21":0,"22":0,"23":13,"24":1,"25":0,"26":13},"f":{"0":10,"1":1,"2":2,"3":1,"4":0,"5":1},"b":{"0":[10,0],"1":[0,10]},"_coverageSchema":"1a1c01bbd47fc00a2c39e90264f33305004495a9","hash":"6d25c5cfae3b85b00391b4e5f2f344a55f61c746"}
,"C:\\Hoc\\New folder\\CauLongVui\\BE\\src\\controllers\\court.controller.js": {"path":"C:\\Hoc\\New folder\\CauLongVui\\BE\\src\\controllers\\court.controller.js","statementMap":{"0":{"start":{"line":1,"column":21},"end":{"line":1,"column":57}},"1":{"start":{"line":2,"column":25},"end":{"line":2,"column":53}},"2":{"start":{"line":3,"column":21},"end":{"line":3,"column":49}},"3":{"start":{"line":5,"column":18},"end":{"line":9,"column":1}},"4":{"start":{"line":6,"column":15},"end":{"line":6,"column":52}},"5":{"start":{"line":7,"column":16},"end":{"line":7,"column":40}},"6":{"start":{"line":8,"column":2},"end":{"line":8,"column":80}},"7":{"start":{"line":11,"column":21},"end":{"line":14,"column":1}},"8":{"start":{"line":12,"column":15},"end":{"line":12,"column":57}},"9":{"start":{"line":13,"column":2},"end":{"line":13,"column":82}},"10":{"start":{"line":16,"column":20},"end":{"line":35,"column":1}},"11":{"start":{"line":17,"column":2},"end":{"line":17,"column":46}},"12":{"start":{"line":18,"column":2},"end":{"line":18,"column":48}},"13":{"start":{"line":20,"column":21},"end":{"line":20,"column":89}},"14":{"start":{"line":20,"column":52},"end":{"line":20,"column":83}},"15":{"start":{"line":21,"column":19},"end":{"line":21,"column":21}},"16":{"start":{"line":22,"column":2},"end":{"line":24,"column":3}},"17":{"start":{"line":23,"column":4},"end":{"line":23,"column":86}},"18":{"start":{"line":26,"column":20},"end":{"line":29,"column":3}},"19":{"start":{"line":31,"column":2},"end":{"line":31,"column":48}},"20":{"start":{"line":33,"column":16},"end":{"line":33,"column":52}},"21":{"start":{"line":34,"column":2},"end":{"line":34,"column":79}},"22":{"start":{"line":37,"column":11},"end":{"line":37,"column":33}},"23":{"start":{"line":38,"column":13},"end":{"line":38,"column":28}},"24":{"start":{"line":40,"column":20},"end":{"line":70,"column":1}},"25":{"start":{"line":41,"column":21},"end":{"line":41,"column":89}},"26":{"start":{"line":41,"column":52},"end":{"line":41,"column":83}},"27":{"start":{"line":42,"column":19},"end":{"line":42,"column":21}},"28":{"start":{"line":43,"column":2},"end":{"line":45,"column":3}},"29":{"start":{"line":44,"column":4},"end":{"line":44,"column":86}},"30":{"start":{"line":48,"column":2},"end":{"line":61,"column":3}},"31":{"start":{"line":49,"column":21},"end":{"line":49,"column":63}},"32":{"start":{"line":50,"column":4},"end":{"line":60,"column":5}},"33":{"start":{"line":52,"column":6},"end":{"line":59,"column":7}},"34":{"start":{"line":53,"column":8},"end":{"line":58,"column":9}},"35":{"start":{"line":54,"column":31},"end":{"line":54,"column":69}},"36":{"start":{"line":55,"column":10},"end":{"line":55,"column":40}},"37":{"start":{"line":57,"column":10},"end":{"line":57,"column":79}},"38":{"start":{"line":63,"column":21},"end":{"line":66,"column":3}},"39":{"start":{"line":68,"column":16},"end":{"line":68,"column":68}},"40":{"start":{"line":69,"column":2},"end":{"line":69,"column":79}},"41":{"start":{"line":72,"column":20},"end":{"line":75,"column":1}},"42":{"start":{"line":73,"column":2},"end":{"line":73,"column":43}},"43":{"start":{"line":74,"column":2},"end":{"line":74,"column":62}},"44":{"start":{"line":77,"column":0},"end":{"line":83,"column":2}}},"fnMap":{"0":{"name":"(anonymous_0)","decl":{"start":{"line":5,"column":18},"end":{"line":5,"column":19}},"loc":{"start":{"line":5,"column":38},"end":{"line":9,"column":1}},"line":5},"1":{"name":"(anonymous_1)","decl":{"start":{"line":11,"column":21},"end":{"line":11,"column":22}},"loc":{"start":{"line":11,"column":41},"end":{"line":14,"column":1}},"line":11},"2":{"name":"(anonymous_2)","decl":{"start":{"line":16,"column":20},"end":{"line":16,"column":21}},"loc":{"start":{"line":16,"column":40},"end":{"line":35,"column":1}},"line":16},"3":{"name":"(anonymous_3)","decl":{"start":{"line":20,"column":47},"end":{"line":20,"column":48}},"loc":{"start":{"line":20,"column":52},"end":{"line":20,"column":83}},"line":20},"4":{"name":"(anonymous_4)","decl":{"start":{"line":40,"column":20},"end":{"line":40,"column":21}},"loc":{"start":{"line":40,"column":40},"end":{"line":70,"column":1}},"line":40},"5":{"name":"(anonymous_5)","decl":{"start":{"line":41,"column":47},"end":{"line":41,"column":48}},"loc":{"start":{"line":41,"column":52},"end":{"line":41,"column":83}},"line":41},"6":{"name":"(anonymous_6)","decl":{"start":{"line":72,"column":20},"end":{"line":72,"column":21}},"loc":{"start":{"line":72,"column":40},"end":{"line":75,"column":1}},"line":72}},"branchMap":{"0":{"loc":{"start":{"line":20,"column":21},"end":{"line":20,"column":89}},"type":"cond-expr","locations":[{"start":{"line":20,"column":33},"end":{"line":20,"column":84}},{"start":{"line":20,"column":87},"end":{"line":20,"column":89}}],"line":20},"1":{"loc":{"start":{"line":22,"column":2},"end":{"line":24,"column":3}},"type":"if","locations":[{"start":{"line":22,"column":2},"end":{"line":24,"column":3}},{"start":{},"end":{}}],"line":22},"2":{"loc":{"start":{"line":23,"column":17},"end":{"line":23,"column":85}},"type":"cond-expr","locations":[{"start":{"line":23,"column":50},"end":{"line":23,"column":65}},{"start":{"line":23,"column":68},"end":{"line":23,"column":85}}],"line":23},"3":{"loc":{"start":{"line":41,"column":21},"end":{"line":41,"column":89}},"type":"cond-expr","locations":[{"start":{"line":41,"column":33},"end":{"line":41,"column":84}},{"start":{"line":41,"column":87},"end":{"line":41,"column":89}}],"line":41},"4":{"loc":{"start":{"line":43,"column":2},"end":{"line":45,"column":3}},"type":"if","locations":[{"start":{"line":43,"column":2},"end":{"line":45,"column":3}},{"start":{},"end":{}}],"line":43},"5":{"loc":{"start":{"line":44,"column":17},"end":{"line":44,"column":85}},"type":"cond-expr","locations":[{"start":{"line":44,"column":50},"end":{"line":44,"column":65}},{"start":{"line":44,"column":68},"end":{"line":44,"column":85}}],"line":44},"6":{"loc":{"start":{"line":48,"column":2},"end":{"line":61,"column":3}},"type":"if","locations":[{"start":{"line":48,"column":2},"end":{"line":61,"column":3}},{"start":{},"end":{}}],"line":48},"7":{"loc":{"start":{"line":50,"column":4},"end":{"line":60,"column":5}},"type":"if","locations":[{"start":{"line":50,"column":4},"end":{"line":60,"column":5}},{"start":{},"end":{}}],"line":50},"8":{"loc":{"start":{"line":50,"column":8},"end":{"line":50,"column":65}},"type":"binary-expr","locations":[{"start":{"line":50,"column":8},"end":{"line":50,"column":16}},{"start":{"line":50,"column":20},"end":{"line":50,"column":35}},{"start":{"line":50,"column":39},"end":{"line":50,"column":65}}],"line":50},"9":{"loc":{"start":{"line":65,"column":9},"end":{"line":65,"column":107}},"type":"cond-expr","locations":[{"start":{"line":65,"column":60},"end":{"line":65,"column":102}},{"start":{"line":65,"column":105},"end":{"line":65,"column":107}}],"line":65},"10":{"loc":{"start":{"line":65,"column":10},"end":{"line":65,"column":56}},"type":"binary-expr","locations":[{"start":{"line":65,"column":10},"end":{"line":65,"column":31}},{"start":{"line":65,"column":35},"end":{"line":65,"column":56}}],"line":65}},"s":{"0":13,"1":13,"2":13,"3":13,"4":1,"5":1,"6":1,"7":13,"8":0,"9":0,"10":13,"11":1,"12":1,"13":1,"14":0,"15":1,"16":1,"17":0,"18":1,"19":1,"20":1,"21":1,"22":13,"23":13,"24":13,"25":1,"26":0,"27":1,"28":1,"29":0,"30":1,"31":0,"32":0,"33":0,"34":0,"35":0,"36":0,"37":0,"38":1,"39":1,"40":1,"41":13,"42":1,"43":1,"44":13},"f":{"0":1,"1":0,"2":1,"3":0,"4":1,"5":0,"6":1},"b":{"0":[0,1],"1":[0,1],"2":[0,0],"3":[0,1],"4":[0,1],"5":[0,0],"6":[0,1],"7":[0,0],"8":[0,0,0],"9":[0,1],"10":[1,1]},"_coverageSchema":"1a1c01bbd47fc00a2c39e90264f33305004495a9","hash":"de937f9d595a79747357b9d3883a0d59cae033b9"}
,"C:\\Hoc\\New folder\\CauLongVui\\BE\\src\\controllers\\file.controller.js": {"path":"C:\\Hoc\\New folder\\CauLongVui\\BE\\src\\controllers\\file.controller.js","statementMap":{"0":{"start":{"line":1,"column":25},"end":{"line":1,"column":53}},"1":{"start":{"line":8,"column":21},"end":{"line":15,"column":1}},"2":{"start":{"line":9,"column":2},"end":{"line":11,"column":3}},"3":{"start":{"line":10,"column":4},"end":{"line":10,"column":62}},"4":{"start":{"line":13,"column":20},"end":{"line":13,"column":77}},"5":{"start":{"line":13,"column":42},"end":{"line":13,"column":76}},"6":{"start":{"line":14,"column":2},"end":{"line":14,"column":81}},"7":{"start":{"line":22,"column":21},"end":{"line":29,"column":1}},"8":{"start":{"line":23,"column":2},"end":{"line":25,"column":3}},"9":{"start":{"line":24,"column":4},"end":{"line":24,"column":61}},"10":{"start":{"line":27,"column":19},"end":{"line":27,"column":58}},"11":{"start":{"line":28,"column":2},"end":{"line":28,"column":80}},"12":{"start":{"line":31,"column":0},"end":{"line":34,"column":2}}},"fnMap":{"0":{"name":"(anonymous_0)","decl":{"start":{"line":8,"column":21},"end":{"line":8,"column":22}},"loc":{"start":{"line":8,"column":41},"end":{"line":15,"column":1}},"line":8},"1":{"name":"(anonymous_1)","decl":{"start":{"line":13,"column":34},"end":{"line":13,"column":35}},"loc":{"start":{"line":13,"column":42},"end":{"line":13,"column":76}},"line":13},"2":{"name":"(anonymous_2)","decl":{"start":{"line":22,"column":21},"end":{"line":22,"column":22}},"loc":{"start":{"line":22,"column":41},"end":{"line":29,"column":1}},"line":22}},"branchMap":{"0":{"loc":{"start":{"line":9,"column":2},"end":{"line":11,"column":3}},"type":"if","locations":[{"start":{"line":9,"column":2},"end":{"line":11,"column":3}},{"start":{},"end":{}}],"line":9},"1":{"loc":{"start":{"line":9,"column":6},"end":{"line":9,"column":42}},"type":"binary-expr","locations":[{"start":{"line":9,"column":6},"end":{"line":9,"column":16}},{"start":{"line":9,"column":20},"end":{"line":9,"column":42}}],"line":9},"2":{"loc":{"start":{"line":23,"column":2},"end":{"line":25,"column":3}},"type":"if","locations":[{"start":{"line":23,"column":2},"end":{"line":25,"column":3}},{"start":{},"end":{}}],"line":23}},"s":{"0":13,"1":13,"2":0,"3":0,"4":0,"5":0,"6":0,"7":13,"8":0,"9":0,"10":0,"11":0,"12":13},"f":{"0":0,"1":0,"2":0},"b":{"0":[0,0],"1":[0,0],"2":[0,0]},"_coverageSchema":"1a1c01bbd47fc00a2c39e90264f33305004495a9","hash":"08f6e005548142a901a0d511f336940cd905bbcc"}
,"C:\\Hoc\\New folder\\CauLongVui\\BE\\src\\controllers\\order.controller.js": {"path":"C:\\Hoc\\New folder\\CauLongVui\\BE\\src\\controllers\\order.controller.js","statementMap":{"0":{"start":{"line":1,"column":21},"end":{"line":1,"column":57}},"1":{"start":{"line":2,"column":25},"end":{"line":2,"column":53}},"2":{"start":{"line":3,"column":21},"end":{"line":3,"column":49}},"3":{"start":{"line":5,"column":18},"end":{"line":10,"column":1}},"4":{"start":{"line":6,"column":15},"end":{"line":6,"column":52}},"5":{"start":{"line":8,"column":16},"end":{"line":8,"column":40}},"6":{"start":{"line":9,"column":2},"end":{"line":9,"column":85}},"7":{"start":{"line":12,"column":21},"end":{"line":15,"column":1}},"8":{"start":{"line":13,"column":16},"end":{"line":13,"column":58}},"9":{"start":{"line":14,"column":2},"end":{"line":14,"column":88}},"10":{"start":{"line":17,"column":20},"end":{"line":27,"column":1}},"11":{"start":{"line":18,"column":20},"end":{"line":18,"column":28}},"12":{"start":{"line":21,"column":2},"end":{"line":23,"column":3}},"13":{"start":{"line":22,"column":4},"end":{"line":22,"column":35}},"14":{"start":{"line":25,"column":16},"end":{"line":25,"column":52}},"15":{"start":{"line":26,"column":2},"end":{"line":26,"column":84}},"16":{"start":{"line":29,"column":26},"end":{"line":33,"column":1}},"17":{"start":{"line":30,"column":21},"end":{"line":30,"column":29}},"18":{"start":{"line":31,"column":16},"end":{"line":31,"column":70}},"19":{"start":{"line":32,"column":2},"end":{"line":32,"column":91}},"20":{"start":{"line":35,"column":24},"end":{"line":40,"column":1}},"21":{"start":{"line":36,"column":17},"end":{"line":36,"column":27}},"22":{"start":{"line":37,"column":20},"end":{"line":37,"column":28}},"23":{"start":{"line":38,"column":16},"end":{"line":38,"column":61}},"24":{"start":{"line":39,"column":2},"end":{"line":39,"column":83}},"25":{"start":{"line":42,"column":0},"end":{"line":48,"column":2}}},"fnMap":{"0":{"name":"(anonymous_0)","decl":{"start":{"line":5,"column":18},"end":{"line":5,"column":19}},"loc":{"start":{"line":5,"column":38},"end":{"line":10,"column":1}},"line":5},"1":{"name":"(anonymous_1)","decl":{"start":{"line":12,"column":21},"end":{"line":12,"column":22}},"loc":{"start":{"line":12,"column":41},"end":{"line":15,"column":1}},"line":12},"2":{"name":"(anonymous_2)","decl":{"start":{"line":17,"column":20},"end":{"line":17,"column":21}},"loc":{"start":{"line":17,"column":40},"end":{"line":27,"column":1}},"line":17},"3":{"name":"(anonymous_3)","decl":{"start":{"line":29,"column":26},"end":{"line":29,"column":27}},"loc":{"start":{"line":29,"column":46},"end":{"line":33,"column":1}},"line":29},"4":{"name":"(anonymous_4)","decl":{"start":{"line":35,"column":24},"end":{"line":35,"column":25}},"loc":{"start":{"line":35,"column":44},"end":{"line":40,"column":1}},"line":35}},"branchMap":{"0":{"loc":{"start":{"line":21,"column":2},"end":{"line":23,"column":3}},"type":"if","locations":[{"start":{"line":21,"column":2},"end":{"line":23,"column":3}},{"start":{},"end":{}}],"line":21},"1":{"loc":{"start":{"line":21,"column":6},"end":{"line":21,"column":29}},"type":"binary-expr","locations":[{"start":{"line":21,"column":6},"end":{"line":21,"column":14}},{"start":{"line":21,"column":18},"end":{"line":21,"column":29}}],"line":21}},"s":{"0":13,"1":13,"2":13,"3":13,"4":0,"5":0,"6":0,"7":13,"8":0,"9":0,"10":13,"11":4,"12":4,"13":0,"14":4,"15":2,"16":13,"17":1,"18":1,"19":1,"20":13,"21":2,"22":2,"23":2,"24":1,"25":13},"f":{"0":0,"1":0,"2":4,"3":1,"4":2},"b":{"0":[0,4],"1":[4,0]},"_coverageSchema":"1a1c01bbd47fc00a2c39e90264f33305004495a9","hash":"c8f5b5b055a74bc3569d491f6e4810501d4fe678"}
,"C:\\Hoc\\New folder\\CauLongVui\\BE\\src\\controllers\\payment.controller.js": {"path":"C:\\Hoc\\New folder\\CauLongVui\\BE\\src\\controllers\\payment.controller.js","statementMap":{"0":{"start":{"line":1,"column":23},"end":{"line":1,"column":61}},"1":{"start":{"line":2,"column":25},"end":{"line":2,"column":53}},"2":{"start":{"line":3,"column":23},"end":{"line":3,"column":53}},"3":{"start":{"line":5,"column":22},"end":{"line":9,"column":1}},"4":{"start":{"line":6,"column":17},"end":{"line":6,"column":28}},"5":{"start":{"line":7,"column":18},"end":{"line":7,"column":70}},"6":{"start":{"line":8,"column":2},"end":{"line":8,"column":85}},"7":{"start":{"line":11,"column":20},"end":{"line":15,"column":1}},"8":{"start":{"line":12,"column":15},"end":{"line":12,"column":64}},"9":{"start":{"line":13,"column":16},"end":{"line":13,"column":42}},"10":{"start":{"line":14,"column":2},"end":{"line":14,"column":82}},"11":{"start":{"line":17,"column":23},"end":{"line":20,"column":1}},"12":{"start":{"line":18,"column":18},"end":{"line":18,"column":72}},"13":{"start":{"line":19,"column":2},"end":{"line":19,"column":89}},"14":{"start":{"line":22,"column":28},"end":{"line":26,"column":1}},"15":{"start":{"line":23,"column":21},"end":{"line":23,"column":29}},"16":{"start":{"line":24,"column":18},"end":{"line":24,"column":74}},"17":{"start":{"line":25,"column":2},"end":{"line":25,"column":92}},"18":{"start":{"line":30,"column":27},"end":{"line":38,"column":1}},"19":{"start":{"line":31,"column":17},"end":{"line":31,"column":28}},"20":{"start":{"line":32,"column":24},"end":{"line":32,"column":32}},"21":{"start":{"line":33,"column":17},"end":{"line":33,"column":84}},"22":{"start":{"line":34,"column":2},"end":{"line":37,"column":5}},"23":{"start":{"line":40,"column":20},"end":{"line":48,"column":1}},"24":{"start":{"line":41,"column":17},"end":{"line":41,"column":68}},"25":{"start":{"line":43,"column":16},"end":{"line":43,"column":67}},"26":{"start":{"line":44,"column":17},"end":{"line":44,"column":54}},"27":{"start":{"line":45,"column":22},"end":{"line":45,"column":136}},"28":{"start":{"line":47,"column":2},"end":{"line":47,"column":35}},"29":{"start":{"line":50,"column":17},"end":{"line":62,"column":1}},"30":{"start":{"line":51,"column":17},"end":{"line":51,"column":68}},"31":{"start":{"line":52,"column":2},"end":{"line":57,"column":3}},"32":{"start":{"line":53,"column":4},"end":{"line":56,"column":7}},"33":{"start":{"line":58,"column":2},"end":{"line":61,"column":5}},"34":{"start":{"line":66,"column":26},"end":{"line":74,"column":1}},"35":{"start":{"line":67,"column":17},"end":{"line":67,"column":28}},"36":{"start":{"line":68,"column":34},"end":{"line":68,"column":42}},"37":{"start":{"line":69,"column":17},"end":{"line":69,"column":88}},"38":{"start":{"line":70,"column":2},"end":{"line":73,"column":5}},"39":{"start":{"line":76,"column":21},"end":{"line":84,"column":1}},"40":{"start":{"line":77,"column":17},"end":{"line":77,"column":67}},"41":{"start":{"line":79,"column":16},"end":{"line":79,"column":67}},"42":{"start":{"line":80,"column":17},"end":{"line":80,"column":54}},"43":{"start":{"line":81,"column":22},"end":{"line":81,"column":135}},"44":{"start":{"line":83,"column":2},"end":{"line":83,"column":35}},"45":{"start":{"line":86,"column":19},"end":{"line":92,"column":1}},"46":{"start":{"line":87,"column":17},"end":{"line":87,"column":61}},"47":{"start":{"line":88,"column":2},"end":{"line":90,"column":3}},"48":{"start":{"line":89,"column":4},"end":{"line":89,"column":57}},"49":{"start":{"line":91,"column":2},"end":{"line":91,"column":54}},"50":{"start":{"line":94,"column":0},"end":{"line":105,"column":2}}},"fnMap":{"0":{"name":"(anonymous_0)","decl":{"start":{"line":5,"column":22},"end":{"line":5,"column":23}},"loc":{"start":{"line":5,"column":42},"end":{"line":9,"column":1}},"line":5},"1":{"name":"(anonymous_1)","decl":{"start":{"line":11,"column":20},"end":{"line":11,"column":21}},"loc":{"start":{"line":11,"column":40},"end":{"line":15,"column":1}},"line":11},"2":{"name":"(anonymous_2)","decl":{"start":{"line":17,"column":23},"end":{"line":17,"column":24}},"loc":{"start":{"line":17,"column":43},"end":{"line":20,"column":1}},"line":17},"3":{"name":"(anonymous_3)","decl":{"start":{"line":22,"column":28},"end":{"line":22,"column":29}},"loc":{"start":{"line":22,"column":48},"end":{"line":26,"column":1}},"line":22},"4":{"name":"(anonymous_4)","decl":{"start":{"line":30,"column":27},"end":{"line":30,"column":28}},"loc":{"start":{"line":30,"column":47},"end":{"line":38,"column":1}},"line":30},"5":{"name":"(anonymous_5)","decl":{"start":{"line":40,"column":20},"end":{"line":40,"column":21}},"loc":{"start":{"line":40,"column":40},"end":{"line":48,"column":1}},"line":40},"6":{"name":"(anonymous_6)","decl":{"start":{"line":50,"column":17},"end":{"line":50,"column":18}},"loc":{"start":{"line":50,"column":37},"end":{"line":62,"column":1}},"line":50},"7":{"name":"(anonymous_7)","decl":{"start":{"line":66,"column":26},"end":{"line":66,"column":27}},"loc":{"start":{"line":66,"column":46},"end":{"line":74,"column":1}},"line":66},"8":{"name":"(anonymous_8)","decl":{"start":{"line":76,"column":21},"end":{"line":76,"column":22}},"loc":{"start":{"line":76,"column":41},"end":{"line":84,"column":1}},"line":76},"9":{"name":"(anonymous_9)","decl":{"start":{"line":86,"column":19},"end":{"line":86,"column":20}},"loc":{"start":{"line":86,"column":39},"end":{"line":92,"column":1}},"line":86}},"branchMap":{"0":{"loc":{"start":{"line":43,"column":16},"end":{"line":43,"column":67}},"type":"binary-expr","locations":[{"start":{"line":43,"column":16},"end":{"line":43,"column":40}},{"start":{"line":43,"column":44},"end":{"line":43,"column":67}}],"line":43},"1":{"loc":{"start":{"line":44,"column":17},"end":{"line":44,"column":54}},"type":"cond-expr","locations":[{"start":{"line":44,"column":36},"end":{"line":44,"column":45}},{"start":{"line":44,"column":48},"end":{"line":44,"column":54}}],"line":44},"2":{"loc":{"start":{"line":45,"column":82},"end":{"line":45,"column":104}},"type":"binary-expr","locations":[{"start":{"line":45,"column":82},"end":{"line":45,"column":98}},{"start":{"line":45,"column":102},"end":{"line":45,"column":104}}],"line":45},"3":{"loc":{"start":{"line":45,"column":115},"end":{"line":45,"column":134}},"type":"binary-expr","locations":[{"start":{"line":45,"column":115},"end":{"line":45,"column":128}},{"start":{"line":45,"column":132},"end":{"line":45,"column":134}}],"line":45},"4":{"loc":{"start":{"line":52,"column":2},"end":{"line":57,"column":3}},"type":"if","locations":[{"start":{"line":52,"column":2},"end":{"line":57,"column":3}},{"start":{},"end":{}}],"line":52},"5":{"loc":{"start":{"line":79,"column":16},"end":{"line":79,"column":67}},"type":"binary-expr","locations":[{"start":{"line":79,"column":16},"end":{"line":79,"column":40}},{"start":{"line":79,"column":44},"end":{"line":79,"column":67}}],"line":79},"6":{"loc":{"start":{"line":80,"column":17},"end":{"line":80,"column":54}},"type":"cond-expr","locations":[{"start":{"line":80,"column":36},"end":{"line":80,"column":45}},{"start":{"line":80,"column":48},"end":{"line":80,"column":54}}],"line":80},"7":{"loc":{"start":{"line":81,"column":81},"end":{"line":81,"column":103}},"type":"binary-expr","locations":[{"start":{"line":81,"column":81},"end":{"line":81,"column":97}},{"start":{"line":81,"column":101},"end":{"line":81,"column":103}}],"line":81},"8":{"loc":{"start":{"line":81,"column":114},"end":{"line":81,"column":133}},"type":"binary-expr","locations":[{"start":{"line":81,"column":114},"end":{"line":81,"column":127}},{"start":{"line":81,"column":131},"end":{"line":81,"column":133}}],"line":81},"9":{"loc":{"start":{"line":88,"column":2},"end":{"line":90,"column":3}},"type":"if","locations":[{"start":{"line":88,"column":2},"end":{"line":90,"column":3}},{"start":{},"end":{}}],"line":88}},"s":{"0":13,"1":13,"2":13,"3":13,"4":0,"5":0,"6":0,"7":13,"8":0,"9":0,"10":0,"11":13,"12":1,"13":0,"14":13,"15":0,"16":0,"17":0,"18":13,"19":1,"20":1,"21":1,"22":1,"23":13,"24":4,"25":4,"26":4,"27":4,"28":4,"29":13,"30":0,"31":0,"32":0,"33":0,"34":13,"35":1,"36":1,"37":1,"38":1,"39":13,"40":0,"41":0,"42":0,"43":0,"44":0,"45":13,"46":3,"47":3,"48":2,"49":1,"50":13},"f":{"0":0,"1":0,"2":1,"3":0,"4":1,"5":4,"6":0,"7":1,"8":0,"9":3},"b":{"0":[4,4],"1":[2,2],"2":[4,0],"3":[4,0],"4":[0,0],"5":[0,0],"6":[0,0],"7":[0,0],"8":[0,0],"9":[2,1]},"_coverageSchema":"1a1c01bbd47fc00a2c39e90264f33305004495a9","hash":"d94728cd94f6cf78912a4856a3451650865f89a9"}
,"C:\\Hoc\\New folder\\CauLongVui\\BE\\src\\controllers\\product.controller.js": {"path":"C:\\Hoc\\New folder\\CauLongVui\\BE\\src\\controllers\\product.controller.js","statementMap":{"0":{"start":{"line":1,"column":23},"end":{"line":1,"column":61}},"1":{"start":{"line":2,"column":25},"end":{"line":2,"column":53}},"2":{"start":{"line":3,"column":23},"end":{"line":3,"column":53}},"3":{"start":{"line":5,"column":20},"end":{"line":9,"column":1}},"4":{"start":{"line":6,"column":15},"end":{"line":6,"column":54}},"5":{"start":{"line":7,"column":16},"end":{"line":7,"column":42}},"6":{"start":{"line":8,"column":2},"end":{"line":8,"column":82}},"7":{"start":{"line":11,"column":23},"end":{"line":14,"column":1}},"8":{"start":{"line":12,"column":18},"end":{"line":12,"column":62}},"9":{"start":{"line":13,"column":2},"end":{"line":13,"column":89}},"10":{"start":{"line":16,"column":22},"end":{"line":23,"column":1}},"11":{"start":{"line":17,"column":22},"end":{"line":17,"column":30}},"12":{"start":{"line":18,"column":2},"end":{"line":20,"column":3}},"13":{"start":{"line":19,"column":4},"end":{"line":19,"column":63}},"14":{"start":{"line":21,"column":18},"end":{"line":21,"column":58}},"15":{"start":{"line":22,"column":2},"end":{"line":22,"column":85}},"16":{"start":{"line":25,"column":22},"end":{"line":32,"column":1}},"17":{"start":{"line":26,"column":22},"end":{"line":26,"column":30}},"18":{"start":{"line":27,"column":2},"end":{"line":29,"column":3}},"19":{"start":{"line":28,"column":4},"end":{"line":28,"column":63}},"20":{"start":{"line":30,"column":18},"end":{"line":30,"column":73}},"21":{"start":{"line":31,"column":2},"end":{"line":31,"column":85}},"22":{"start":{"line":34,"column":0},"end":{"line":39,"column":2}}},"fnMap":{"0":{"name":"(anonymous_0)","decl":{"start":{"line":5,"column":20},"end":{"line":5,"column":21}},"loc":{"start":{"line":5,"column":40},"end":{"line":9,"column":1}},"line":5},"1":{"name":"(anonymous_1)","decl":{"start":{"line":11,"column":23},"end":{"line":11,"column":24}},"loc":{"start":{"line":11,"column":43},"end":{"line":14,"column":1}},"line":11},"2":{"name":"(anonymous_2)","decl":{"start":{"line":16,"column":22},"end":{"line":16,"column":23}},"loc":{"start":{"line":16,"column":42},"end":{"line":23,"column":1}},"line":16},"3":{"name":"(anonymous_3)","decl":{"start":{"line":25,"column":22},"end":{"line":25,"column":23}},"loc":{"start":{"line":25,"column":42},"end":{"line":32,"column":1}},"line":25}},"branchMap":{"0":{"loc":{"start":{"line":18,"column":2},"end":{"line":20,"column":3}},"type":"if","locations":[{"start":{"line":18,"column":2},"end":{"line":20,"column":3}},{"start":{},"end":{}}],"line":18},"1":{"loc":{"start":{"line":27,"column":2},"end":{"line":29,"column":3}},"type":"if","locations":[{"start":{"line":27,"column":2},"end":{"line":29,"column":3}},{"start":{},"end":{}}],"line":27}},"s":{"0":13,"1":13,"2":13,"3":13,"4":1,"5":1,"6":1,"7":13,"8":0,"9":0,"10":13,"11":1,"12":1,"13":0,"14":1,"15":1,"16":13,"17":0,"18":0,"19":0,"20":0,"21":0,"22":13},"f":{"0":1,"1":0,"2":1,"3":0},"b":{"0":[0,1],"1":[0,0]},"_coverageSchema":"1a1c01bbd47fc00a2c39e90264f33305004495a9","hash":"a26e9e5a16659d992d2860bf894ad87d79ccab8f"}
,"C:\\Hoc\\New folder\\CauLongVui\\BE\\src\\controllers\\review.controller.js": {"path":"C:\\Hoc\\New folder\\CauLongVui\\BE\\src\\controllers\\review.controller.js","statementMap":{"0":{"start":{"line":1,"column":22},"end":{"line":1,"column":59}},"1":{"start":{"line":2,"column":25},"end":{"line":2,"column":53}},"2":{"start":{"line":3,"column":22},"end":{"line":3,"column":51}},"3":{"start":{"line":5,"column":21},"end":{"line":16,"column":1}},"4":{"start":{"line":8,"column":17},"end":{"line":8,"column":48}},"5":{"start":{"line":10,"column":2},"end":{"line":12,"column":3}},"6":{"start":{"line":11,"column":4},"end":{"line":11,"column":103}},"7":{"start":{"line":14,"column":17},"end":{"line":14,"column":61}},"8":{"start":{"line":15,"column":2},"end":{"line":15,"column":75}},"9":{"start":{"line":18,"column":26},"end":{"line":22,"column":1}},"10":{"start":{"line":19,"column":18},"end":{"line":19,"column":69}},"11":{"start":{"line":20,"column":15},"end":{"line":20,"column":37}},"12":{"start":{"line":21,"column":2},"end":{"line":21,"column":67}},"13":{"start":{"line":24,"column":21},"end":{"line":27,"column":1}},"14":{"start":{"line":25,"column":2},"end":{"line":25,"column":44}},"15":{"start":{"line":26,"column":2},"end":{"line":26,"column":56}},"16":{"start":{"line":29,"column":21},"end":{"line":32,"column":1}},"17":{"start":{"line":30,"column":17},"end":{"line":30,"column":68}},"18":{"start":{"line":31,"column":2},"end":{"line":31,"column":75}},"19":{"start":{"line":34,"column":0},"end":{"line":39,"column":2}}},"fnMap":{"0":{"name":"(anonymous_0)","decl":{"start":{"line":5,"column":21},"end":{"line":5,"column":22}},"loc":{"start":{"line":5,"column":41},"end":{"line":16,"column":1}},"line":5},"1":{"name":"(anonymous_1)","decl":{"start":{"line":18,"column":26},"end":{"line":18,"column":27}},"loc":{"start":{"line":18,"column":46},"end":{"line":22,"column":1}},"line":18},"2":{"name":"(anonymous_2)","decl":{"start":{"line":24,"column":21},"end":{"line":24,"column":22}},"loc":{"start":{"line":24,"column":41},"end":{"line":27,"column":1}},"line":24},"3":{"name":"(anonymous_3)","decl":{"start":{"line":29,"column":21},"end":{"line":29,"column":22}},"loc":{"start":{"line":29,"column":41},"end":{"line":32,"column":1}},"line":29}},"branchMap":{"0":{"loc":{"start":{"line":8,"column":17},"end":{"line":8,"column":48}},"type":"binary-expr","locations":[{"start":{"line":8,"column":17},"end":{"line":8,"column":29}},{"start":{"line":8,"column":33},"end":{"line":8,"column":48}}],"line":8},"1":{"loc":{"start":{"line":10,"column":2},"end":{"line":12,"column":3}},"type":"if","locations":[{"start":{"line":10,"column":2},"end":{"line":12,"column":3}},{"start":{},"end":{}}],"line":10}},"s":{"0":13,"1":13,"2":13,"3":13,"4":1,"5":1,"6":0,"7":1,"8":1,"9":13,"10":1,"11":1,"12":1,"13":13,"14":0,"15":0,"16":13,"17":0,"18":0,"19":13},"f":{"0":1,"1":1,"2":0,"3":0},"b":{"0":[1,0],"1":[0,1]},"_coverageSchema":"1a1c01bbd47fc00a2c39e90264f33305004495a9","hash":"0c05fb2e0e920baf1c5980314aecd41639928a22"}
,"C:\\Hoc\\New folder\\CauLongVui\\BE\\src\\controllers\\role.controller.js": {"path":"C:\\Hoc\\New folder\\CauLongVui\\BE\\src\\controllers\\role.controller.js","statementMap":{"0":{"start":{"line":1,"column":20},"end":{"line":1,"column":55}},"1":{"start":{"line":2,"column":25},"end":{"line":2,"column":53}},"2":{"start":{"line":3,"column":20},"end":{"line":3,"column":47}},"3":{"start":{"line":8,"column":17},"end":{"line":13,"column":1}},"4":{"start":{"line":9,"column":16},"end":{"line":9,"column":43}},"5":{"start":{"line":10,"column":2},"end":{"line":12,"column":5}},"6":{"start":{"line":18,"column":20},"end":{"line":21,"column":1}},"7":{"start":{"line":19,"column":15},"end":{"line":19,"column":56}},"8":{"start":{"line":20,"column":2},"end":{"line":20,"column":73}},"9":{"start":{"line":26,"column":19},"end":{"line":29,"column":1}},"10":{"start":{"line":27,"column":15},"end":{"line":27,"column":49}},"11":{"start":{"line":28,"column":2},"end":{"line":28,"column":76}},"12":{"start":{"line":31,"column":0},"end":{"line":35,"column":2}}},"fnMap":{"0":{"name":"(anonymous_0)","decl":{"start":{"line":8,"column":17},"end":{"line":8,"column":18}},"loc":{"start":{"line":8,"column":37},"end":{"line":13,"column":1}},"line":8},"1":{"name":"(anonymous_1)","decl":{"start":{"line":18,"column":20},"end":{"line":18,"column":21}},"loc":{"start":{"line":18,"column":40},"end":{"line":21,"column":1}},"line":18},"2":{"name":"(anonymous_2)","decl":{"start":{"line":26,"column":19},"end":{"line":26,"column":20}},"loc":{"start":{"line":26,"column":39},"end":{"line":29,"column":1}},"line":26}},"branchMap":{},"s":{"0":13,"1":13,"2":13,"3":13,"4":1,"5":1,"6":13,"7":0,"8":0,"9":13,"10":2,"11":1,"12":13},"f":{"0":1,"1":0,"2":2},"b":{},"_coverageSchema":"1a1c01bbd47fc00a2c39e90264f33305004495a9","hash":"f8133df610a7f7600bcc7ac673c8e4ad3ce86cb8"}
,"C:\\Hoc\\New folder\\CauLongVui\\BE\\src\\controllers\\statistics.controller.js": {"path":"C:\\Hoc\\New folder\\CauLongVui\\BE\\src\\controllers\\statistics.controller.js","statementMap":{"0":{"start":{"line":1,"column":26},"end":{"line":1,"column":67}},"1":{"start":{"line":2,"column":25},"end":{"line":2,"column":53}},"2":{"start":{"line":7,"column":26},"end":{"line":11,"column":1}},"3":{"start":{"line":8,"column":15},"end":{"line":8,"column":57}},"4":{"start":{"line":9,"column":15},"end":{"line":9,"column":62}},"5":{"start":{"line":10,"column":2},"end":{"line":10,"column":76}},"6":{"start":{"line":16,"column":21},"end":{"line":20,"column":1}},"7":{"start":{"line":17,"column":16},"end":{"line":17,"column":36}},"8":{"start":{"line":18,"column":15},"end":{"line":18,"column":58}},"9":{"start":{"line":19,"column":2},"end":{"line":19,"column":70}},"10":{"start":{"line":25,"column":20},"end":{"line":28,"column":1}},"11":{"start":{"line":26,"column":15},"end":{"line":26,"column":52}},"12":{"start":{"line":27,"column":2},"end":{"line":27,"column":68}},"13":{"start":{"line":33,"column":34},"end":{"line":36,"column":1}},"14":{"start":{"line":34,"column":15},"end":{"line":34,"column":66}},"15":{"start":{"line":35,"column":2},"end":{"line":35,"column":85}},"16":{"start":{"line":41,"column":37},"end":{"line":44,"column":1}},"17":{"start":{"line":42,"column":15},"end":{"line":42,"column":69}},"18":{"start":{"line":43,"column":2},"end":{"line":43,"column":87}},"19":{"start":{"line":46,"column":0},"end":{"line":52,"column":2}}},"fnMap":{"0":{"name":"(anonymous_0)","decl":{"start":{"line":7,"column":26},"end":{"line":7,"column":27}},"loc":{"start":{"line":7,"column":46},"end":{"line":11,"column":1}},"line":7},"1":{"name":"(anonymous_1)","decl":{"start":{"line":16,"column":21},"end":{"line":16,"column":22}},"loc":{"start":{"line":16,"column":41},"end":{"line":20,"column":1}},"line":16},"2":{"name":"(anonymous_2)","decl":{"start":{"line":25,"column":20},"end":{"line":25,"column":21}},"loc":{"start":{"line":25,"column":40},"end":{"line":28,"column":1}},"line":25},"3":{"name":"(anonymous_3)","decl":{"start":{"line":33,"column":34},"end":{"line":33,"column":35}},"loc":{"start":{"line":33,"column":54},"end":{"line":36,"column":1}},"line":33},"4":{"name":"(anonymous_4)","decl":{"start":{"line":41,"column":37},"end":{"line":41,"column":38}},"loc":{"start":{"line":41,"column":57},"end":{"line":44,"column":1}},"line":41}},"branchMap":{"0":{"loc":{"start":{"line":8,"column":15},"end":{"line":8,"column":57}},"type":"binary-expr","locations":[{"start":{"line":8,"column":15},"end":{"line":8,"column":29}},{"start":{"line":8,"column":33},"end":{"line":8,"column":57}}],"line":8},"1":{"loc":{"start":{"line":17,"column":16},"end":{"line":17,"column":36}},"type":"binary-expr","locations":[{"start":{"line":17,"column":16},"end":{"line":17,"column":31}},{"start":{"line":17,"column":35},"end":{"line":17,"column":36}}],"line":17}},"s":{"0":13,"1":13,"2":13,"3":0,"4":0,"5":0,"6":13,"7":1,"8":1,"9":1,"10":13,"11":1,"12":1,"13":13,"14":0,"15":0,"16":13,"17":0,"18":0,"19":13},"f":{"0":0,"1":1,"2":1,"3":0,"4":0},"b":{"0":[0,0],"1":[1,1]},"_coverageSchema":"1a1c01bbd47fc00a2c39e90264f33305004495a9","hash":"2da2a702a5b5ec051676ca9798dde70f60552bd1"}
,"C:\\Hoc\\New folder\\CauLongVui\\BE\\src\\controllers\\time-slot.controller.js": {"path":"C:\\Hoc\\New folder\\CauLongVui\\BE\\src\\controllers\\time-slot.controller.js","statementMap":{"0":{"start":{"line":1,"column":24},"end":{"line":1,"column":64}},"1":{"start":{"line":2,"column":25},"end":{"line":2,"column":53}},"2":{"start":{"line":4,"column":21},"end":{"line":7,"column":1}},"3":{"start":{"line":5,"column":15},"end":{"line":5,"column":46}},"4":{"start":{"line":6,"column":2},"end":{"line":6,"column":70}},"5":{"start":{"line":9,"column":24},"end":{"line":12,"column":1}},"6":{"start":{"line":10,"column":15},"end":{"line":10,"column":60}},"7":{"start":{"line":11,"column":2},"end":{"line":11,"column":76}},"8":{"start":{"line":14,"column":23},"end":{"line":17,"column":1}},"9":{"start":{"line":15,"column":15},"end":{"line":15,"column":53}},"10":{"start":{"line":16,"column":2},"end":{"line":16,"column":72}},"11":{"start":{"line":19,"column":23},"end":{"line":22,"column":1}},"12":{"start":{"line":20,"column":15},"end":{"line":20,"column":68}},"13":{"start":{"line":21,"column":2},"end":{"line":21,"column":72}},"14":{"start":{"line":24,"column":23},"end":{"line":27,"column":1}},"15":{"start":{"line":25,"column":2},"end":{"line":25,"column":46}},"16":{"start":{"line":26,"column":2},"end":{"line":26,"column":66}},"17":{"start":{"line":29,"column":0},"end":{"line":35,"column":2}}},"fnMap":{"0":{"name":"(anonymous_0)","decl":{"start":{"line":4,"column":21},"end":{"line":4,"column":22}},"loc":{"start":{"line":4,"column":41},"end":{"line":7,"column":1}},"line":4},"1":{"name":"(anonymous_1)","decl":{"start":{"line":9,"column":24},"end":{"line":9,"column":25}},"loc":{"start":{"line":9,"column":44},"end":{"line":12,"column":1}},"line":9},"2":{"name":"(anonymous_2)","decl":{"start":{"line":14,"column":23},"end":{"line":14,"column":24}},"loc":{"start":{"line":14,"column":43},"end":{"line":17,"column":1}},"line":14},"3":{"name":"(anonymous_3)","decl":{"start":{"line":19,"column":23},"end":{"line":19,"column":24}},"loc":{"start":{"line":19,"column":43},"end":{"line":22,"column":1}},"line":19},"4":{"name":"(anonymous_4)","decl":{"start":{"line":24,"column":23},"end":{"line":24,"column":24}},"loc":{"start":{"line":24,"column":43},"end":{"line":27,"column":1}},"line":24}},"branchMap":{},"s":{"0":13,"1":13,"2":13,"3":1,"4":1,"5":13,"6":0,"7":0,"8":13,"9":1,"10":1,"11":13,"12":0,"13":0,"14":13,"15":0,"16":0,"17":13},"f":{"0":1,"1":0,"2":1,"3":0,"4":0},"b":{},"_coverageSchema":"1a1c01bbd47fc00a2c39e90264f33305004495a9","hash":"383b2c874ffc94f0921c0cc6e4ca752f3a7f15d5"}
,"C:\\Hoc\\New folder\\CauLongVui\\BE\\src\\controllers\\user.controller.js": {"path":"C:\\Hoc\\New folder\\CauLongVui\\BE\\src\\controllers\\user.controller.js","statementMap":{"0":{"start":{"line":1,"column":20},"end":{"line":1,"column":55}},"1":{"start":{"line":2,"column":25},"end":{"line":2,"column":53}},"2":{"start":{"line":3,"column":20},"end":{"line":3,"column":47}},"3":{"start":{"line":5,"column":19},"end":{"line":9,"column":1}},"4":{"start":{"line":6,"column":15},"end":{"line":6,"column":49}},"5":{"start":{"line":7,"column":15},"end":{"line":7,"column":28}},"6":{"start":{"line":8,"column":2},"end":{"line":8,"column":73}},"7":{"start":{"line":11,"column":17},"end":{"line":15,"column":1}},"8":{"start":{"line":12,"column":15},"end":{"line":12,"column":51}},"9":{"start":{"line":13,"column":16},"end":{"line":13,"column":39}},"10":{"start":{"line":14,"column":2},"end":{"line":14,"column":86}},"11":{"start":{"line":17,"column":20},"end":{"line":20,"column":1}},"12":{"start":{"line":18,"column":15},"end":{"line":18,"column":56}},"13":{"start":{"line":19,"column":2},"end":{"line":19,"column":80}},"14":{"start":{"line":22,"column":19},"end":{"line":25,"column":1}},"15":{"start":{"line":23,"column":15},"end":{"line":23,"column":64}},"16":{"start":{"line":24,"column":2},"end":{"line":24,"column":76}},"17":{"start":{"line":27,"column":19},"end":{"line":30,"column":1}},"18":{"start":{"line":28,"column":2},"end":{"line":28,"column":42}},"19":{"start":{"line":29,"column":2},"end":{"line":29,"column":61}},"20":{"start":{"line":32,"column":0},"end":{"line":38,"column":2}}},"fnMap":{"0":{"name":"(anonymous_0)","decl":{"start":{"line":5,"column":19},"end":{"line":5,"column":20}},"loc":{"start":{"line":5,"column":39},"end":{"line":9,"column":1}},"line":5},"1":{"name":"(anonymous_1)","decl":{"start":{"line":11,"column":17},"end":{"line":11,"column":18}},"loc":{"start":{"line":11,"column":37},"end":{"line":15,"column":1}},"line":11},"2":{"name":"(anonymous_2)","decl":{"start":{"line":17,"column":20},"end":{"line":17,"column":21}},"loc":{"start":{"line":17,"column":40},"end":{"line":20,"column":1}},"line":17},"3":{"name":"(anonymous_3)","decl":{"start":{"line":22,"column":19},"end":{"line":22,"column":20}},"loc":{"start":{"line":22,"column":39},"end":{"line":25,"column":1}},"line":22},"4":{"name":"(anonymous_4)","decl":{"start":{"line":27,"column":19},"end":{"line":27,"column":20}},"loc":{"start":{"line":27,"column":39},"end":{"line":30,"column":1}},"line":27}},"branchMap":{},"s":{"0":13,"1":13,"2":13,"3":13,"4":0,"5":0,"6":0,"7":13,"8":1,"9":1,"10":1,"11":13,"12":2,"13":1,"14":13,"15":2,"16":1,"17":13,"18":2,"19":1,"20":13},"f":{"0":0,"1":1,"2":2,"3":2,"4":2},"b":{},"_coverageSchema":"1a1c01bbd47fc00a2c39e90264f33305004495a9","hash":"4f03c51fb8a0bc511bfbff5cafa29db9523ed79e"}
,"C:\\Hoc\\New folder\\CauLongVui\\BE\\src\\controllers\\voucher.controller.js": {"path":"C:\\Hoc\\New folder\\CauLongVui\\BE\\src\\controllers\\voucher.controller.js","statementMap":{"0":{"start":{"line":1,"column":23},"end":{"line":1,"column":61}},"1":{"start":{"line":2,"column":25},"end":{"line":2,"column":53}},"2":{"start":{"line":3,"column":23},"end":{"line":3,"column":53}},"3":{"start":{"line":5,"column":20},"end":{"line":9,"column":1}},"4":{"start":{"line":6,"column":15},"end":{"line":6,"column":54}},"5":{"start":{"line":7,"column":16},"end":{"line":7,"column":42}},"6":{"start":{"line":8,"column":2},"end":{"line":8,"column":82}},"7":{"start":{"line":11,"column":23},"end":{"line":14,"column":1}},"8":{"start":{"line":12,"column":18},"end":{"line":12,"column":62}},"9":{"start":{"line":13,"column":2},"end":{"line":13,"column":89}},"10":{"start":{"line":16,"column":22},"end":{"line":19,"column":1}},"11":{"start":{"line":17,"column":18},"end":{"line":17,"column":55}},"12":{"start":{"line":18,"column":2},"end":{"line":18,"column":85}},"13":{"start":{"line":21,"column":22},"end":{"line":24,"column":1}},"14":{"start":{"line":22,"column":18},"end":{"line":22,"column":70}},"15":{"start":{"line":23,"column":2},"end":{"line":23,"column":85}},"16":{"start":{"line":26,"column":22},"end":{"line":29,"column":1}},"17":{"start":{"line":27,"column":2},"end":{"line":27,"column":45}},"18":{"start":{"line":28,"column":2},"end":{"line":28,"column":64}},"19":{"start":{"line":31,"column":0},"end":{"line":37,"column":2}}},"fnMap":{"0":{"name":"(anonymous_0)","decl":{"start":{"line":5,"column":20},"end":{"line":5,"column":21}},"loc":{"start":{"line":5,"column":40},"end":{"line":9,"column":1}},"line":5},"1":{"name":"(anonymous_1)","decl":{"start":{"line":11,"column":23},"end":{"line":11,"column":24}},"loc":{"start":{"line":11,"column":43},"end":{"line":14,"column":1}},"line":11},"2":{"name":"(anonymous_2)","decl":{"start":{"line":16,"column":22},"end":{"line":16,"column":23}},"loc":{"start":{"line":16,"column":42},"end":{"line":19,"column":1}},"line":16},"3":{"name":"(anonymous_3)","decl":{"start":{"line":21,"column":22},"end":{"line":21,"column":23}},"loc":{"start":{"line":21,"column":42},"end":{"line":24,"column":1}},"line":21},"4":{"name":"(anonymous_4)","decl":{"start":{"line":26,"column":22},"end":{"line":26,"column":23}},"loc":{"start":{"line":26,"column":42},"end":{"line":29,"column":1}},"line":26}},"branchMap":{},"s":{"0":13,"1":13,"2":13,"3":13,"4":1,"5":1,"6":1,"7":13,"8":0,"9":0,"10":13,"11":1,"12":1,"13":13,"14":0,"15":0,"16":13,"17":0,"18":0,"19":13},"f":{"0":1,"1":0,"2":1,"3":0,"4":0},"b":{},"_coverageSchema":"1a1c01bbd47fc00a2c39e90264f33305004495a9","hash":"3c0da8663dae001b4fc2f5be4ee60fba250d115b"}
,"C:\\Hoc\\New folder\\CauLongVui\\BE\\src\\dtos\\booking-exchange.dto.js": {"path":"C:\\Hoc\\New folder\\CauLongVui\\BE\\src\\dtos\\booking-exchange.dto.js","statementMap":{"0":{"start":{"line":6,"column":27},"end":{"line":19,"column":1}},"1":{"start":{"line":7,"column":2},"end":{"line":7,"column":29}},"2":{"start":{"line":7,"column":17},"end":{"line":7,"column":29}},"3":{"start":{"line":8,"column":2},"end":{"line":18,"column":4}},"4":{"start":{"line":21,"column":0},"end":{"line":23,"column":2}}},"fnMap":{"0":{"name":"(anonymous_0)","decl":{"start":{"line":6,"column":27},"end":{"line":6,"column":28}},"loc":{"start":{"line":6,"column":41},"end":{"line":19,"column":1}},"line":6}},"branchMap":{"0":{"loc":{"start":{"line":7,"column":2},"end":{"line":7,"column":29}},"type":"if","locations":[{"start":{"line":7,"column":2},"end":{"line":7,"column":29}},{"start":{},"end":{}}],"line":7}},"s":{"0":13,"1":5,"2":0,"3":5,"4":13},"f":{"0":5},"b":{"0":[0,5]},"_coverageSchema":"1a1c01bbd47fc00a2c39e90264f33305004495a9","hash":"ca6e1e921a62e8f74a6a6e937acff6954246d01e"}
,"C:\\Hoc\\New folder\\CauLongVui\\BE\\src\\dtos\\booking.dto.js": {"path":"C:\\Hoc\\New folder\\CauLongVui\\BE\\src\\dtos\\booking.dto.js","statementMap":{"0":{"start":{"line":6,"column":19},"end":{"line":20,"column":1}},"1":{"start":{"line":7,"column":2},"end":{"line":7,"column":28}},"2":{"start":{"line":7,"column":16},"end":{"line":7,"column":28}},"3":{"start":{"line":8,"column":2},"end":{"line":19,"column":4}},"4":{"start":{"line":22,"column":0},"end":{"line":24,"column":2}}},"fnMap":{"0":{"name":"(anonymous_0)","decl":{"start":{"line":6,"column":19},"end":{"line":6,"column":20}},"loc":{"start":{"line":6,"column":32},"end":{"line":20,"column":1}},"line":6}},"branchMap":{"0":{"loc":{"start":{"line":7,"column":2},"end":{"line":7,"column":28}},"type":"if","locations":[{"start":{"line":7,"column":2},"end":{"line":7,"column":28}},{"start":{},"end":{}}],"line":7}},"s":{"0":13,"1":8,"2":0,"3":8,"4":13},"f":{"0":8},"b":{"0":[0,8]},"_coverageSchema":"1a1c01bbd47fc00a2c39e90264f33305004495a9","hash":"ee8a9c88aecad3ea9c0c3c7bad68063d8126ba55"}
,"C:\\Hoc\\New folder\\CauLongVui\\BE\\src\\dtos\\court.dto.js": {"path":"C:\\Hoc\\New folder\\CauLongVui\\BE\\src\\dtos\\court.dto.js","statementMap":{"0":{"start":{"line":6,"column":17},"end":{"line":16,"column":1}},"1":{"start":{"line":7,"column":2},"end":{"line":7,"column":26}},"2":{"start":{"line":7,"column":14},"end":{"line":7,"column":26}},"3":{"start":{"line":8,"column":2},"end":{"line":15,"column":4}},"4":{"start":{"line":18,"column":0},"end":{"line":20,"column":2}}},"fnMap":{"0":{"name":"(anonymous_0)","decl":{"start":{"line":6,"column":17},"end":{"line":6,"column":18}},"loc":{"start":{"line":6,"column":28},"end":{"line":16,"column":1}},"line":6}},"branchMap":{"0":{"loc":{"start":{"line":7,"column":2},"end":{"line":7,"column":26}},"type":"if","locations":[{"start":{"line":7,"column":2},"end":{"line":7,"column":26}},{"start":{},"end":{}}],"line":7},"1":{"loc":{"start":{"line":12,"column":14},"end":{"line":12,"column":122}},"type":"binary-expr","locations":[{"start":{"line":12,"column":14},"end":{"line":12,"column":28}},{"start":{"line":12,"column":33},"end":{"line":12,"column":121}}],"line":12},"2":{"loc":{"start":{"line":12,"column":33},"end":{"line":12,"column":121}},"type":"cond-expr","locations":[{"start":{"line":12,"column":75},"end":{"line":12,"column":90}},{"start":{"line":12,"column":93},"end":{"line":12,"column":121}}],"line":12},"3":{"loc":{"start":{"line":12,"column":33},"end":{"line":12,"column":72}},"type":"binary-expr","locations":[{"start":{"line":12,"column":33},"end":{"line":12,"column":45}},{"start":{"line":12,"column":49},"end":{"line":12,"column":72}}],"line":12},"4":{"loc":{"start":{"line":13,"column":12},"end":{"line":13,"column":101}},"type":"cond-expr","locations":[{"start":{"line":13,"column":56},"end":{"line":13,"column":68}},{"start":{"line":13,"column":71},"end":{"line":13,"column":101}}],"line":13},"5":{"loc":{"start":{"line":13,"column":13},"end":{"line":13,"column":52}},"type":"binary-expr","locations":[{"start":{"line":13,"column":13},"end":{"line":13,"column":25}},{"start":{"line":13,"column":29},"end":{"line":13,"column":52}}],"line":13}},"s":{"0":13,"1":3,"2":0,"3":3,"4":13},"f":{"0":3},"b":{"0":[0,3],"1":[3,3],"2":[0,3],"3":[3,3],"4":[0,3],"5":[3,3]},"_coverageSchema":"1a1c01bbd47fc00a2c39e90264f33305004495a9","hash":"b7e35506a8e2fe500210071437780a4d1c934a6b"}
,"C:\\Hoc\\New folder\\CauLongVui\\BE\\src\\dtos\\order.dto.js": {"path":"C:\\Hoc\\New folder\\CauLongVui\\BE\\src\\dtos\\order.dto.js","statementMap":{"0":{"start":{"line":1,"column":17},"end":{"line":20,"column":1}},"1":{"start":{"line":2,"column":2},"end":{"line":19,"column":4}},"2":{"start":{"line":8,"column":36},"end":{"line":14,"column":5}},"3":{"start":{"line":22,"column":0},"end":{"line":24,"column":2}}},"fnMap":{"0":{"name":"(anonymous_0)","decl":{"start":{"line":1,"column":17},"end":{"line":1,"column":18}},"loc":{"start":{"line":1,"column":28},"end":{"line":20,"column":1}},"line":1},"1":{"name":"(anonymous_1)","decl":{"start":{"line":8,"column":27},"end":{"line":8,"column":28}},"loc":{"start":{"line":8,"column":36},"end":{"line":14,"column":5}},"line":8}},"branchMap":{},"s":{"0":13,"1":4,"2":4,"3":13},"f":{"0":4,"1":4},"b":{},"_coverageSchema":"1a1c01bbd47fc00a2c39e90264f33305004495a9","hash":"b2980fd68817e417c914528065e9fc4fe8183cb1"}
,"C:\\Hoc\\New folder\\CauLongVui\\BE\\src\\dtos\\payment.dto.js": {"path":"C:\\Hoc\\New folder\\CauLongVui\\BE\\src\\dtos\\payment.dto.js","statementMap":{"0":{"start":{"line":6,"column":19},"end":{"line":18,"column":1}},"1":{"start":{"line":7,"column":2},"end":{"line":7,"column":28}},"2":{"start":{"line":7,"column":16},"end":{"line":7,"column":28}},"3":{"start":{"line":8,"column":2},"end":{"line":17,"column":4}},"4":{"start":{"line":20,"column":0},"end":{"line":22,"column":2}}},"fnMap":{"0":{"name":"(anonymous_0)","decl":{"start":{"line":6,"column":19},"end":{"line":6,"column":20}},"loc":{"start":{"line":6,"column":32},"end":{"line":18,"column":1}},"line":6}},"branchMap":{"0":{"loc":{"start":{"line":7,"column":2},"end":{"line":7,"column":28}},"type":"if","locations":[{"start":{"line":7,"column":2},"end":{"line":7,"column":28}},{"start":{},"end":{}}],"line":7}},"s":{"0":13,"1":0,"2":0,"3":0,"4":13},"f":{"0":0},"b":{"0":[0,0]},"_coverageSchema":"1a1c01bbd47fc00a2c39e90264f33305004495a9","hash":"c9d4da782d7350608e0a0d216a679ac31ca3a4b0"}
,"C:\\Hoc\\New folder\\CauLongVui\\BE\\src\\dtos\\product.dto.js": {"path":"C:\\Hoc\\New folder\\CauLongVui\\BE\\src\\dtos\\product.dto.js","statementMap":{"0":{"start":{"line":1,"column":19},"end":{"line":13,"column":1}},"1":{"start":{"line":2,"column":2},"end":{"line":12,"column":4}},"2":{"start":{"line":15,"column":0},"end":{"line":17,"column":2}}},"fnMap":{"0":{"name":"(anonymous_0)","decl":{"start":{"line":1,"column":19},"end":{"line":1,"column":20}},"loc":{"start":{"line":1,"column":32},"end":{"line":13,"column":1}},"line":1}},"branchMap":{},"s":{"0":13,"1":2,"2":13},"f":{"0":2},"b":{},"_coverageSchema":"1a1c01bbd47fc00a2c39e90264f33305004495a9","hash":"5edd48e10f32768bce8dcca87d35318a8c5e25f5"}
,"C:\\Hoc\\New folder\\CauLongVui\\BE\\src\\dtos\\review.dto.js": {"path":"C:\\Hoc\\New folder\\CauLongVui\\BE\\src\\dtos\\review.dto.js","statementMap":{"0":{"start":{"line":6,"column":18},"end":{"line":17,"column":1}},"1":{"start":{"line":7,"column":2},"end":{"line":7,"column":27}},"2":{"start":{"line":7,"column":15},"end":{"line":7,"column":27}},"3":{"start":{"line":8,"column":2},"end":{"line":16,"column":4}},"4":{"start":{"line":19,"column":0},"end":{"line":21,"column":2}}},"fnMap":{"0":{"name":"(anonymous_0)","decl":{"start":{"line":6,"column":18},"end":{"line":6,"column":19}},"loc":{"start":{"line":6,"column":30},"end":{"line":17,"column":1}},"line":6}},"branchMap":{"0":{"loc":{"start":{"line":7,"column":2},"end":{"line":7,"column":27}},"type":"if","locations":[{"start":{"line":7,"column":2},"end":{"line":7,"column":27}},{"start":{},"end":{}}],"line":7}},"s":{"0":13,"1":2,"2":0,"3":2,"4":13},"f":{"0":2},"b":{"0":[0,2]},"_coverageSchema":"1a1c01bbd47fc00a2c39e90264f33305004495a9","hash":"0e560fdfb286073d5e8ab117aba490d71992a1d6"}
,"C:\\Hoc\\New folder\\CauLongVui\\BE\\src\\dtos\\role.dto.js": {"path":"C:\\Hoc\\New folder\\CauLongVui\\BE\\src\\dtos\\role.dto.js","statementMap":{"0":{"start":{"line":6,"column":16},"end":{"line":13,"column":1}},"1":{"start":{"line":7,"column":2},"end":{"line":7,"column":25}},"2":{"start":{"line":7,"column":13},"end":{"line":7,"column":25}},"3":{"start":{"line":8,"column":2},"end":{"line":12,"column":4}},"4":{"start":{"line":15,"column":0},"end":{"line":17,"column":2}}},"fnMap":{"0":{"name":"(anonymous_0)","decl":{"start":{"line":6,"column":16},"end":{"line":6,"column":17}},"loc":{"start":{"line":6,"column":26},"end":{"line":13,"column":1}},"line":6}},"branchMap":{"0":{"loc":{"start":{"line":7,"column":2},"end":{"line":7,"column":25}},"type":"if","locations":[{"start":{"line":7,"column":2},"end":{"line":7,"column":25}},{"start":{},"end":{}}],"line":7}},"s":{"0":13,"1":3,"2":0,"3":3,"4":13},"f":{"0":3},"b":{"0":[0,3]},"_coverageSchema":"1a1c01bbd47fc00a2c39e90264f33305004495a9","hash":"5766df3c94a15523ba1560f0c7eb3084b91d4062"}
,"C:\\Hoc\\New folder\\CauLongVui\\BE\\src\\dtos\\user.dto.js": {"path":"C:\\Hoc\\New folder\\CauLongVui\\BE\\src\\dtos\\user.dto.js","statementMap":{"0":{"start":{"line":6,"column":16},"end":{"line":18,"column":1}},"1":{"start":{"line":7,"column":2},"end":{"line":7,"column":25}},"2":{"start":{"line":7,"column":13},"end":{"line":7,"column":25}},"3":{"start":{"line":8,"column":2},"end":{"line":17,"column":4}},"4":{"start":{"line":20,"column":0},"end":{"line":22,"column":2}}},"fnMap":{"0":{"name":"(anonymous_0)","decl":{"start":{"line":6,"column":16},"end":{"line":6,"column":17}},"loc":{"start":{"line":6,"column":26},"end":{"line":18,"column":1}},"line":6}},"branchMap":{"0":{"loc":{"start":{"line":7,"column":2},"end":{"line":7,"column":25}},"type":"if","locations":[{"start":{"line":7,"column":2},"end":{"line":7,"column":25}},{"start":{},"end":{}}],"line":7},"1":{"loc":{"start":{"line":14,"column":12},"end":{"line":14,"column":55}},"type":"binary-expr","locations":[{"start":{"line":14,"column":12},"end":{"line":14,"column":23}},{"start":{"line":14,"column":27},"end":{"line":14,"column":55}}],"line":14},"2":{"loc":{"start":{"line":15,"column":13},"end":{"line":15,"column":30}},"type":"binary-expr","locations":[{"start":{"line":15,"column":13},"end":{"line":15,"column":25}},{"start":{"line":15,"column":29},"end":{"line":15,"column":30}}],"line":15}},"s":{"0":13,"1":161,"2":0,"3":161,"4":13},"f":{"0":161},"b":{"0":[0,161],"1":[161,0],"2":[161,161]},"_coverageSchema":"1a1c01bbd47fc00a2c39e90264f33305004495a9","hash":"d0087b053d1fd1fcac7dac4d706789fedc5f1afa"}
,"C:\\Hoc\\New folder\\CauLongVui\\BE\\src\\dtos\\voucher.dto.js": {"path":"C:\\Hoc\\New folder\\CauLongVui\\BE\\src\\dtos\\voucher.dto.js","statementMap":{"0":{"start":{"line":6,"column":19},"end":{"line":23,"column":1}},"1":{"start":{"line":7,"column":2},"end":{"line":7,"column":28}},"2":{"start":{"line":7,"column":16},"end":{"line":7,"column":28}},"3":{"start":{"line":8,"column":2},"end":{"line":22,"column":4}},"4":{"start":{"line":25,"column":0},"end":{"line":27,"column":2}}},"fnMap":{"0":{"name":"(anonymous_0)","decl":{"start":{"line":6,"column":19},"end":{"line":6,"column":20}},"loc":{"start":{"line":6,"column":32},"end":{"line":23,"column":1}},"line":6}},"branchMap":{"0":{"loc":{"start":{"line":7,"column":2},"end":{"line":7,"column":28}},"type":"if","locations":[{"start":{"line":7,"column":2},"end":{"line":7,"column":28}},{"start":{},"end":{}}],"line":7}},"s":{"0":13,"1":2,"2":0,"3":2,"4":13},"f":{"0":2},"b":{"0":[0,2]},"_coverageSchema":"1a1c01bbd47fc00a2c39e90264f33305004495a9","hash":"a7f6643cb42e9d99f7490459f8235e72911d794a"}
,"C:\\Hoc\\New folder\\CauLongVui\\BE\\src\\exceptions\\ApiError.js": {"path":"C:\\Hoc\\New folder\\CauLongVui\\BE\\src\\exceptions\\ApiError.js","statementMap":{"0":{"start":{"line":3,"column":4},"end":{"line":3,"column":19}},"1":{"start":{"line":4,"column":4},"end":{"line":4,"column":33}},"2":{"start":{"line":8,"column":0},"end":{"line":8,"column":30}}},"fnMap":{"0":{"name":"(anonymous_0)","decl":{"start":{"line":2,"column":2},"end":{"line":2,"column":3}},"loc":{"start":{"line":2,"column":35},"end":{"line":5,"column":3}},"line":2}},"branchMap":{},"s":{"0":59,"1":59,"2":21},"f":{"0":59},"b":{},"_coverageSchema":"1a1c01bbd47fc00a2c39e90264f33305004495a9","hash":"c9cc274ae2192298ccc9f4157f5c427778870a2a"}
,"C:\\Hoc\\New folder\\CauLongVui\\BE\\src\\exceptions\\BadRequestError.js": {"path":"C:\\Hoc\\New folder\\CauLongVui\\BE\\src\\exceptions\\BadRequestError.js","statementMap":{"0":{"start":{"line":1,"column":21},"end":{"line":1,"column":42}},"1":{"start":{"line":5,"column":4},"end":{"line":5,"column":24}},"2":{"start":{"line":9,"column":0},"end":{"line":9,"column":37}}},"fnMap":{"0":{"name":"(anonymous_0)","decl":{"start":{"line":4,"column":2},"end":{"line":4,"column":3}},"loc":{"start":{"line":4,"column":39},"end":{"line":6,"column":3}},"line":4}},"branchMap":{"0":{"loc":{"start":{"line":4,"column":14},"end":{"line":4,"column":37}},"type":"default-arg","locations":[{"start":{"line":4,"column":24},"end":{"line":4,"column":37}}],"line":4}},"s":{"0":19,"1":40,"2":19},"f":{"0":40},"b":{"0":[0]},"_coverageSchema":"1a1c01bbd47fc00a2c39e90264f33305004495a9","hash":"3e8799b1066c02be1cfa96ce90f287e8e57a9345"}
,"C:\\Hoc\\New folder\\CauLongVui\\BE\\src\\exceptions\\ForbiddenError.js": {"path":"C:\\Hoc\\New folder\\CauLongVui\\BE\\src\\exceptions\\ForbiddenError.js","statementMap":{"0":{"start":{"line":1,"column":21},"end":{"line":1,"column":42}},"1":{"start":{"line":5,"column":4},"end":{"line":5,"column":24}},"2":{"start":{"line":9,"column":0},"end":{"line":9,"column":36}}},"fnMap":{"0":{"name":"(anonymous_0)","decl":{"start":{"line":4,"column":2},"end":{"line":4,"column":3}},"loc":{"start":{"line":4,"column":37},"end":{"line":6,"column":3}},"line":4}},"branchMap":{"0":{"loc":{"start":{"line":4,"column":14},"end":{"line":4,"column":35}},"type":"default-arg","locations":[{"start":{"line":4,"column":24},"end":{"line":4,"column":35}}],"line":4}},"s":{"0":15,"1":2,"2":15},"f":{"0":2},"b":{"0":[0]},"_coverageSchema":"1a1c01bbd47fc00a2c39e90264f33305004495a9","hash":"0deb705f57c5702d391138fc61967491439be172"}
,"C:\\Hoc\\New folder\\CauLongVui\\BE\\src\\exceptions\\NotFoundError.js": {"path":"C:\\Hoc\\New folder\\CauLongVui\\BE\\src\\exceptions\\NotFoundError.js","statementMap":{"0":{"start":{"line":1,"column":21},"end":{"line":1,"column":42}},"1":{"start":{"line":5,"column":4},"end":{"line":5,"column":24}},"2":{"start":{"line":9,"column":0},"end":{"line":9,"column":35}}},"fnMap":{"0":{"name":"(anonymous_0)","decl":{"start":{"line":4,"column":2},"end":{"line":4,"column":3}},"loc":{"start":{"line":4,"column":37},"end":{"line":6,"column":3}},"line":4}},"branchMap":{"0":{"loc":{"start":{"line":4,"column":14},"end":{"line":4,"column":35}},"type":"default-arg","locations":[{"start":{"line":4,"column":24},"end":{"line":4,"column":35}}],"line":4}},"s":{"0":18,"1":4,"2":18},"f":{"0":4},"b":{"0":[0]},"_coverageSchema":"1a1c01bbd47fc00a2c39e90264f33305004495a9","hash":"7d6a7fe76c438c4181981f82dbbcd16135e6872c"}
,"C:\\Hoc\\New folder\\CauLongVui\\BE\\src\\exceptions\\UnauthorizedError.js": {"path":"C:\\Hoc\\New folder\\CauLongVui\\BE\\src\\exceptions\\UnauthorizedError.js","statementMap":{"0":{"start":{"line":1,"column":21},"end":{"line":1,"column":42}},"1":{"start":{"line":5,"column":4},"end":{"line":5,"column":24}},"2":{"start":{"line":9,"column":0},"end":{"line":9,"column":39}}},"fnMap":{"0":{"name":"(anonymous_0)","decl":{"start":{"line":4,"column":2},"end":{"line":4,"column":3}},"loc":{"start":{"line":4,"column":40},"end":{"line":6,"column":3}},"line":4}},"branchMap":{"0":{"loc":{"start":{"line":4,"column":14},"end":{"line":4,"column":38}},"type":"default-arg","locations":[{"start":{"line":4,"column":24},"end":{"line":4,"column":38}}],"line":4}},"s":{"0":14,"1":13,"2":14},"f":{"0":13},"b":{"0":[0]},"_coverageSchema":"1a1c01bbd47fc00a2c39e90264f33305004495a9","hash":"43d70c71a2f4087480617f2505ae1e75e9d75d89"}
,"C:\\Hoc\\New folder\\CauLongVui\\BE\\src\\middlewares\\auth.middleware.js": {"path":"C:\\Hoc\\New folder\\CauLongVui\\BE\\src\\middlewares\\auth.middleware.js","statementMap":{"0":{"start":{"line":1,"column":12},"end":{"line":1,"column":35}},"1":{"start":{"line":2,"column":12},"end":{"line":2,"column":36}},"2":{"start":{"line":3,"column":30},"end":{"line":3,"column":72}},"3":{"start":{"line":9,"column":23},"end":{"line":38,"column":1}},"4":{"start":{"line":10,"column":2},"end":{"line":37,"column":4}},"5":{"start":{"line":11,"column":4},"end":{"line":36,"column":5}},"6":{"start":{"line":12,"column":24},"end":{"line":12,"column":55}},"7":{"start":{"line":13,"column":24},"end":{"line":13,"column":55}},"8":{"start":{"line":16,"column":6},"end":{"line":19,"column":7}},"9":{"start":{"line":17,"column":8},"end":{"line":17,"column":31}},"10":{"start":{"line":18,"column":8},"end":{"line":18,"column":22}},"11":{"start":{"line":22,"column":6},"end":{"line":24,"column":7}},"12":{"start":{"line":23,"column":8},"end":{"line":23,"column":78}},"13":{"start":{"line":27,"column":6},"end":{"line":30,"column":7}},"14":{"start":{"line":28,"column":8},"end":{"line":28,"column":32}},"15":{"start":{"line":29,"column":8},"end":{"line":29,"column":22}},"16":{"start":{"line":33,"column":6},"end":{"line":33,"column":53}},"17":{"start":{"line":35,"column":6},"end":{"line":35,"column":18}},"18":{"start":{"line":45,"column":20},"end":{"line":74,"column":1}},"19":{"start":{"line":46,"column":2},"end":{"line":73,"column":3}},"20":{"start":{"line":47,"column":23},"end":{"line":47,"column":48}},"21":{"start":{"line":48,"column":4},"end":{"line":50,"column":5}},"22":{"start":{"line":49,"column":6},"end":{"line":49,"column":62}},"23":{"start":{"line":52,"column":18},"end":{"line":52,"column":42}},"24":{"start":{"line":53,"column":4},"end":{"line":55,"column":5}},"25":{"start":{"line":54,"column":6},"end":{"line":54,"column":62}},"26":{"start":{"line":57,"column":20},"end":{"line":57,"column":53}},"27":{"start":{"line":58,"column":4},"end":{"line":62,"column":6}},"28":{"start":{"line":64,"column":4},"end":{"line":64,"column":18}},"29":{"start":{"line":66,"column":4},"end":{"line":68,"column":5}},"30":{"start":{"line":67,"column":6},"end":{"line":67,"column":65}},"31":{"start":{"line":69,"column":4},"end":{"line":71,"column":5}},"32":{"start":{"line":70,"column":6},"end":{"line":70,"column":69}},"33":{"start":{"line":72,"column":4},"end":{"line":72,"column":23}},"34":{"start":{"line":80,"column":22},"end":{"line":103,"column":1}},"35":{"start":{"line":81,"column":2},"end":{"line":100,"column":3}},"36":{"start":{"line":82,"column":23},"end":{"line":82,"column":48}},"37":{"start":{"line":83,"column":4},"end":{"line":85,"column":5}},"38":{"start":{"line":84,"column":6},"end":{"line":84,"column":20}},"39":{"start":{"line":87,"column":18},"end":{"line":87,"column":42}},"40":{"start":{"line":88,"column":4},"end":{"line":90,"column":5}},"41":{"start":{"line":89,"column":6},"end":{"line":89,"column":20}},"42":{"start":{"line":92,"column":20},"end":{"line":92,"column":53}},"43":{"start":{"line":93,"column":4},"end":{"line":97,"column":6}},"44":{"start":{"line":102,"column":2},"end":{"line":102,"column":16}},"45":{"start":{"line":105,"column":0},"end":{"line":105,"column":64}}},"fnMap":{"0":{"name":"(anonymous_0)","decl":{"start":{"line":9,"column":23},"end":{"line":9,"column":24}},"loc":{"start":{"line":9,"column":52},"end":{"line":38,"column":1}},"line":9},"1":{"name":"(anonymous_1)","decl":{"start":{"line":10,"column":9},"end":{"line":10,"column":10}},"loc":{"start":{"line":10,"column":29},"end":{"line":37,"column":3}},"line":10},"2":{"name":"(anonymous_2)","decl":{"start":{"line":45,"column":20},"end":{"line":45,"column":21}},"loc":{"start":{"line":45,"column":40},"end":{"line":74,"column":1}},"line":45},"3":{"name":"(anonymous_3)","decl":{"start":{"line":80,"column":22},"end":{"line":80,"column":23}},"loc":{"start":{"line":80,"column":42},"end":{"line":103,"column":1}},"line":80}},"branchMap":{"0":{"loc":{"start":
[...]
,"C:\\Hoc\\New folder\\CauLongVui\\BE\\src\\utils\\vnpay.lib.js": {"path":"C:\\Hoc\\New folder\\CauLongVui\\BE\\src\\utils\\vnpay.lib.js","statementMap":{"0":{"start":{"line":1,"column":15},"end":{"line":1,"column":32}},"1":{"start":{"line":2,"column":20},"end":{"line":2,"column":33}},"2":{"start":{"line":11,"column":4},"end":{"line":11,"column":34}},"3":{"start":{"line":13,"column":4},"end":{"line":13,"column":35}},"4":{"start":{"line":22,"column":4},"end":{"line":24,"column":5}},"5":{"start":{"line":23,"column":6},"end":{"line":23,"column":40}},"6":{"start":{"line":33,"column":4},"end":{"line":35,"column":5}},"7":{"start":{"line":34,"column":6},"end":{"line":34,"column":41}},"8":{"start":{"line":44,"column":4},"end":{"line":44,"column":45}},"9":{"start":{"line":54,"column":23},"end":{"line":54,"column":59}},"10":{"start":{"line":56,"column":25},"end":{"line":62,"column":16}},"11":{"start":{"line":57,"column":23},"end":{"line":57,"column":49}},"12":{"start":{"line":59,"column":22},"end":{"line":59,"column":48}},"13":{"start":{"line":60,"column":8},"end":{"line":60,"column":73}},"14":{"start":{"line":64,"column":23},"end":{"line":64,"column":72}},"15":{"start":{"line":65,"column":4},"end":{"line":65,"column":69}},"16":{"start":{"line":75,"column":18},"end":{"line":75,"column":36}},"17":{"start":{"line":77,"column":4},"end":{"line":81,"column":5}},"18":{"start":{"line":78,"column":6},"end":{"line":80,"column":7}},"19":{"start":{"line":79,"column":8},"end":{"line":79,"column":42}},"20":{"start":{"line":83,"column":20},"end":{"line":83,"column":55}},"21":{"start":{"line":84,"column":26},"end":{"line":84,"column":68}},"22":{"start":{"line":85,"column":30},"end":{"line":85,"column":71}},"23":{"start":{"line":86,"column":26},"end":{"line":86,"column":52}},"24":{"start":{"line":87,"column":29},"end":{"line":87,"column":67}},"25":{"start":{"line":89,"column":29},"end":{"line":89,"column":79}},"26":{"start":{"line":91,"column":4},"end":{"line":98,"column":6}},"27":{"start":{"line":108,"column":20},"end":{"line":108,"column":46}},"28":{"start":{"line":109,"column":21},"end":{"line":109,"column":64}},"29":{"start":{"line":110,"column":4},"end":{"line":110,"column":70}},"30":{"start":{"line":119,"column":4},"end":{"line":119,"column":52}},"31":{"start":{"line":120,"column":4},"end":{"line":120,"column":48}},"32":{"start":{"line":122,"column":23},"end":{"line":122,"column":60}},"33":{"start":{"line":123,"column":4},"end":{"line":129,"column":17}},"34":{"start":{"line":124,"column":23},"end":{"line":124,"column":50}},"35":{"start":{"line":126,"column":22},"end":{"line":126,"column":49}},"36":{"start":{"line":127,"column":8},"end":{"line":127,"column":73}},"37":{"start":{"line":139,"column":17},"end":{"line":139,"column":49}},"38":{"start":{"line":140,"column":4},"end":{"line":140,"column":30}},"39":{"start":{"line":141,"column":4},"end":{"line":141,"column":30}},"40":{"start":{"line":150,"column":4},"end":{"line":158,"column":5}},"41":{"start":{"line":151,"column":24},"end":{"line":151,"column":54}},"42":{"start":{"line":152,"column":6},"end":{"line":154,"column":7}},"43":{"start":{"line":153,"column":8},"end":{"line":153,"column":93}},"44":{"start":{"line":155,"column":6},"end":{"line":155,"column":87}},"45":{"start":{"line":157,"column":6},"end":{"line":157,"column":25}},"46":{"start":{"line":162,"column":0},"end":{"line":162,"column":30}}},"fnMap":{"0":{"name":"(anonymous_0)","decl":{"start":{"line":9,"column":2},"end":{"line":9,"column":3}},"loc":{"start":{"line":9,"column":16},"end":{"line":14,"column":3}},"line":9},"1":{"name":"(anonymous_1)","decl":{"start":{"line":21,"column":2},"end":{"line":21,"column":3}},"loc":{"start":{"line":21,"column":29},"end":{"line":25,"column":3}},"line":21},"2":{"name":"(anonymous_2)","decl":{"start":{"line":32,"column":2},"end":{"line":32,"column":3}},"loc":{"start":{"line":32,"column":30},"end":{"line":36,"column":3}},"line":32},"3":{"name":"(anonymous_3)","decl":{"start":{"line":43,"column":2},"end":{"line":43,"column":3}},"loc":{"start":{"line":43,"column":23},"end":{"line":45,"column":3}},"line":43},"4":{"name":"(anonymous_4)","decl":{"start":{"line":53,"column":2},"end":{"line":53,"column":3}},"loc":{"start":{"line":53,"column":40},"end":{"line":66,"column":3}},"line":53},"5":{"name":"(anonymous_5)","decl":{"start":{"line":57,"column":14},"end":{"line":57,"column":15}},"loc":{"start":{"line":57,"column":23},"end":{"line":57,"column":49}},"line":57},"6":{"name":"(anonymous_6)","decl":{"start":{"line":58,"column":11},"end":{"line":58,"column":12}},"loc":{"start":{"line":58,"column":20},"end":{"line":61,"column":7}},"line":58},"7":{"name":"(anonymous_7)","decl":{"start":{"line":74,"column":2},"end":{"line":74,"column":3}},"loc":{"start":{"line":74,"column":41},"end":{"line":99,"column":3}},"line":74},"8":{"name":"(anonymous_8)","decl":{"start":{"line":107,"column":2},"end":{"line":107,"column":3}},"loc":{"start":{"line":107,"column":42},"end":{"line":111,"column":3}},"line":107},"9":{"name":"(anonymous_9)","decl":{"start":{"line":118,"column":2},"end":{"line":118,"column":3}},"loc":{"start":{"line":118,"column":24},"end":{"line":130,"column":3}},"line":118},"10":{"name":"(anonymous_10)","decl":{"start":{"line":124,"column":14},"end":{"line":124,"column":15}},"loc":{"start":{"line":124,"column":23},"end":{"line":124,"column":50}},"line":124},"11":{"name":"(anonymous_11)","decl":{"start":{"line":125,"column":11},"end":{"line":125,"column":12}},"loc":{"start":{"line":125,"column":20},"end":{"line":128,"column":7}},"line":125},"12":{"name":"(anonymous_12)","decl":{"start":{"line":138,"column":2},"end":{"line":138,"column":3}},"loc":{"start":{"line":138,"column":31},"end":{"line":142,"column":3}},"line":138},"13":{"name":"(anonymous_13)","decl":{"start":{"line":149,"column":2},"end":{"line":149,"column":3}},"loc":{"start":{"line":149,"column":27},"end":{"line":159,"column":3}},"line":149}},"branchMap":{"0":{"loc":{"start":{"line":22,"column":4},"end":{"line":24,"column":5}},"type":"if","locations":[{"start":{"line":22,"column":4},"end":{"line":24,"column":5}},{"start":{},"end":{}}],"line":22},"1":{"loc":{"start":{"line":22,"column":8},"end":{"line":22,"column":61}},"type":"binary-expr","locations":[{"start":{"line":22,"column":8},"end":{"line":22,"column":22}},{"start":{"line":22,"column":26},"end":{"line":22,"column":45}},{"start":{"line":22,"column":49},"end":{"line":22,"column":61}}],"line":22},"2":{"loc":{"start":{"line":33,"column":4},"end":{"line":35,"column":5}},"type":"if","locations":[{"start":{"line":33,"column":4},"end":{"line":35,"column":5}},{"start":{},"end":{}}],"line":33},"3":{"loc":{"start":{"line":33,"column":8},"end":{"line":33,"column":61}},"type":"binary-expr","locations":[{"start":{"line":33,"column":8},"end":{"line":33,"column":22}},{"start":{"line":33,"column":26},"end":{"line":33,"column":45}},{"start":{"line":33,"column":49},"end":{"line":33,"column":61}}],"line":33},"4":{"loc":{"start":{"line":44,"column":11},"end":{"line":44,"column":44}},"type":"binary-expr","locations":[{"start":{"line":44,"column":11},"end":{"line":44,"column":38}},{"start":{"line":44,"column":42},"end":{"line":44,"column":44}}],"line":44},"5":{"loc":{"start":{"line":78,"column":6},"end":{"line":80,"column":7}},"type":"if","locations":[{"start":{"line":78,"column":6},"end":{"line":80,"column":7}},{"start":{},"end":{}}],"line":78},"6":{"loc":{"start":{"line":78,"column":10},"end":{"line":78,"column":39}},"type":"binary-expr","locations":[{"start":{"line":78,"column":10},"end":{"line":78,"column":13}},{"start":{"line":78,"column":17},"end":{"line":78,"column":39}}],"line":78},"7":{"loc":{"start":{"line":86,"column":26},"end":{"line":86,"column":52}},"type":"binary-expr","locations":[{"start":{"line":86,"column":26},"end":{"line":86,"column":46}},{"start":{"line":86,"column":50},"end":{"line":86,"column":52}}],"line":86},"8":{"loc":{"start":{"line":110,"column":39},"end":{"line":110,"column":54}},"type":"binary-expr","locations":[{"start":{"line":110,"column":39},"end":{"line":110,"column":48}},{"start":{"line":110,"column":52},"end":{"line":110,"column":54}}],"line":110},"9":{"loc":{"start":{"line":152,"column":6},"end":{"line":154,"column":7}},"type":"if","locations":[{"start":{"line":152,"column":6},"end":{"line":154,"column":7}},{"start":{},"end":{}}],"line":152},"10":{"loc":{"start":{"line":153,"column":15},"end":{"line":153,"column":92}},"type":"cond-expr","locations":[{"start":{"line":153,"column":47},"end":{"line":153,"column":77}},{"start":{"line":153,"column":80},"end":{"line":153,"column":92}}],"line":153},"11":{"loc":{"start":{"line":155,"column":13},"end":{"line":155,"column":86}},"type":"binary-expr","locations":[{"start":{"line":155,"column":13},"end":{"line":155,"column":42}},{"start":{"line":155,"column":46},"end":{"line":155,"column":71}},{"start":{"line":155,"column":75},"end":{"line":155,"column":86}}],"line":155}},"s":{"0":15,"1":15,"2":1,"3":1,"4":12,"5":12,"6":0,"7":0,"8":0,"9":1,"10":1,"11":12,"12":12,"13":12,"14":1,"15":1,"16":0,"17":0,"18":0,"19":0,"20":0,"21":0,"22":0,"23":0,"24":0,"25":0,"26":0,"27":0,"28":0,"29":0,"30":0,"31":0,"32":0,"33":0,"34":0,"35":0,"36":0,"37":1,"38":1,"39":1,"40":1,"41":1,"42":1,"43":0,"44":1,"45":0,"46":15},"f":{"0":1,"1":12,"2":0,"3":0,"4":1,"5":12,"6":12,"7":0,"8":0,"9":0,"10":0,"11":0,"12":1,"13":1},"b":{"0":[12,0],"1":[12,12,12],"2":[0,0],"3":[0,0,0],"4":[0,0],"5":[0,0],"6":[0,0],"7":[0,0],"8":[0,0],"9":[0,1],"10":[0,0],"11":[1,0,0]},"_coverageSchema":"1a1c01bbd47fc00a2c39e90264f33305004495a9","hash":"5684c6f3f6abeac583782096fdd63afad189fd35"}
,"C:\\Hoc\\New folder\\CauLongVui\\BE\\src\\validations\\booking-exchange.validation.js": {"path":"C:\\Hoc\\New folder\\CauLongVui\\BE\\src\\validations\\booking-exchange.validation.js","statementMap":{"0":{"start":{"line":1,"column":14},"end":{"line":1,"column":28}},"1":{"start":{"line":3,"column":36},"end":{"line":7,"column":2}},"2":{"start":{"line":9,"column":0},"end":{"line":11,"column":2}}},"fnMap":{},"branchMap":{},"s":{"0":13,"1":13,"2":13},"f":{},"b":{},"_coverageSchema":"1a1c01bbd47fc00a2c39e90264f33305004495a9","hash":"4ed4141039bf02e0726d96c464c63916ad6acc9e"}
,"C:\\Hoc\\New folder\\CauLongVui\\BE\\src\\validations\\booking.validation.js": {"path":"C:\\Hoc\\New folder\\CauLongVui\\BE\\src\\validations\\booking.validation.js","statementMap":{"0":{"start":{"line":1,"column":14},"end":{"line":1,"column":28}},"1":{"start":{"line":3,"column":28},"end":{"line":11,"column":2}},"2":{"start":{"line":13,"column":34},"end":{"line":17,"column":2}},"3":{"start":{"line":19,"column":28},"end":{"line":26,"column":2}},"4":{"start":{"line":28,"column":0},"end":{"line":32,"column":2}}},"fnMap":{},"branchMap":{},"s":{"0":13,"1":13,"2":13,"3":13,"4":13},"f":{},"b":{},"_coverageSchema":"1a1c01bbd47fc00a2c39e90264f33305004495a9","hash":"65bb74d2d64acda1dc6ca2e0e53a7f43f17b6ce3"}
,"C:\\Hoc\\New folder\\CauLongVui\\BE\\src\\validations\\court.validation.js": {"path":"C:\\Hoc\\New folder\\CauLongVui\\BE\\src\\validations\\court.validation.js","statementMap":{"0":{"start":{"line":1,"column":14},"end":{"line":1,"column":28}},"1":{"start":{"line":3,"column":26},"end":{"line":17,"column":2}},"2":{"start":{"line":11,"column":8},"end":{"line":11,"column":59}},"3":{"start":{"line":11,"column":37},"end":{"line":11,"column":59}},"4":{"start":{"line":12,"column":8},"end":{"line":12,"column":19}},"5":{"start":{"line":19,"column":26},"end":{"line":35,"column":2}},"6":{"start":{"line":30,"column":8},"end":{"line":30,"column":59}},"7":{"start":{"line":30,"column":37},"end":{"line":30,"column":59}},"8":{"start":{"line":31,"column":8},"end":{"line":31,"column":19}},"9":{"start":{"line":37,"column":0},"end":{"line":40,"column":2}}},"fnMap":{"0":{"name":"(anonymous_0)","decl":{"start":{"line":10,"column":18},"end":{"line":10,"column":19}},"loc":{"start":{"line":10,"column":27},"end":{"line":13,"column":7}},"line":10},"1":{"name":"(anonymous_1)","decl":{"start":{"line":29,"column":18},"end":{"line":29,"column":19}},"loc":{"start":{"line":29,"column":27},"end":{"line":32,"column":7}},"line":29}},"branchMap":{"0":{"loc":{"start":{"line":11,"column":8},"end":{"line":11,"column":59}},"type":"if","locations":[{"start":{"line":11,"column":8},"end":{"line":11,"column":59}},{"start":{},"end":{}}],"line":11},"1":{"loc":{"start":{"line":30,"column":8},"end":{"line":30,"column":59}},"type":"if","locations":[{"start":{"line":30,"column":8},"end":{"line":30,"column":59}},{"start":{},"end":{}}],"line":30}},"s":{"0":13,"1":13,"2":0,"3":0,"4":0,"5":13,"6":0,"7":0,"8":0,"9":13},"f":{"0":0,"1":0},"b":{"0":[0,0],"1":[0,0]},"_coverageSchema":"1a1c01bbd47fc00a2c39e90264f33305004495a9","hash":"c347ce71cbdd5194341cb47cc718f72060f530d1"}
,"C:\\Hoc\\New folder\\CauLongVui\\BE\\src\\validations\\order.validation.js": {"path":"C:\\Hoc\\New folder\\CauLongVui\\BE\\src\\validations\\order.validation.js","statementMap":{"0":{"start":{"line":1,"column":14},"end":{"line":1,"column":28}},"1":{"start":{"line":3,"column":26},"end":{"line":14,"column":2}},"2":{"start":{"line":16,"column":32},"end":{"line":20,"column":2}},"3":{"start":{"line":22,"column":30},"end":{"line":29,"column":2}},"4":{"start":{"line":31,"column":0},"end":{"line":35,"column":2}}},"fnMap":{},"branchMap":{},"s":{"0":13,"1":13,"2":13,"3":13,"4":13},"f":{},"b":{},"_coverageSchema":"1a1c01bbd47fc00a2c39e90264f33305004495a9","hash":"45b188070acfaa7d5b0356b3be4ea1573cba056e"}
,"C:\\Hoc\\New folder\\CauLongVui\\BE\\src\\validations\\payment.validation.js": {"path":"C:\\Hoc\\New folder\\CauLongVui\\BE\\src\\validations\\payment.validation.js","statementMap":{"0":{"start":{"line":1,"column":14},"end":{"line":1,"column":28}},"1":{"start":{"line":3,"column":28},"end":{"line":10,"column":2}},"2":{"start":{"line":12,"column":34},"end":{"line":16,"column":2}},"3":{"start":{"line":18,"column":26},"end":{"line":22,"column":2}},"4":{"start":{"line":24,"column":25},"end":{"line":29,"column":2}},"5":{"start":{"line":31,"column":0},"end":{"line":36,"column":2}}},"fnMap":{},"branchMap":{},"s":{"0":13,"1":13,"2":13,"3":13,"4":13,"5":13},"f":{},"b":{},"_coverageSchema":"1a1c01bbd47fc00a2c39e90264f33305004495a9","hash":"71eff70ef84ee52e52eec456e958594b5fa8df55"}
,"C:\\Hoc\\New folder\\CauLongVui\\BE\\src\\validations\\product.validation.js": {"path":"C:\\Hoc\\New folder\\CauLongVui\\BE\\src\\validations\\product.validation.js","statementMap":{"0":{"start":{"line":1,"column":14},"end":{"line":1,"column":28}},"1":{"start":{"line":3,"column":28},"end":{"line":12,"column":2}},"2":{"start":{"line":14,"column":28},"end":{"line":23,"column":2}},"3":{"start":{"line":25,"column":0},"end":{"line":28,"column":2}}},"fnMap":{},"branchMap":{},"s":{"0":13,"1":13,"2":13,"3":13},"f":{},"b":{},"_coverageSchema":"1a1c01bbd47fc00a2c39e90264f33305004495a9","hash":"d70891d0b82e9bf0808db6d21868f4e34d794df0"}
,"C:\\Hoc\\New folder\\CauLongVui\\BE\\src\\validations\\review.validation.js": {"path":"C:\\Hoc\\New folder\\CauLongVui\\BE\\src\\validations\\review.validation.js","statementMap":{"0":{"start":{"line":1,"column":14},"end":{"line":1,"column":28}},"1":{"start":{"line":3,"column":27},"end":{"line":11,"column":2}},"2":{"start":{"line":13,"column":27},"end":{"line":18,"column":2}},"3":{"start":{"line":20,"column":0},"end":{"line":23,"column":2}}},"fnMap":{},"branchMap":{},"s":{"0":13,"1":13,"2":13,"3":13},"f":{},"b":{},"_coverageSchema":"1a1c01bbd47fc00a2c39e90264f33305004495a9","hash":"274814474e6b46fb7c4f6b762641f5c17c5734f6"}
,"C:\\Hoc\\New folder\\CauLongVui\\BE\\src\\validations\\role.validation.js": {"path":"C:\\Hoc\\New folder\\CauLongVui\\BE\\src\\validations\\role.validation.js","statementMap":{"0":{"start":{"line":1,"column":14},"end":{"line":1,"column":28}},"1":{"start":{"line":3,"column":25},"end":{"line":9,"column":2}},"2":{"start":{"line":6,"column":23},"end":{"line":6,"column":80}},"3":{"start":{"line":11,"column":0},"end":{"line":13,"column":2}}},"fnMap":{"0":{"name":"(anonymous_0)","decl":{"start":{"line":6,"column":16},"end":{"line":6,"column":17}},"loc":{"start":{"line":6,"column":23},"end":{"line":6,"column":80}},"line":6}},"branchMap":{},"s":{"0":13,"1":13,"2":0,"3":13},"f":{"0":0},"b":{},"_coverageSchema":"1a1c01bbd47fc00a2c39e90264f33305004495a9","hash":"1557d99d2bfb1ce34e370a818d37cb81a5ada443"}
,"C:\\Hoc\\New folder\\CauLongVui\\BE\\src\\validations\\time-slot.validation.js": {"path":"C:\\Hoc\\New folder\\CauLongVui\\BE\\src\\validations\\time-slot.validation.js","statementMap":{"0":{"start":{"line":1,"column":14},"end":{"line":1,"column":28}},"1":{"start":{"line":3,"column":14},"end":{"line":3,"column":30}},"2":{"start":{"line":5,"column":29},"end":{"line":19,"column":2}},"3":{"start":{"line":12,"column":18},"end":{"line":12,"column":55}},"4":{"start":{"line":13,"column":16},"end":{"line":13,"column":51}},"5":{"start":{"line":14,"column":4},"end":{"line":14,"column":44}},"6":{"start":{"line":21,"column":0},"end":{"line":23,"column":2}}},"fnMap":{"0":{"name":"(anonymous_0)","decl":{"start":{"line":11,"column":12},"end":{"line":11,"column":13}},"loc":{"start":{"line":11,"column":22},"end":{"line":15,"column":3}},"line":11}},"branchMap":{},"s":{"0":13,"1":13,"2":13,"3":2,"4":2,"5":2,"6":13},"f":{"0":2},"b":{},"_coverageSchema":"1a1c01bbd47fc00a2c39e90264f33305004495a9","hash":"98a3bb4738c9e3877a1d6dbdd9a9c522e7168c28"}
,"C:\\Hoc\\New folder\\CauLongVui\\BE\\src\\validations\\user.validation.js": {"path":"C:\\Hoc\\New folder\\CauLongVui\\BE\\src\\validations\\user.validation.js","statementMap":{"0":{"start":{"line":1,"column":14},"end":{"line":1,"column":28}},"1":{"start":{"line":3,"column":25},"end":{"line":11,"column":2}},"2":{"start":{"line":13,"column":20},"end":{"line":18,"column":2}},"3":{"start":{"line":20,"column":25},"end":{"line":28,"column":2}},"4":{"start":{"line":30,"column":0},"end":{"line":34,"column":2}}},"fnMap":{},"branchMap":{},"s":{"0":13,"1":13,"2":13,"3":13,"4":13},"f":{},"b":{},"_coverageSchema":"1a1c01bbd47fc00a2c39e90264f33305004495a9","hash":"f0914325bba10352cc34d23334f3d7d816d70891"}
,"C:\\Hoc\\New folder\\CauLongVui\\BE\\src\\validations\\voucher.validation.js": {"path":"C:\\Hoc\\New folder\\CauLongVui\\BE\\src\\validations\\voucher.validation.js","statementMap":{"0":{"start":{"line":1,"column":14},"end":{"line":1,"column":28}},"1":{"start":{"line":3,"column":28},"end":{"line":18,"column":2}},"2":{"start":{"line":11,"column":46},"end":{"line":11,"column":86}},"3":{"start":{"line":12,"column":44},"end":{"line":12,"column":84}},"4":{"start":{"line":20,"column":28},"end":{"line":22,"column":2}},"5":{"start":{"line":24,"column":0},"end":{"line":27,"column":2}}},"fnMap":{"0":{"name":"(anonymous_0)","decl":{"start":{"line":11,"column":36},"end":{"line":11,"column":37}},"loc":{"start":{"line":11,"column":46},"end":{"line":11,"column":86}},"line":11},"1":{"name":"(anonymous_1)","decl":{"start":{"line":12,"column":34},"end":{"line":12,"column":35}},"loc":{"start":{"line":12,"column":44},"end":{"line":12,"column":84}},"line":12}},"branchMap":{"0":{"loc":{"start":{"line":11,"column":46},"end":{"line":11,"column":86}},"type":"cond-expr","locations":[{"start":{"line":11,"column":52},"end":{"line":11,"column":79}},{"start":{"line":11,"column":82},"end":{"line":11,"column":86}}],"line":11},"1":{"loc":{"start":{"line":12,"column":44},"end":{"line":12,"column":84}},"type":"cond-expr","locations":[{"start":{"line":12,"column":50},"end":{"line":12,"column":77}},{"start":{"line":12,"column":80},"end":{"line":12,"column":84}}],"line":12}},"s":{"0":13,"1":13,"2":1,"3":1,"4":13,"5":13},"f":{"0":1,"1":1},"b":{"0":[1,0],"1":[1,0]},"_coverageSchema":"1a1c01bbd47fc00a2c39e90264f33305004495a9","hash":"d04be086da1aa685d6f350b1e7ae94319a0d6a7d"}
}
