TN:
SF:src\app.js
FN:31,(anonymous_0)
FNF:1
FNH:0
FNDA:0,(anonymous_0)
DA:1,13
DA:2,13
DA:3,13
DA:4,13
DA:5,13
DA:6,13
DA:7,13
DA:8,13
DA:9,13
DA:11,13
DA:13,13
DA:16,13
DA:17,13
DA:19,13
DA:24,13
DA:26,13
DA:27,13
DA:28,13
DA:31,13
DA:32,0
DA:36,13
DA:39,13
DA:42,13
DA:44,13
LF:24
LH:23
BRF:0
BRH:0
end_of_record
TN:
SF:src\config\env.js
FN:3,(anonymous_0)
FNF:1
FNH:1
FNDA:65,(anonymous_0)
DA:1,13
DA:3,13
DA:4,65
DA:5,65
DA:6,0
DA:8,65
DA:11,13
LF:7
LH:6
BRDA:5,0,0,0
BRDA:5,0,1,65
BRDA:6,1,0,0
BRDA:6,1,1,0
BRDA:12,2,0,13
BRDA:12,2,1,0
BRF:6
BRH:2
end_of_record
TN:
SF:src\config\momo.js
FNF:0
FNH:0
DA:1,14
DA:3,14
LF:2
LH:2
BRDA:4,0,0,14
BRDA:4,0,1,14
BRDA:5,1,0,14
BRDA:5,1,1,14
BRDA:6,2,0,14
BRDA:6,2,1,14
BRDA:7,3,0,14
BRDA:7,3,1,14
BRDA:8,4,0,14
BRDA:8,4,1,14
BRDA:9,5,0,14
BRDA:9,5,1,14
BRDA:10,6,0,14
BRDA:10,6,1,14
BRDA:11,7,0,14
BRDA:11,7,1,14
BRF:16
BRH:16
end_of_record
TN:
SF:src\config\vnpay.js
FNF:0
FNH:0
DA:1,14
DA:3,14
LF:2
LH:2
BRDA:4,0,0,14
BRDA:4,0,1,14
BRDA:5,1,0,14
BRDA:5,1,1,14
BRDA:6,2,0,14
BRDA:6,2,1,14
BRDA:7,3,0,14
BRDA:7,3,1,14
BRDA:8,4,0,14
BRDA:8,4,1,14
BRDA:9,5,0,14
BRDA:9,5,1,14
BRDA:10,6,0,14
BRDA:10,6,1,14
BRDA:11,7,0,14
BRDA:11,7,1,14
BRF:16
BRH:16
end_of_record
TN:
SF:src\controllers\auth.controller.js
FN:5,(anonymous_0)
FN:14,(anonymous_1)
FN:19,(anonymous_2)
FNF:3
FNH:2
FNDA:78,(anonymous_0)
FNDA:80,(anonymous_1)
FNDA:0,(anonymous_2)
DA:1,13
DA:2,13
DA:3,13
DA:5,13
DA:6,78
DA:7,78
DA:8,78
DA:14,13
DA:15,80
DA:16,79
DA:19,13
DA:20,0
DA:21,0
DA:24,13
LF:14
LH:12
BRF:0
BRH:0
end_of_record
TN:
SF:src\controllers\booking-exchange.controller.js
FN:8,(anonymous_0)
FN:17,(anonymous_1)
FN:25,(anonymous_2)
FN:35,(anonymous_3)
FN:44,(anonymous_4)
FNF:5
FNH:5
FNDA:1,(anonymous_0)
FNDA:1,(anonymous_1)
FNDA:5,(anonymous_2)
FNDA:4,(anonymous_3)
FNDA:2,(anonymous_4)
DA:1,13
DA:2,13
DA:3,13
DA:8,13
DA:9,1
DA:10,1
DA:11,1
DA:17,13
DA:18,1
DA:19,1
DA:25,13
DA:26,5
DA:27,5
DA:28,5
DA:29,1
DA:35,13
DA:36,4
DA:37,4
DA:38,1
DA:44,13
DA:45,2
DA:46,2
DA:47,1
DA:50,13
LF:24
LH:24
BRF:0
BRH:0
end_of_record
TN:
SF:src\controllers\booking.controller.js
FN:6,(anonymous_0)
FN:19,(anonymous_1)
FN:25,(anonymous_2)
FN:30,(anonymous_3)
FN:36,(anonymous_4)
FN:41,(anonymous_5)
FNF:6
FNH:5
FNDA:10,(anonymous_0)
FNDA:1,(anonymous_1)
FNDA:2,(anonymous_2)
FNDA:1,(anonymous_3)
FNDA:0,(anonymous_4)
FNDA:1,(anonymous_5)
DA:1,13
DA:2,13
DA:4,13
DA:6,13
DA:9,10
DA:11,10
DA:12,0
DA:15,10
DA:16,6
DA:19,13
DA:20,1
DA:21,1
DA:22,1
DA:25,13
DA:26,2
DA:27,0
DA:30,13
DA:31,1
DA:32,1
DA:33,1
DA:36,13
DA:37,0
DA:38,0
DA:41,13
DA:42,1
DA:43,0
DA:46,13
LF:27
LH:22
BRDA:9,0,0,10
BRDA:9,0,1,0
BRDA:11,1,0,0
BRDA:11,1,1,10
BRF:4
BRH:2
end_of_record
TN:
SF:src\controllers\court.controller.js
FN:5,(anonymous_0)
FN:11,(anonymous_1)
FN:16,(anonymous_2)
FN:20,(anonymous_3)
FN:40,(anonymous_4)
FN:41,(anonymous_5)
FN:72,(anonymous_6)
FNF:7
FNH:4
FNDA:1,(anonymous_0)
FNDA:0,(anonymous_1)
FNDA:1,(anonymous_2)
FNDA:0,(anonymous_3)
FNDA:1,(anonymous_4)
FNDA:0,(anonymous_5)
FNDA:1,(anonymous_6)
DA:1,13
DA:2,13
DA:3,13
DA:5,13
DA:6,1
DA:7,1
DA:8,1
DA:11,13
DA:12,0
DA:13,0
DA:16,13
DA:17,1
DA:18,1
DA:20,1
DA:21,1
DA:22,1
DA:23,0
DA:26,1
DA:31,1
DA:33,1
DA:34,1
DA:37,13
DA:38,13
DA:40,13
DA:41,1
DA:42,1
DA:43,1
DA:44,0
DA:48,1
DA:49,0
DA:50,0
DA:52,0
DA:53,0
DA:54,0
DA:55,0
DA:57,0
DA:63,1
DA:68,1
DA:69,1
DA:72,13
DA:73,1
DA:74,1
DA:77,13
LF:43
LH:32
BRDA:20,0,0,0
BRDA:20,0,1,1
BRDA:22,1,0,0
BRDA:22,1,1,1
BRDA:23,2,0,0
BRDA:23,2,1,0
BRDA:41,3,0,0
BRDA:41,3,1,1
BRDA:43,4,0,0
BRDA:43,4,1,1
BRDA:44,5,0,0
BRDA:44,5,1,0
BRDA:48,6,0,0
BRDA:48,6,1,1
BRDA:50,7,0,0
BRDA:50,7,1,0
BRDA:50,8,0,0
BRDA:50,8,1,0
BRDA:50,8,2,0
BRDA:65,9,0,0
BRDA:65,9,1,1
BRDA:65,10,0,1
BRDA:65,10,1,1
BRF:23
BRH:8
end_of_record
TN:
SF:src\controllers\file.controller.js
FN:8,(anonymous_0)
FN:13,(anonymous_1)
FN:22,(anonymous_2)
FNF:3
FNH:0
FNDA:0,(anonymous_0)
FNDA:0,(anonymous_1)
FNDA:0,(anonymous_2)
DA:1,13
DA:8,13
DA:9,0
DA:10,0
DA:13,0
DA:14,0
DA:22,13
DA:23,0
DA:24,0
DA:27,0
DA:28,0
DA:31,13
LF:12
LH:4
BRDA:9,0,0,0
BRDA:9,0,1,0
BRDA:9,1,0,0
BRDA:9,1,1,0
BRDA:23,2,0,0
BRDA:23,2,1,0
BRF:6
BRH:0
end_of_record
TN:
SF:src\controllers\order.controller.js
FN:5,(anonymous_0)
FN:12,(anonymous_1)
FN:17,(anonymous_2)
FN:29,(anonymous_3)
FN:35,(anonymous_4)
FNF:5
FNH:3
FNDA:0,(anonymous_0)
FNDA:0,(anonymous_1)
FNDA:4,(anonymous_2)
FNDA:1,(anonymous_3)
FNDA:2,(anonymous_4)
DA:1,13
DA:2,13
DA:3,13
DA:5,13
DA:6,0
DA:8,0
DA:9,0
DA:12,13
DA:13,0
DA:14,0
DA:17,13
DA:18,4
DA:21,4
DA:22,0
DA:25,4
DA:26,2
DA:29,13
DA:30,1
DA:31,1
DA:32,1
DA:35,13
DA:36,2
DA:37,2
DA:38,2
DA:39,1
DA:42,13
LF:26
LH:20
BRDA:21,0,0,0
BRDA:21,0,1,4
BRDA:21,1,0,4
BRDA:21,1,1,0
BRF:4
BRH:2
end_of_record
TN:
SF:src\controllers\payment.controller.js
FN:5,(anonymous_0)
FN:11,(anonymous_1)
FN:17,(anonymous_2)
FN:22,(anonymous_3)
FN:30,(anonymous_4)
FN:40,(anonymous_5)
FN:50,(anonymous_6)
FN:66,(anonymous_7)
FN:76,(anonymous_8)
FN:86,(anonymous_9)
FNF:10
FNH:5
FNDA:0,(anonymous_0)
FNDA:0,(anonymous_1)
FNDA:1,(anonymous_2)
FNDA:0,(anonymous_3)
FNDA:1,(anonymous_4)
FNDA:4,(anonymous_5)
FNDA:0,(anonymous_6)
FNDA:1,(anonymous_7)
FNDA:0,(anonymous_8)
FNDA:3,(anonymous_9)
DA:1,13
DA:2,13
DA:3,13
DA:5,13
DA:6,0
DA:7,0
DA:8,0
DA:11,13
DA:12,0
DA:13,0
DA:14,0
DA:17,13
DA:18,1
DA:19,0
DA:22,13
DA:23,0
DA:24,0
DA:25,0
DA:30,13
DA:31,1
DA:32,1
DA:33,1
DA:34,1
DA:40,13
DA:41,4
DA:43,4
DA:44,4
DA:45,4
DA:47,4
DA:50,13
DA:51,0
DA:52,0
DA:53,0
DA:58,0
DA:66,13
DA:67,1
DA:68,1
DA:69,1
DA:70,1
DA:76,13
DA:77,0
DA:79,0
DA:80,0
DA:81,0
DA:83,0
DA:86,13
DA:87,3
DA:88,3
DA:89,2
DA:91,1
DA:94,13
LF:51
LH:32
BRDA:43,0,0,4
BRDA:43,0,1,4
BRDA:44,1,0,2
BRDA:44,1,1,2
BRDA:45,2,0,4
BRDA:45,2,1,0
BRDA:45,3,0,4
BRDA:45,3,1,0
BRDA:52,4,0,0
BRDA:52,4,1,0
BRDA:79,5,0,0
BRDA:79,5,1,0
BRDA:80,6,0,0
BRDA:80,6,1,0
BRDA:81,7,0,0
BRDA:81,7,1,0
BRDA:81,8,0,0
BRDA:81,8,1,0
BRDA:88,9,0,2
BRDA:88,9,1,1
BRF:20
BRH:8
end_of_record
TN:
SF:src\controllers\product.controller.js
FN:5,(anonymous_0)
FN:11,(anonymous_1)
FN:16,(anonymous_2)
FN:25,(anonymous_3)
FNF:4
FNH:2
FNDA:1,(anonymous_0)
FNDA:0,(anonymous_1)
FNDA:1,(anonymous_2)
FNDA:0,(anonymous_3)
DA:1,13
DA:2,13
DA:3,13
DA:5,13
DA:6,1
DA:7,1
DA:8,1
DA:11,13
DA:12,0
DA:13,0
DA:16,13
DA:17,1
DA:18,1
DA:19,0
DA:21,1
DA:22,1
DA:25,13
DA:26,0
DA:27,0
DA:28,0
DA:30,0
DA:31,0
DA:34,13
LF:23
LH:15
BRDA:18,0,0,0
BRDA:18,0,1,1
BRDA:27,1,0,0
BRDA:27,1,1,0
BRF:4
BRH:1
end_of_record
TN:
SF:src\controllers\review.controller.js
FN:5,(anonymous_0)
FN:18,(anonymous_1)
FN:24,(anonymous_2)
FN:29,(anonymous_3)
FNF:4
FNH:2
FNDA:1,(anonymous_0)
FNDA:1,(anonymous_1)
FNDA:0,(anonymous_2)
FNDA:0,(anonymous_3)
DA:1,13
DA:2,13
DA:3,13
DA:5,13
DA:8,1
DA:10,1
DA:11,0
DA:14,1
DA:15,1
DA:18,13
DA:19,1
DA:20,1
DA:21,1
DA:24,13
DA:25,0
DA:26,0
DA:29,13
DA:30,0
DA:31,0
DA:34,13
LF:20
LH:15
BRDA:8,0,0,1
BRDA:8,0,1,0
BRDA:10,1,0,0
BRDA:10,1,1,1
BRF:4
BRH:2
end_of_record
TN:
SF:src\controllers\role.controller.js
FN:8,(anonymous_0)
FN:18,(anonymous_1)
FN:26,(anonymous_2)
FNF:3
FNH:2
FNDA:1,(anonymous_0)
FNDA:0,(anonymous_1)
FNDA:2,(anonymous_2)
DA:1,13
DA:2,13
DA:3,13
DA:8,13
DA:9,1
DA:10,1
DA:18,13
DA:19,0
DA:20,0
DA:26,13
DA:27,2
DA:28,1
DA:31,13
LF:13
LH:11
BRF:0
BRH:0
end_of_record
TN:
SF:src\controllers\statistics.controller.js
FN:7,(anonymous_0)
FN:16,(anonymous_1)
FN:25,(anonymous_2)
FN:33,(anonymous_3)
FN:41,(anonymous_4)
FNF:5
FNH:2
FNDA:0,(anonymous_0)
FNDA:1,(anonymous_1)
FNDA:1,(anonymous_2)
FNDA:0,(anonymous_3)
FNDA:0,(anonymous_4)
DA:1,13
DA:2,13
DA:7,13
DA:8,0
DA:9,0
DA:10,0
DA:16,13
DA:17,1
DA:18,1
DA:19,1
DA:25,13
DA:26,1
DA:27,1
DA:33,13
DA:34,0
DA:35,0
DA:41,13
DA:42,0
DA:43,0
DA:46,13
LF:20
LH:13
BRDA:8,0,0,0
BRDA:8,0,1,0
BRDA:17,1,0,1
BRDA:17,1,1,1
BRF:4
BRH:2
end_of_record
TN:
SF:src\controllers\time-slot.controller.js
FN:4,(anonymous_0)
FN:9,(anonymous_1)
FN:14,(anonymous_2)
FN:19,(anonymous_3)
FN:24,(anonymous_4)
FNF:5
FNH:2
FNDA:1,(anonymous_0)
FNDA:0,(anonymous_1)
FNDA:1,(anonymous_2)
FNDA:0,(anonymous_3)
FNDA:0,(anonymous_4)
DA:1,13
DA:2,13
DA:4,13
DA:5,1
DA:6,1
DA:9,13
DA:10,0
DA:11,0
DA:14,13
DA:15,1
DA:16,1
DA:19,13
DA:20,0
DA:21,0
DA:24,13
DA:25,0
DA:26,0
DA:29,13
LF:18
LH:12
BRF:0
BRH:0
end_of_record
TN:
SF:src\controllers\user.controller.js
FN:5,(anonymous_0)
FN:11,(anonymous_1)
FN:17,(anonymous_2)
FN:22,(anonymous_3)
FN:27,(anonymous_4)
FNF:5
FNH:4
FNDA:0,(anonymous_0)
FNDA:1,(anonymous_1)
FNDA:2,(anonymous_2)
FNDA:2,(anonymous_3)
FNDA:2,(anonymous_4)
DA:1,13
DA:2,13
DA:3,13
DA:5,13
DA:6,0
DA:7,0
DA:8,0
DA:11,13
DA:12,1
DA:13,1
DA:14,1
DA:17,13
DA:18,2
DA:19,1
DA:22,13
DA:23,2
DA:24,1
DA:27,13
DA:28,2
DA:29,1
DA:32,13
LF:21
LH:18
BRF:0
BRH:0
end_of_record
TN:
SF:src\controllers\voucher.controller.js
FN:5,(anonymous_0)
FN:11,(anonymous_1)
FN:16,(anonymous_2)
FN:21,(anonymous_3)
FN:26,(anonymous_4)
FNF:5
FNH:2
FNDA:1,(anonymous_0)
FNDA:0,(anonymous_1)
FNDA:1,(anonymous_2)
FNDA:0,(anonymous_3)
FNDA:0,(anonymous_4)
DA:1,13
DA:2,13
DA:3,13
DA:5,13
DA:6,1
DA:7,1
DA:8,1
DA:11,13
DA:12,0
DA:13,0
DA:16,13
DA:17,1
DA:18,1
DA:21,13
DA:22,0
DA:23,0
DA:26,13
DA:27,0
DA:28,0
DA:31,13
LF:20
LH:14
BRF:0
BRH:0
end_of_record
TN:
SF:src\dtos\booking-exchange.dto.js
FN:6,(anonymous_0)
FNF:1
FNH:1
FNDA:5,(anonymous_0)
DA:6,13
DA:7,5
DA:8,5
DA:21,13
LF:4
LH:4
BRDA:7,0,0,0
BRDA:7,0,1,5
BRF:2
BRH:1
end_of_record
TN:
SF:src\dtos\booking.dto.js
FN:6,(anonymous_0)
FNF:1
FNH:1
FNDA:8,(anonymous_0)
DA:6,13
DA:7,8
DA:8,8
DA:22,13
LF:4
LH:4
BRDA:7,0,0,0
BRDA:7,0,1,8
BRF:2
BRH:1
end_of_record
TN:
SF:src\dtos\court.dto.js
FN:6,(anonymous_0)
FNF:1
FNH:1
FNDA:3,(anonymous_0)
DA:6,13
DA:7,3
DA:8,3
DA:18,13
LF:4
LH:4
BRDA:7,0,0,0
BRDA:7,0,1,3
BRDA:12,1,0,3
BRDA:12,1,1,3
BRDA:12,2,0,0
BRDA:12,2,1,3
BRDA:12,3,0,3
BRDA:12,3,1,3
BRDA:13,4,0,0
BRDA:13,4,1,3
BRDA:13,5,0,3
BRDA:13,5,1,3
BRF:12
BRH:9
end_of_record
TN:
SF:src\dtos\order.dto.js
FN:1,(anonymous_0)
FN:8,(anonymous_1)
FNF:2
FNH:2
FNDA:4,(anonymous_0)
FNDA:4,(anonymous_1)
DA:1,13
DA:2,4
DA:8,4
DA:22,13
LF:4
LH:4
BRF:0
BRH:0
end_of_record
TN:
SF:src\dtos\payment.dto.js
FN:6,(anonymous_0)
FNF:1
FNH:0
FNDA:0,(anonymous_0)
DA:6,13
DA:7,0
DA:8,0
DA:20,13
LF:4
LH:2
BRDA:7,0,0,0
BRDA:7,0,1,0
BRF:2
BRH:0
end_of_record
TN:
SF:src\dtos\product.dto.js
FN:1,(anonymous_0)
FNF:1
FNH:1
FNDA:2,(anonymous_0)
DA:1,13
DA:2,2
DA:15,13
LF:3
LH:3
BRF:0
BRH:0
end_of_record
TN:
SF:src\dtos\review.dto.js
FN:6,(anonymous_0)
FNF:1
FNH:1
FNDA:2,(anonymous_0)
DA:6,13
DA:7,2
DA:8,2
DA:19,13
LF:4
LH:4
BRDA:7,0,0,0
BRDA:7,0,1,2
BRF:2
BRH:1
end_of_record
TN:
SF:src\dtos\role.dto.js
FN:6,(anonymous_0)
FNF:1
FNH:1
FNDA:3,(anonymous_0)
DA:6,13
DA:7,3
DA:8,3
DA:15,13
LF:4
LH:4
BRDA:7,0,0,0
BRDA:7,0,1,3
BRF:2
BRH:1
end_of_record
TN:
SF:src\dtos\user.dto.js
FN:6,(anonymous_0)
FNF:1
FNH:1
FNDA:161,(anonymous_0)
DA:6,13
DA:7,161
DA:8,161
DA:20,13
LF:4
LH:4
BRDA:7,0,0,0
BRDA:7,0,1,161
BRDA:14,1,0,161
BRDA:14,1,1,0
BRDA:15,2,0,161
BRDA:15,2,1,161
BRF:6
BRH:4
end_of_record
TN:
SF:src\dtos\voucher.dto.js
FN:6,(anonymous_0)
FNF:1
FNH:1
FNDA:2,(anonymous_0)
DA:6,13
DA:7,2
DA:8,2
DA:25,13
LF:4
LH:4
BRDA:7,0,0,0
BRDA:7,0,1,2
BRF:2
BRH:1
end_of_record
TN:
SF:src\exceptions\ApiError.js
FN:2,(anonymous_0)
FNF:1
FNH:1
FNDA:59,(anonymous_0)
DA:3,59
DA:4,59
DA:8,21
LF:3
LH:3
BRF:0
BRH:0
end_of_record
TN:
SF:src\exceptions\BadRequestError.js
FN:4,(anonymous_0)
FNF:1
FNH:1
FNDA:40,(anonymous_0)
DA:1,19
DA:5,40
DA:9,19
LF:3
LH:3
BRDA:4,0,0,0
BRF:1
BRH:0
end_of_record
TN:
SF:src\exceptions\ForbiddenError.js
FN:4,(anonymous_0)
FNF:1
FNH:1
FNDA:2,(anonymous_0)
DA:1,15
DA:5,2
DA:9,15
LF:3
LH:3
BRDA:4,0,0,0
BRF:1
BRH:0
end_of_record
TN:
SF:src\exceptions\NotFoundError.js
FN:4,(anonymous_0)
FNF:1
FNH:1
FNDA:4,(anonymous_0)
DA:1,18
DA:5,4
DA:9,18
LF:3
LH:3
BRDA:4,0,0,0
BRF:1
BRH:0
end_of_record
TN:
SF:src\exceptions\UnauthorizedError.js
FN:4,(anonymous_0)
FNF:1
FNH:1
FNDA:13,(anonymous_0)
DA:1,14
DA:5,13
DA:9,14
LF:3
LH:3
BRDA:4,0,0,0
BRF:1
BRH:0
end_of_record
TN:
SF:src\middlewares\auth.middleware.js
FN:9,(anonymous_0)
FN:10,(anonymous_1)
FN:45,(anonymous_2)
FN:80,(anonymous_3)
FNF:4
FNH:4
FNDA:316,(anonymous_0)
FNDA:256,(anonymous_1)
FNDA:38,(anonymous_2)
FNDA:3,(anonymous_3)
DA:1,14
DA:2,14
DA:3,14
DA:9,14
DA:10,316
DA:11,256
DA:12,256
DA:13,256
DA:16,256
DA:17,37
DA:18,37
DA:22,219
DA:23,7
DA:27,212
DA:28,210
DA:29,210
DA:33,2
DA:35,9
DA:45,14
DA:46,38
DA:47,38
DA:48,38
DA:49,2
DA:52,36
DA:53,36
DA:54,0
DA:57,36
DA:58,34
DA:64,34
DA:66,4
DA:67,1
DA:69,3
DA:70,1
DA:72,2
DA:80,14
DA:81,3
DA:82,3
DA:83,3
DA:84,1
DA:87,2
DA:88,2
DA:89,0
DA:92,2
DA:93,1
DA:102,2
DA:105,14
LF:46
LH:44
BRDA:9,0,0,0
BRDA:16,1,0,37
BRDA:16,1,1,219
BRDA:16,2,0,256
BRDA:16,2,1,37
BRDA:22,3,0,7
BRDA:22,3,1,212
BRDA:27,4,0,210
BRDA:27,4,1,2
BRDA:27,5,0,212
BRDA:27,5,1,210
BRDA:48,6,0,2
BRDA:48,6,1,36
BRDA:48,7,0,38
BRDA:48,7,1,37
BRDA:53,8,0,0
BRDA:53,8,1,36
BRDA:66,9,0,1
BRDA:66,9,1,3
BRDA:69,10,0,1
BRDA:69,10,1,2
BRDA:83,11,0,1
BRDA:83,11,1,2
BRDA:83,12,0,3
BRDA:83,12,1,2
BRDA:88,13,0,0
BRDA:88,13,1,2
BRF:27
BRH:24
end_of_record
TN:
SF:src\middlewares\error.middleware.js
FN:4,(anonymous_0)
FN:16,(anonymous_1)
FNF:2
FNH:1
FNDA:32,(anonymous_0)
FNDA:0,(anonymous_1)
DA:1,13
DA:2,13
DA:4,13
DA:5,32
DA:8,32
DA:9,0
DA:10,0
DA:14,32
DA:15,0
DA:16,0
DA:19,32
DA:20,1
DA:21,1
DA:25,32
DA:28,32
DA:29,32
DA:32,13
LF:17
LH:13
BRDA:8,0,0,0
BRDA:8,0,1,32
BRDA:14,1,0,0
BRDA:14,1,1,32
BRDA:19,2,0,1
BRDA:19,2,1,31
BRDA:19,3,0,32
BRDA:19,3,1,1
BRDA:21,4,0,1
BRDA:21,4,1,0
BRDA:28,5,0,0
BRDA:28,5,1,32
BRDA:29,6,0,32
BRDA:29,6,1,0
BRF:14
BRH:9
end_of_record
TN:
SF:src\middlewares\upload.middleware.js
FN:7,(anonymous_0)
FN:13,(anonymous_1)
FN:20,(anonymous_2)
FNF:3
FNH:0
FNDA:0,(anonymous_0)
FNDA:0,(anonymous_1)
FNDA:0,(anonymous_2)
DA:1,13
DA:2,13
DA:3,13
DA:6,13
DA:8,0
DA:9,0
DA:10,0
DA:11,0
DA:14,0
DA:15,0
DA:20,13
DA:22,0
DA:23,0
DA:25,0
DA:26,0
DA:28,0
DA:32,13
DA:38,13
LF:18
LH:7
BRDA:9,0,0,0
BRDA:9,0,1,0
BRDA:9,1,0,0
BRDA:9,1,1,0
BRDA:10,2,0,0
BRDA:10,2,1,0
BRDA:25,3,0,0
BRDA:25,3,1,0
BRDA:25,4,0,0
BRDA:25,4,1,0
BRF:10
BRH:0
end_of_record
TN:
SF:src\middlewares\validate.middleware.js
FN:3,(anonymous_0)
FN:3,(anonymous_1)
FN:27,(anonymous_2)
FNF:3
FNH:2
FNDA:325,(anonymous_0)
FNDA:194,(anonymous_1)
FNDA:0,(anonymous_2)
DA:1,13
DA:3,325
DA:4,194
DA:5,194
DA:6,194
DA:13,193
DA:14,193
DA:15,193
DA:16,193
DA:18,193
DA:20,1
DA:26,1
DA:27,0
DA:30,1
DA:34,13
LF:15
LH:14
BRDA:13,0,0,193
BRDA:13,0,1,0
BRDA:14,1,0,0
BRDA:14,1,1,193
BRDA:15,2,0,1
BRDA:15,2,1,192
BRDA:26,3,0,0
BRDA:26,3,1,1
BRF:8
BRH:5
end_of_record
TN:
SF:src\models\booking-exchange.model.js
FNF:0
FNH:0
DA:1,14
DA:3,14
DA:37,14
DA:39,14
DA:41,14
DA:43,14
DA:45,14
LF:7
LH:7
BRF:0
BRH:0
end_of_record
TN:
SF:src\models\booking.model.js
FNF:0
FNH:0
DA:1,16
DA:3,16
DA:45,16
DA:55,16
DA:57,16
DA:59,16
DA:61,16
LF:7
LH:7
BRF:0
BRH:0
end_of_record
TN:
SF:src\models\court.model.js
FNF:0
FNH:0
DA:1,15
DA:3,15
DA:32,15
DA:34,15
LF:4
LH:4
BRF:0
BRH:0
end_of_record
TN:
SF:src\models\order.model.js
FNF:0
FNH:0
DA:1,13
DA:3,13
DA:64,13
DA:66,13
DA:68,13
DA:70,13
DA:72,13
DA:74,13
LF:8
LH:8
BRF:0
BRH:0
end_of_record
TN:
SF:src\models\payment.model.js
FNF:0
FNH:0
DA:1,15
DA:3,15
DA:44,15
DA:46,15
DA:48,15
DA:50,15
DA:52,15
LF:7
LH:7
BRF:0
BRH:0
end_of_record
TN:
SF:src\models\pending-expiry.model.js
FNF:0
FNH:0
DA:1,15
DA:3,15
DA:16,15
DA:18,15
DA:20,15
DA:22,15
LF:6
LH:6
BRF:0
BRH:0
end_of_record
TN:
SF:src\models\product.model.js
FNF:0
FNH:0
DA:1,14
DA:3,14
DA:37,14
DA:39,14
DA:41,14
DA:43,14
LF:6
LH:6
BRF:0
BRH:0
end_of_record
TN:
SF:src\models\review.model.js
FNF:0
FNH:0
DA:1,15
DA:3,15
DA:32,15
DA:34,15
DA:36,15
DA:38,15
LF:6
LH:6
BRF:0
BRH:0
end_of_record
TN:
SF:src\models\role.model.js
FNF:0
FNH:0
DA:1,17
DA:3,17
DA:13,17
DA:15,17
LF:4
LH:4
BRF:0
BRH:0
end_of_record
TN:
SF:src\models\time-slot.model.js
FNF:0
FNH:0
DA:1,15
DA:3,15
DA:23,15
DA:25,15
LF:4
LH:4
BRF:0
BRH:0
end_of_record
TN:
SF:src\models\user.model.js
FN:51,(anonymous_0)
FNF:1
FNH:1
FNDA:83,(anonymous_0)
DA:1,16
DA:3,16
DA:48,16
DA:51,16
DA:52,83
DA:53,80
DA:55,80
DA:59,16
DA:61,16
LF:9
LH:9
BRDA:52,0,0,80
BRDA:52,0,1,3
BRDA:52,1,0,83
BRDA:52,1,1,80
BRDA:53,2,0,80
BRDA:53,2,1,0
BRF:6
BRH:5
end_of_record
TN:
SF:src\models\voucher.model.js
FNF:0
FNH:0
DA:1,16
DA:3,16
DA:64,16
DA:66,16
DA:68,16
LF:5
LH:5
BRF:0
BRH:0
end_of_record
TN:
SF:src\routes\auth.route.js
FNF:0
FNH:0
DA:1,13
DA:2,13
DA:3,13
DA:4,13
DA:5,13
DA:7,13
DA:8,13
DA:9,13
DA:11,13
LF:9
LH:9
BRF:0
BRH:0
end_of_record
TN:
SF:src\routes\booking-exchange.route.js
FNF:0
FNH:0
DA:1,13
DA:2,13
DA:3,13
DA:4,13
DA:5,13
DA:6,13
DA:9,13
DA:10,13
DA:13,13
DA:16,13
DA:19,13
DA:21,13
LF:12
LH:12
BRF:0
BRH:0
end_of_record
TN:
SF:src\routes\booking.route.js
FNF:0
FNH:0
DA:1,13
DA:2,13
DA:3,13
DA:4,13
DA:5,13
DA:6,13
DA:9,13
DA:12,13
DA:13,13
DA:16,13
DA:19,13
DA:20,13
DA:22,13
LF:13
LH:13
BRF:0
BRH:0
end_of_record
TN:
SF:src\routes\court.route.js
FNF:0
FNH:0
DA:1,13
DA:2,13
DA:3,13
DA:4,13
DA:5,13
DA:6,13
DA:8,13
DA:10,13
DA:11,13
DA:12,13
DA:13,13
DA:14,13
DA:16,13
LF:13
LH:13
BRF:0
BRH:0
end_of_record
TN:
SF:src\routes\file.route.js
FNF:0
FNH:0
DA:1,13
DA:2,13
DA:3,13
DA:4,13
DA:5,13
DA:8,13
DA:9,13
DA:11,13
LF:8
LH:8
BRF:0
BRH:0
end_of_record
TN:
SF:src\routes\index.js
FNF:0
FNH:0
DA:1,13
DA:2,13
DA:4,13
DA:5,13
DA:6,13
DA:7,13
DA:8,13
DA:9,13
DA:10,13
DA:11,13
DA:12,13
DA:13,13
DA:14,13
DA:15,13
DA:16,13
DA:17,13
DA:19,13
DA:22,13
DA:24,13
DA:25,13
DA:26,13
DA:27,13
DA:28,13
DA:29,13
DA:30,13
DA:31,13
DA:32,13
DA:33,13
DA:34,13
DA:35,13
DA:36,13
DA:37,13
DA:40,13
LF:33
LH:33
BRF:0
BRH:0
end_of_record
TN:
SF:src\routes\order.route.js
FNF:0
FNH:0
DA:1,13
DA:2,13
DA:3,13
DA:4,13
DA:5,13
DA:6,13
DA:8,13
DA:9,13
DA:10,13
DA:13,13
DA:16,13
DA:18,13
LF:12
LH:12
BRF:0
BRH:0
end_of_record
TN:
SF:src\routes\payment-callback.route.js
FNF:0
FNH:0
DA:1,13
DA:2,13
DA:3,13
DA:11,13
DA:12,13
DA:13,13
DA:16,13
DA:17,13
DA:19,13
LF:9
LH:9
BRF:0
BRH:0
end_of_record
TN:
SF:src\routes\payment.route.js
FNF:0
FNH:0
DA:1,13
DA:2,13
DA:3,13
DA:4,13
DA:10,13
DA:11,13
DA:14,13
DA:15,13
DA:16,13
DA:17,13
DA:20,13
DA:23,13
DA:25,13
LF:13
LH:13
BRF:0
BRH:0
end_of_record
TN:
SF:src\routes\product.route.js
FNF:0
FNH:0
DA:1,13
DA:2,13
DA:3,13
DA:4,13
DA:5,13
DA:6,13
DA:7,13
DA:9,13
DA:10,13
DA:13,13
DA:14,13
DA:16,13
LF:12
LH:12
BRF:0
BRH:0
end_of_record
TN:
SF:src\routes\review.route.js
FNF:0
FNH:0
DA:1,13
DA:2,13
DA:3,13
DA:4,13
DA:5,13
DA:6,13
DA:9,13
DA:12,13
DA:15,13
DA:18,13
DA:20,13
LF:11
LH:11
BRF:0
BRH:0
end_of_record
TN:
SF:src\routes\role.route.js
FNF:0
FNH:0
DA:1,13
DA:2,13
DA:3,13
DA:4,13
DA:5,13
DA:6,13
DA:8,13
DA:9,13
DA:10,13
DA:12,13
LF:10
LH:10
BRF:0
BRH:0
end_of_record
TN:
SF:src\routes\statistics.route.js
FNF:0
FNH:0
DA:1,13
DA:2,13
DA:3,13
DA:4,13
DA:7,13
DA:9,13
DA:10,13
DA:11,13
DA:12,13
DA:13,13
DA:15,13
LF:11
LH:11
BRF:0
BRH:0
end_of_record
TN:
SF:src\routes\time-slot.route.js
FNF:0
FNH:0
DA:1,13
DA:2,13
DA:3,13
DA:4,13
DA:5,13
DA:6,13
DA:8,13
DA:9,13
DA:10,13
DA:11,13
DA:12,13
DA:14,13
LF:12
LH:12
BRF:0
BRH:0
end_of_record
TN:
SF:src\routes\user.route.js
FNF:0
FNH:0
DA:1,13
DA:2,13
DA:3,13
DA:4,13
DA:5,13
DA:6,13
DA:9,13
DA:10,13
DA:11,13
DA:14,13
DA:15,13
DA:17,13
LF:12
LH:12
BRF:0
BRH:0
end_of_record
TN:
SF:src\routes\voucher.route.js
FNF:0
FNH:0
DA:1,13
DA:2,13
DA:3,13
DA:4,13
DA:5,13
DA:6,13
DA:8,13
DA:9,13
DA:10,13
DA:11,13
DA:12,13
DA:14,13
LF:12
LH:12
BRF:0
BRH:0
end_of_record
TN:
SF:src\services\auth.service.js
FN:15,(anonymous_0)
FN:47,(anonymous_1)
FN:64,(anonymous_2)
FNF:3
FNH:2
FNDA:78,(anonymous_0)
FNDA:80,(anonymous_1)
FNDA:0,(anonymous_2)
DA:1,13
DA:2,13
DA:3,13
DA:4,13
DA:5,13
DA:6,13
DA:7,13
DA:15,13
DA:16,78
DA:17,78
DA:19,78
DA:20,78
DA:22,78
DA:25,78
DA:31,78
DA:32,78
DA:34,78
DA:35,78
DA:37,78
DA:39,78
DA:47,13
DA:48,80
DA:49,80
DA:52,79
DA:54,79
DA:55,79
DA:57,79
DA:64,13
DA:68,13
LF:29
LH:29
BRDA:17,0,0,0
BRDA:17,0,1,78
BRDA:20,1,0,0
BRDA:20,1,1,78
BRDA:49,2,0,1
BRDA:49,2,1,79
BRF:6
BRH:4
end_of_record
TN:
SF:src\services\booking-exchange.service.js
FN:17,(anonymous_0)
FN:43,(anonymous_1)
FN:64,(anonymous_2)
FN:114,(anonymous_3)
FN:171,(anonymous_4)
FNF:5
FNH:5
FNDA:2,(anonymous_0)
FNDA:1,(anonymous_1)
FNDA:9,(anonymous_2)
FNDA:9,(anonymous_3)
FNDA:4,(anonymous_4)
DA:1,14
DA:2,14
DA:3,14
DA:4,14
DA:5,14
DA:6,14
DA:7,14
DA:8,14
DA:10,14
DA:17,14
DA:18,2
DA:19,2
DA:21,2
DA:22,2
DA:33,2
DA:35,2
DA:43,14
DA:44,1
DA:54,1
DA:55,1
DA:64,14
DA:66,9
DA:69,9
DA:70,2
DA:74,7
DA:75,2
DA:79,5
DA:80,2
DA:84,3
DA:88,3
DA:89,2
DA:93,1
DA:94,1
DA:97,1
DA:104,1
DA:114,14
DA:115,9
DA:116,9
DA:118,9
DA:120,9
DA:121,9
DA:122,8
DA:123,6
DA:126,4
DA:127,4
DA:128,3
DA:129,2
DA:133,1
DA:134,1
DA:137,1
DA:138,1
DA:139,1
DA:140,1
DA:143,1
DA:150,1
DA:151,1
DA:152,1
DA:154,1
DA:155,1
DA:157,1
DA:159,8
DA:160,8
DA:161,8
DA:171,14
DA:172,4
DA:173,4
DA:174,4
DA:175,2
DA:177,2
DA:178,1
DA:181,1
DA:182,1
DA:184,1
DA:187,14
LF:74
LH:74
BRDA:17,0,0,2
BRDA:17,1,0,2
BRDA:19,2,0,2
BRDA:19,2,1,0
BRDA:54,3,0,0
BRDA:54,3,1,1
BRDA:69,4,0,2
BRDA:69,4,1,7
BRDA:74,5,0,2
BRDA:74,5,1,5
BRDA:79,6,0,2
BRDA:79,6,1,3
BRDA:88,7,0,2
BRDA:88,7,1,1
BRDA:121,8,0,1
BRDA:121,8,1,8
BRDA:122,9,0,2
BRDA:122,9,1,6
BRDA:123,10,0,2
BRDA:123,10,1,4
BRDA:127,11,0,1
BRDA:127,11,1,3
BRDA:128,12,0,2
BRDA:128,12,1,1
BRDA:138,13,0,0
BRDA:138,13,1,1
BRDA:173,14,0,0
BRDA:173,14,1,4
BRDA:174,15,0,2
BRDA:174,15,1,2
BRDA:177,16,0,1
BRDA:177,16,1,1
BRF:32
BRH:28
end_of_record
TN:
SF:src\services\booking.service.js
FN:18,(anonymous_0)
FN:93,(anonymous_1)
FN:114,(anonymous_2)
FN:131,(anonymous_3)
FN:151,(anonymous_4)
FN:169,(anonymous_5)
FNF:6
FNH:5
FNDA:10,(anonymous_0)
FNDA:1,(anonymous_1)
FNDA:10,(anonymous_2)
FNDA:1,(anonymous_3)
FNDA:0,(anonymous_4)
FNDA:1,(anonymous_5)
DA:1,15
DA:2,15
DA:3,15
DA:4,15
DA:5,15
DA:6,15
DA:7,15
DA:8,15
DA:9,15
DA:11,15
DA:18,15
DA:20,10
DA:21,10
DA:24,10
DA:25,10
DA:26,10
DA:29,10
DA:30,10
DA:31,10
DA:32,1
DA:35,9
DA:42,9
DA:43,1
DA:47,8
DA:50,8
DA:51,8
DA:52,8
DA:54,8
DA:55,2
DA:56,2
DA:59,1
DA:60,0
DA:61,0
DA:62,0
DA:64,1
DA:65,1
DA:68,1
DA:69,1
DA:72,7
DA:73,7
DA:75,7
DA:79,6
DA:80,6
DA:84,6
DA:93,15
DA:94,1
DA:95,1
DA:98,1
DA:99,1
DA:100,1
DA:103,1
DA:104,1
DA:105,1
DA:114,15
DA:115,10
DA:116,10
DA:118,9
DA:119,1
DA:122,8
DA:131,15
DA:132,1
DA:133,1
DA:136,1
DA:137,1
DA:141,1
DA:151,15
DA:152,0
DA:153,0
DA:155,0
DA:156,0
DA:159,0
DA:160,0
DA:169,15
DA:170,1
DA:171,1
DA:173,1
DA:174,0
DA:178,1
DA:182,1
DA:183,1
DA:187,0
DA:188,0
DA:191,0
DA:196,15
LF:84
LH:71
BRDA:31,0,0,1
BRDA:31,0,1,9
BRDA:42,1,0,1
BRDA:42,1,1,8
BRDA:54,2,0,2
BRDA:54,2,1,6
BRDA:56,3,0,1
BRDA:56,3,1,1
BRDA:59,4,0,0
BRDA:59,4,1,1
BRDA:61,5,0,0
BRDA:61,5,1,0
BRDA:61,6,0,0
BRDA:61,6,1,0
BRDA:64,7,0,1
BRDA:64,7,1,0
BRDA:69,8,0,0
BRDA:69,8,1,1
BRDA:93,9,0,0
BRDA:94,10,0,1
BRDA:94,11,0,1
BRDA:99,12,0,1
BRDA:99,12,1,0
BRDA:99,13,0,1
BRDA:99,13,1,1
BRDA:116,14,0,1
BRDA:116,14,1,9
BRDA:118,15,0,1
BRDA:118,15,1,8
BRDA:118,16,0,9
BRDA:118,16,1,1
BRDA:118,16,2,1
BRDA:133,17,0,0
BRDA:133,17,1,1
BRDA:136,18,0,1
BRDA:136,18,1,0
BRDA:153,19,0,0
BRDA:153,19,1,0
BRDA:155,20,0,0
BRDA:155,20,1,0
BRDA:155,21,0,0
BRDA:155,21,1,0
BRDA:155,21,2,0
BRDA:171,22,0,0
BRDA:171,22,1,1
BRDA:173,23,0,0
BRDA:173,23,1,1
BRDA:173,24,0,1
BRDA:173,24,1,0
BRDA:173,24,2,0
BRDA:182,25,0,1
BRDA:182,25,1,0
BRF:52
BRH:29
end_of_record
TN:
SF:src\services\court.service.js
FN:11,(anonymous_0)
FN:27,(anonymous_1)
FN:38,(anonymous_2)
FN:48,(anonymous_3)
FN:59,(anonymous_4)
FNF:5
FNH:5
FNDA:1,(anonymous_0)
FNDA:11,(anonymous_1)
FNDA:1,(anonymous_2)
FNDA:1,(anonymous_3)
FNDA:1,(anonymous_4)
DA:1,15
DA:2,15
DA:3,15
DA:4,15
DA:11,15
DA:12,1
DA:13,1
DA:15,1
DA:16,1
DA:17,1
DA:19,1
DA:27,15
DA:28,11
DA:29,11
DA:30,11
DA:38,15
DA:39,1
DA:48,15
DA:49,1
DA:50,1
DA:51,1
DA:59,15
DA:60,1
DA:65,1
DA:68,15
LF:25
LH:25
BRDA:11,0,0,1
BRDA:11,1,0,1
BRDA:13,2,0,0
BRDA:13,2,1,1
BRDA:29,3,0,0
BRDA:29,3,1,11
BRDA:50,4,0,0
BRDA:50,4,1,1
BRDA:65,5,0,0
BRDA:65,5,1,1
BRF:10
BRH:6
end_of_record
TN:
SF:src\services\order.service.js
FN:12,(anonymous_0)
FN:32,(anonymous_1)
FN:45,(anonymous_2)
FN:103,(anonymous_3)
FN:140,(anonymous_4)
FN:155,(anonymous_5)
FNF:6
FNH:5
FNDA:0,(anonymous_0)
FNDA:1,(anonymous_1)
FNDA:4,(anonymous_2)
FNDA:1,(anonymous_3)
FNDA:2,(anonymous_4)
FNDA:2,(anonymous_5)
DA:1,13
DA:2,13
DA:3,13
DA:4,13
DA:5,13
DA:12,13
DA:13,0
DA:14,0
DA:15,0
DA:16,0
DA:18,0
DA:19,0
DA:22,0
DA:24,0
DA:32,13
DA:33,1
DA:36,1
DA:37,1
DA:45,13
DA:46,4
DA:47,4
DA:49,4
DA:50,4
DA:51,4
DA:54,4
DA:55,4
DA:56,4
DA:57,0
DA:59,4
DA:60,1
DA:62,3
DA:63,1
DA:67,2
DA:68,2
DA:70,2
DA:72,2
DA:80,2
DA:86,2
DA:87,2
DA:89,2
DA:91,2
DA:92,2
DA:93,2
DA:103,13
DA:104,1
DA:105,1
DA:108,1
DA:109,1
DA:110,1
DA:111,1
DA:112,1
DA:113,1
DA:115,1
DA:116,1
DA:120,1
DA:121,1
DA:122,1
DA:124,0
DA:125,0
DA:126,0
DA:130,0
DA:131,0
DA:140,13
DA:141,2
DA:142,2
DA:144,2
DA:145,2
DA:146,2
DA:147,0
DA:149,2
DA:150,0
DA:153,2
DA:155,2
DA:156,2
DA:157,1
DA:159,1
DA:160,0
DA:162,1
DA:163,0
DA:167,1
DA:170,1
DA:175,1
DA:177,1
DA:178,1
DA:181,1
DA:183,1
DA:184,1
DA:185,1
DA:189,13
LF:89
LH:71
BRDA:12,0,0,0
BRDA:12,1,0,0
BRDA:14,2,0,0
BRDA:14,2,1,0
BRDA:15,3,0,0
BRDA:15,3,1,0
BRDA:16,4,0,0
BRDA:16,4,1,0
BRDA:36,5,0,0
BRDA:36,5,1,1
BRDA:56,6,0,0
BRDA:56,6,1,4
BRDA:59,7,0,1
BRDA:59,7,1,3
BRDA:62,8,0,1
BRDA:62,8,1,2
BRDA:105,9,0,0
BRDA:105,9,1,1
BRDA:108,10,0,1
BRDA:108,10,1,0
BRDA:108,11,0,1
BRDA:108,11,1,1
BRDA:146,12,0,0
BRDA:146,12,1,2
BRDA:149,13,0,0
BRDA:149,13,1,2
BRDA:156,14,0,1
BRDA:156,14,1,1
BRDA:159,15,0,0
BRDA:159,15,1,1
BRDA:162,16,0,0
BRDA:162,16,1,1
BRF:32
BRH:16
end_of_record
TN:
SF:src\services\payment.service.js
FN:18,(anonymous_0)
FN:31,(anonymous_1)
FN:51,(anonymous_2)
FN:68,(anonymous_3)
FN:84,(anonymous_4)
FN:114,(anonymous_5)
FN:185,(anonymous_6)
FN:226,(anonymous_7)
FN:290,(anonymous_8)
FNF:9
FNH:5
FNDA:0,(anonymous_0)
FNDA:0,(anonymous_1)
FNDA:1,(anonymous_2)
FNDA:0,(anonymous_3)
FNDA:1,(anonymous_4)
FNDA:10,(anonymous_5)
FNDA:1,(anonymous_6)
FNDA:0,(anonymous_7)
FNDA:9,(anonymous_8)
DA:1,14
DA:2,14
DA:3,14
DA:4,14
DA:5,14
DA:6,14
DA:7,14
DA:8,14
DA:9,14
DA:10,14
DA:11,14
DA:18,14
DA:19,0
DA:20,0
DA:22,0
DA:31,14
DA:32,0
DA:33,0
DA:35,0
DA:36,0
DA:37,0
DA:40,0
DA:41,0
DA:42,0
DA:51,14
DA:52,1
DA:53,1
DA:55,1
DA:56,1
DA:59,0
DA:68,14
DA:69,0
DA:70,0
DA:71,0
DA:84,14
DA:85,1
DA:86,1
DA:88,1
DA:96,1
DA:98,1
DA:105,1
DA:114,14
DA:115,10
DA:117,10
DA:118,1
DA:121,9
DA:122,9
DA:123,1
DA:127,8
DA:128,2
DA:131,6
DA:132,2
DA:133,2
DA:134,2
DA:135,2
DA:136,2
DA:141,4
DA:142,2
DA:143,2
DA:144,2
DA:145,2
DA:148,2
DA:149,2
DA:150,2
DA:151,2
DA:152,2
DA:153,2
DA:154,2
DA:156,1
DA:162,1
DA:164,1
DA:165,1
DA:167,1
DA:168,1
DA:169,1
DA:172,1
DA:185,14
DA:186,1
DA:187,1
DA:189,1
DA:197,1
DA:199,1
DA:206,1
DA:207,0
DA:208,0
DA:209,0
DA:210,0
DA:213,1
DA:214,1
DA:215,1
DA:217,1
DA:226,14
DA:227,0
DA:229,0
DA:230,0
DA:233,0
DA:234,0
DA:235,0
DA:239,0
DA:240,0
DA:243,0
DA:244,0
DA:246,0
DA:247,0
DA:248,0
DA:249,0
DA:250,0
DA:254,0
DA:255,0
DA:256,0
DA:257,0
DA:258,0
DA:259,0
DA:260,0
DA:261,0
DA:263,0
DA:265,0
DA:271,0
DA:273,0
DA:274,0
DA:276,0
DA:277,0
DA:278,0
DA:281,0
DA:290,14
DA:291,9
DA:292,9
DA:293,2
DA:297,7
DA:298,1
DA:302,6
DA:303,6
DA:304,1
DA:308,5
DA:309,5
DA:310,1
DA:313,4
DA:314,4
DA:315,1
DA:319,3
DA:320,0
DA:325,3
DA:326,2
DA:327,2
DA:328,2
DA:329,2
DA:332,1
DA:333,1
DA:334,1
DA:335,1
DA:336,1
DA:337,1
DA:338,1
DA:340,1
DA:346,1
DA:348,1
DA:349,1
DA:351,0
DA:352,0
DA:353,0
DA:356,1
DA:359,14
LF:162
LH:107
BRDA:31,0,0,0
BRDA:32,1,0,0
BRDA:32,2,0,0
BRDA:36,3,0,0
BRDA:36,3,1,0
BRDA:36,4,0,0
BRDA:36,4,1,0
BRDA:53,5,0,0
BRDA:53,5,1,1
BRDA:55,6,0,1
BRDA:55,6,1,0
BRDA:55,7,0,1
BRDA:55,7,1,1
BRDA:55,7,2,1
BRDA:70,8,0,0
BRDA:70,8,1,0
BRDA:117,9,0,1
BRDA:117,9,1,9
BRDA:122,10,0,1
BRDA:122,10,1,8
BRDA:127,11,0,2
BRDA:127,11,1,6
BRDA:131,12,0,2
BRDA:131,12,1,4
BRDA:133,13,0,2
BRDA:133,13,1,1
BRDA:141,14,0,2
BRDA:141,14,1,2
BRDA:141,15,0,4
BRDA:141,15,1,4
BRDA:152,16,0,2
BRDA:152,16,1,1
BRDA:197,17,0,1
BRDA:197,17,1,1
BRDA:197,17,2,0
BRDA:206,18,0,0
BRDA:206,18,1,1
BRDA:229,19,0,0
BRDA:229,19,1,0
BRDA:234,20,0,0
BRDA:234,20,1,0
BRDA:239,21,0,0
BRDA:239,21,1,0
BRDA:243,22,0,0
BRDA:243,22,1,0
BRDA:246,23,0,0
BRDA:246,23,1,0
BRDA:260,24,0,0
BRDA:260,24,1,0
BRDA:292,25,0,2
BRDA:292,25,1,7
BRDA:297,26,0,1
BRDA:297,26,1,6
BRDA:303,27,0,1
BRDA:303,27,1,5
BRDA:309,28,0,1
BRDA:309,28,1,4
BRDA:314,29,0,1
BRDA:314,29,1,3
BRDA:319,30,0,0
BRDA:319,30,1,3
BRDA:325,31,0,2
BRDA:325,31,1,1
BRDA:325,32,0,3
BRDA:325,32,1,3
BRDA:336,33,0,1
BRDA:336,33,1,0
BRF:67
BRH:40
end_of_record
TN:
SF:src\services\product.service.js
FN:9,(anonymous_0)
FN:27,(anonymous_1)
FN:38,(anonymous_2)
FN:48,(anonymous_3)
FNF:4
FNH:4
FNDA:2,(anonymous_0)
FNDA:1,(anonymous_1)
FNDA:1,(anonymous_2)
FNDA:1,(anonymous_3)
DA:1,14
DA:2,14
DA:9,14
DA:10,2
DA:11,2
DA:12,2
DA:13,2
DA:15,2
DA:16,2
DA:17,2
DA:19,2
DA:27,14
DA:28,1
DA:29,1
DA:30,0
DA:38,14
DA:39,1
DA:48,14
DA:49,1
DA:50,1
DA:51,0
DA:54,14
LF:22
LH:20
BRDA:9,0,0,2
BRDA:9,1,0,2
BRDA:9,2,0,1
BRDA:11,3,0,2
BRDA:11,3,1,0
BRDA:12,4,0,1
BRDA:12,4,1,1
BRDA:13,5,0,1
BRDA:13,5,1,1
BRDA:29,6,0,1
BRDA:29,6,1,0
BRDA:50,7,0,1
BRDA:50,7,1,0
BRF:13
BRH:10
end_of_record
TN:
SF:src\services\review.service.js
FN:13,(anonymous_0)
FN:27,(anonymous_1)
FN:36,(anonymous_2)
FN:47,(anonymous_3)
FNF:4
FNH:2
FNDA:1,(anonymous_0)
FNDA:1,(anonymous_1)
FNDA:0,(anonymous_2)
FNDA:0,(anonymous_3)
DA:1,13
DA:2,13
DA:3,13
DA:4,13
DA:5,13
DA:13,13
DA:15,1
DA:16,1
DA:17,1
DA:19,1
DA:27,13
DA:28,1
DA:36,13
DA:37,0
DA:38,0
DA:47,13
DA:48,0
DA:49,0
DA:50,0
DA:53,13
LF:20
LH:15
BRDA:38,0,0,0
BRDA:38,0,1,0
BRDA:49,1,0,0
BRDA:49,1,1,0
BRF:4
BRH:0
end_of_record
TN:
SF:src\services\role.service.js
FN:9,(anonymous_0)
FN:18,(anonymous_1)
FN:29,(anonymous_2)
FNF:3
FNH:3
FNDA:1,(anonymous_0)
FNDA:158,(anonymous_1)
FNDA:2,(anonymous_2)
DA:1,17
DA:2,17
DA:3,17
DA:9,17
DA:10,1
DA:18,17
DA:19,158
DA:20,158
DA:21,158
DA:29,17
DA:30,2
DA:31,2
DA:32,1
DA:35,17
LF:14
LH:14
BRDA:20,0,0,0
BRDA:20,0,1,158
BRDA:31,1,0,1
BRDA:31,1,1,1
BRF:4
BRH:3
end_of_record
TN:
SF:src\services\statistics.service.js
FN:11,(anonymous_0)
FN:46,(anonymous_1)
FN:81,(anonymous_2)
FN:110,(anonymous_3)
FN:136,(anonymous_4)
FNF:5
FNH:2
FNDA:0,(anonymous_0)
FNDA:1,(anonymous_1)
FNDA:1,(anonymous_2)
FNDA:0,(anonymous_3)
FNDA:0,(anonymous_4)
DA:1,13
DA:2,13
DA:3,13
DA:4,13
DA:11,13
DA:12,0
DA:13,0
DA:15,0
DA:46,13
DA:47,1
DA:81,13
DA:82,1
DA:83,1
DA:85,1
DA:98,1
DA:110,13
DA:111,0
DA:136,13
DA:137,0
DA:155,13
LF:20
LH:15
BRDA:46,0,0,0
BRDA:101,1,0,1
BRDA:101,1,1,1
BRF:3
BRH:2
end_of_record
TN:
SF:src\services\time-slot.service.js
FN:10,(anonymous_0)
FN:19,(anonymous_1)
FN:30,(anonymous_2)
FN:45,(anonymous_3)
FN:56,(anonymous_4)
FNF:5
FNH:3
FNDA:1,(anonymous_0)
FNDA:8,(anonymous_1)
FNDA:1,(anonymous_2)
FNDA:0,(anonymous_3)
FNDA:0,(anonymous_4)
DA:1,15
DA:2,15
DA:3,15
DA:4,15
DA:10,15
DA:11,1
DA:19,15
DA:20,8
DA:21,8
DA:22,8
DA:30,15
DA:31,1
DA:32,1
DA:33,0
DA:36,1
DA:45,15
DA:46,0
DA:47,0
DA:48,0
DA:56,15
DA:57,0
DA:58,0
DA:61,0
DA:65,0
DA:66,0
DA:69,0
DA:72,15
LF:27
LH:17
BRDA:21,0,0,0
BRDA:21,0,1,8
BRDA:32,1,0,0
BRDA:32,1,1,1
BRDA:47,2,0,0
BRDA:47,2,1,0
BRDA:58,3,0,0
BRDA:58,3,1,0
BRDA:65,4,0,0
BRDA:65,4,1,0
BRF:10
BRH:2
end_of_record
TN:
SF:src\services\user.service.js
FN:12,(anonymous_0)
FN:30,(anonymous_1)
FN:42,(anonymous_2)
FN:54,(anonymous_3)
FN:79,(anonymous_4)
FNF:5
FNH:5
FNDA:2,(anonymous_0)
FNDA:1,(anonymous_1)
FNDA:16,(anonymous_2)
FNDA:5,(anonymous_3)
FNDA:5,(anonymous_4)
DA:1,17
DA:2,17
DA:3,17
DA:4,17
DA:5,17
DA:12,17
DA:13,2
DA:14,2
DA:17,1
DA:19,1
DA:20,1
DA:22,1
DA:30,17
DA:31,1
DA:32,1
DA:33,1
DA:34,1
DA:42,17
DA:43,16
DA:44,16
DA:45,14
DA:54,17
DA:55,5
DA:57,2
DA:60,5
DA:61,2
DA:62,2
DA:65,5
DA:70,5
DA:71,3
DA:79,17
DA:80,5
DA:81,5
DA:84,4
DA:88,4
DA:89,2
DA:92,2
DA:93,2
DA:96,17
LF:39
LH:39
BRDA:14,0,0,1
BRDA:14,0,1,1
BRDA:30,1,0,1
BRDA:30,2,0,1
BRDA:44,3,0,2
BRDA:44,3,1,14
BRDA:55,4,0,2
BRDA:55,4,1,3
BRDA:60,5,0,2
BRDA:60,5,1,3
BRDA:70,6,0,2
BRDA:70,6,1,3
BRDA:81,7,0,1
BRDA:81,7,1,4
BRDA:88,8,0,2
BRDA:88,8,1,2
BRF:16
BRH:16
end_of_record
TN:
SF:src\services\voucher.service.js
FN:9,(anonymous_0)
FN:19,(anonymous_1)
FN:31,(anonymous_2)
FN:43,(anonymous_3)
FN:54,(anonymous_4)
FNF:5
FNH:5
FNDA:2,(anonymous_0)
FNDA:1,(anonymous_1)
FNDA:3,(anonymous_2)
FNDA:1,(anonymous_3)
FNDA:2,(anonymous_4)
DA:1,16
DA:2,16
DA:9,16
DA:10,2
DA:11,2
DA:12,1
DA:19,16
DA:20,1
DA:21,1
DA:22,1
DA:23,1
DA:31,16
DA:32,3
DA:33,3
DA:34,2
DA:43,16
DA:44,1
DA:45,1
DA:46,0
DA:54,16
DA:55,2
DA:56,2
DA:58,1
DA:59,1
DA:62,16
LF:25
LH:24
BRDA:11,0,0,1
BRDA:11,0,1,1
BRDA:19,1,0,1
BRDA:19,2,0,1
BRDA:33,3,0,1
BRDA:33,3,1,2
BRDA:45,4,0,1
BRDA:45,4,1,0
BRDA:56,5,0,1
BRDA:56,5,1,1
BRF:10
BRH:9
end_of_record
TN:
SF:src\services\external\momo.service.js
FN:13,(anonymous_0)
FN:80,(anonymous_1)
FN:112,(anonymous_2)
FN:113,(anonymous_3)
FN:140,(anonymous_4)
FN:179,(anonymous_5)
FN:209,(anonymous_6)
FNF:7
FNH:0
FNDA:0,(anonymous_0)
FNDA:0,(anonymous_1)
FNDA:0,(anonymous_2)
FNDA:0,(anonymous_3)
FNDA:0,(anonymous_4)
FNDA:0,(anonymous_5)
FNDA:0,(anonymous_6)
DA:1,14
DA:2,14
DA:13,14
DA:14,0
DA:15,0
DA:18,0
DA:19,0
DA:20,0
DA:23,0
DA:24,0
DA:26,0
DA:30,0
DA:41,0
DA:43,0
DA:58,0
DA:64,0
DA:66,0
DA:80,14
DA:81,0
DA:82,0
DA:83,0
DA:85,0
DA:86,0
DA:87,0
DA:88,0
DA:89,0
DA:90,0
DA:97,0
DA:98,0
DA:99,0
DA:100,0
DA:104,0
DA:112,14
DA:113,0
DA:116,0
DA:130,0
DA:132,0
DA:140,14
DA:142,0
DA:147,0
DA:149,0
DA:158,0
DA:164,0
DA:166,0
DA:167,0
DA:170,0
DA:171,0
DA:179,14
DA:181,0
DA:182,0
DA:183,0
DA:184,0
DA:185,0
DA:186,0
DA:194,0
DA:195,0
DA:196,0
DA:199,0
DA:209,14
DA:210,0
DA:211,0
DA:212,0
DA:215,14
LF:63
LH:9
BRDA:14,0,0,0
BRDA:14,0,1,0
BRDA:67,1,0,0
BRDA:67,1,1,0
BRDA:69,2,0,0
BRDA:69,2,1,0
BRDA:70,3,0,0
BRDA:70,3,1,0
BRDA:70,3,2,0
BRDA:71,4,0,0
BRDA:71,4,1,0
BRDA:71,4,2,0
BRDA:81,5,0,0
BRDA:81,5,1,0
BRDA:82,6,0,0
BRDA:82,6,1,0
BRDA:83,7,0,0
BRDA:83,7,1,0
BRDA:86,8,0,0
BRDA:86,8,1,0
BRDA:90,9,0,0
BRDA:90,9,1,0
BRDA:97,10,0,0
BRDA:97,10,1,0
BRDA:97,11,0,0
BRDA:97,11,1,0
BRDA:99,12,0,0
BRDA:99,12,1,0
BRDA:113,13,0,0
BRDA:113,13,1,0
BRDA:113,14,0,0
BRDA:113,14,1,0
BRDA:132,15,0,0
BRDA:132,15,1,0
BRDA:166,16,0,0
BRDA:166,16,1,0
BRDA:170,17,0,0
BRDA:170,17,1,0
BRDA:181,18,0,0
BRDA:181,18,1,0
BRDA:185,19,0,0
BRDA:185,19,1,0
BRDA:194,20,0,0
BRDA:194,20,1,0
BRDA:196,21,0,0
BRDA:196,21,1,0
BRF:46
BRH:0
end_of_record
TN:
SF:src\services\external\vnpay.service.js
FN:15,(anonymous_0)
FN:47,(anonymous_1)
FN:79,(anonymous_2)
FNF:3
FNH:2
FNDA:1,(anonymous_0)
FNDA:0,(anonymous_1)
FNDA:1,(anonymous_2)
DA:1,14
DA:2,14
DA:15,14
DA:16,1
DA:17,1
DA:19,1
DA:21,1
DA:22,1
DA:23,1
DA:24,1
DA:25,1
DA:26,1
DA:27,1
DA:28,1
DA:29,1
DA:30,1
DA:31,1
DA:32,1
DA:34,1
DA:35,0
DA:38,1
DA:39,1
DA:47,14
DA:48,0
DA:49,0
DA:51,0
DA:52,0
DA:55,0
DA:56,0
DA:57,0
DA:58,0
DA:59,0
DA:63,0
DA:79,14
DA:80,1
DA:81,1
DA:82,1
DA:83,1
DA:84,1
DA:85,1
DA:86,1
DA:89,14
LF:42
LH:31
BRDA:27,0,0,1
BRDA:27,0,1,0
BRDA:28,1,0,1
BRDA:28,1,1,1
BRDA:29,2,0,1
BRDA:29,2,1,0
BRDA:34,3,0,0
BRDA:34,3,1,1
BRDA:56,4,0,0
BRDA:56,4,1,0
BRDA:58,5,0,0
BRDA:58,5,1,0
BRDA:64,6,0,0
BRDA:64,6,1,0
BRF:14
BRH:5
end_of_record
TN:
SF:src\utils\response.js
FN:1,(anonymous_0)
FNF:1
FNH:1
FNDA:231,(anonymous_0)
DA:1,13
DA:2,231
DA:10,13
LF:3
LH:3
BRDA:1,0,0,5
BRDA:1,1,0,231
BRF:2
BRH:2
end_of_record
TN:
SF:src\utils\vnpay.lib.js
FN:9,(anonymous_0)
FN:21,(anonymous_1)
FN:32,(anonymous_2)
FN:43,(anonymous_3)
FN:53,(anonymous_4)
FN:57,(anonymous_5)
FN:58,(anonymous_6)
FN:74,(anonymous_7)
FN:107,(anonymous_8)
FN:118,(anonymous_9)
FN:124,(anonymous_10)
FN:125,(anonymous_11)
FN:138,(anonymous_12)
FN:149,(anonymous_13)
FNF:14
FNH:7
FNDA:1,(anonymous_0)
FNDA:12,(anonymous_1)
FNDA:0,(anonymous_2)
FNDA:0,(anonymous_3)
FNDA:1,(anonymous_4)
FNDA:12,(anonymous_5)
FNDA:12,(anonymous_6)
FNDA:0,(anonymous_7)
FNDA:0,(anonymous_8)
FNDA:0,(anonymous_9)
FNDA:0,(anonymous_10)
FNDA:0,(anonymous_11)
FNDA:1,(anonymous_12)
FNDA:1,(anonymous_13)
DA:1,15
DA:2,15
DA:11,1
DA:13,1
DA:22,12
DA:23,12
DA:33,0
DA:34,0
DA:44,0
DA:54,1
DA:56,1
DA:57,12
DA:59,12
DA:60,12
DA:64,1
DA:65,1
DA:75,0
DA:77,0
DA:78,0
DA:79,0
DA:83,0
DA:84,0
DA:85,0
DA:86,0
DA:87,0
DA:89,0
DA:91,0
DA:108,0
DA:109,0
DA:110,0
DA:119,0
DA:120,0
DA:122,0
DA:123,0
DA:124,0
DA:126,0
DA:127,0
DA:139,1
DA:140,1
DA:141,1
DA:150,1
DA:151,1
DA:152,1
DA:153,0
DA:155,1
DA:157,0
DA:162,15
LF:47
LH:21
BRDA:22,0,0,12
BRDA:22,0,1,0
BRDA:22,1,0,12
BRDA:22,1,1,12
BRDA:22,1,2,12
BRDA:33,2,0,0
BRDA:33,2,1,0
BRDA:33,3,0,0
BRDA:33,3,1,0
BRDA:33,3,2,0
BRDA:44,4,0,0
BRDA:44,4,1,0
BRDA:78,5,0,0
BRDA:78,5,1,0
BRDA:78,6,0,0
BRDA:78,6,1,0
BRDA:86,7,0,0
BRDA:86,7,1,0
BRDA:110,8,0,0
BRDA:110,8,1,0
BRDA:152,9,0,0
BRDA:152,9,1,1
BRDA:153,10,0,0
BRDA:153,10,1,0
BRDA:155,11,0,1
BRDA:155,11,1,0
BRDA:155,11,2,0
BRF:27
BRH:6
end_of_record
TN:
SF:src\validations\booking-exchange.validation.js
FNF:0
FNH:0
DA:1,13
DA:3,13
DA:9,13
LF:3
LH:3
BRF:0
BRH:0
end_of_record
TN:
SF:src\validations\booking.validation.js
FNF:0
FNH:0
DA:1,13
DA:3,13
DA:13,13
DA:19,13
DA:28,13
LF:5
LH:5
BRF:0
BRH:0
end_of_record
TN:
SF:src\validations\court.validation.js
FN:10,(anonymous_0)
FN:29,(anonymous_1)
FNF:2
FNH:0
FNDA:0,(anonymous_0)
FNDA:0,(anonymous_1)
DA:1,13
DA:3,13
DA:11,0
DA:12,0
DA:19,13
DA:30,0
DA:31,0
DA:37,13
LF:8
LH:4
BRDA:11,0,0,0
BRDA:11,0,1,0
BRDA:30,1,0,0
BRDA:30,1,1,0
BRF:4
BRH:0
end_of_record
TN:
SF:src\validations\order.validation.js
FNF:0
FNH:0
DA:1,13
DA:3,13
DA:16,13
DA:22,13
DA:31,13
LF:5
LH:5
BRF:0
BRH:0
end_of_record
TN:
SF:src\validations\payment.validation.js
FNF:0
FNH:0
DA:1,13
DA:3,13
DA:12,13
DA:18,13
DA:24,13
DA:31,13
LF:6
LH:6
BRF:0
BRH:0
end_of_record
TN:
SF:src\validations\product.validation.js
FNF:0
FNH:0
DA:1,13
DA:3,13
DA:14,13
DA:25,13
LF:4
LH:4
BRF:0
BRH:0
end_of_record
TN:
SF:src\validations\review.validation.js
FNF:0
FNH:0
DA:1,13
DA:3,13
DA:13,13
DA:20,13
LF:4
LH:4
BRF:0
BRH:0
end_of_record
TN:
SF:src\validations\role.validation.js
FN:6,(anonymous_0)
FNF:1
FNH:0
FNDA:0,(anonymous_0)
DA:1,13
DA:3,13
DA:6,0
DA:11,13
LF:4
LH:3
BRF:0
BRH:0
end_of_record
TN:
SF:src\validations\time-slot.validation.js
FN:11,(anonymous_0)
FNF:1
FNH:1
FNDA:2,(anonymous_0)
DA:1,13
DA:3,13
DA:5,13
DA:12,2
DA:13,2
DA:14,2
DA:21,13
LF:7
LH:7
BRF:0
BRH:0
end_of_record
TN:
SF:src\validations\user.validation.js
FNF:0
FNH:0
DA:1,13
DA:3,13
DA:13,13
DA:20,13
DA:30,13
LF:5
LH:5
BRF:0
BRH:0
end_of_record
TN:
SF:src\validations\voucher.validation.js
FN:11,(anonymous_0)
FN:12,(anonymous_1)
FNF:2
FNH:2
FNDA:1,(anonymous_0)
FNDA:1,(anonymous_1)
DA:1,13
DA:3,13
DA:11,1
DA:12,1
DA:20,13
DA:24,13
LF:6
LH:6
BRDA:11,0,0,1
BRDA:11,0,1,0
BRDA:12,1,0,1
BRDA:12,1,1,0
BRF:4
BRH:2
end_of_record
