{"numFailedTestSuites":1,"numFailedTests":3,"numPassedTestSuites":0,"numPassedTests":1,"numPendingTestSuites":0,"numPendingTests":0,"numRuntimeErrorTestSuites":0,"numTodoTests":0,"numTotalTestSuites":1,"numTotalTests":4,"openHandles":[],"snapshot":{"added":0,"didUpdate":false,"failure":false,"filesAdded":0,"filesRemoved":0,"filesRemovedList":[],"filesUnmatched":0,"filesUpdated":0,"matched":0,"total":0,"unchecked":0,"uncheckedKeysByFile":[],"unmatched":0,"updated":0},"startTime":1774159521298,"success":false,"testResults":[{"assertionResults":[{"ancestorTitles":["Booking API","POST /api/v1/bookings"],"duration":25,"failing":false,"failureDetails":[],"failureMessages":[],"fullName":"Booking API POST /api/v1/bookings should create a booking successfully","invocations":1,"location":null,"numPassingAsserts":4,"retryReasons":[],"startAt":1774159522652,"status":"passed","title":"should create a booking successfully"},{"ancestorTitles":["Booking API","POST /api/v1/bookings"],"duration":27,"failing":false,"failureDetails":[{"matcherResult":{"actual":404,"expected":400,"message":"\u001b[2mexpect(\u001b[22m\u001b[31mreceived\u001b[39m\u001b[2m).\u001b[22mtoBe\u001b[2m(\u001b[22m\u001b[32mexpected\u001b[39m\u001b[2m) // Object.is equality\u001b[22m\n\nExpected: \u001b[32m400\u001b[39m\nReceived: \u001b[31m404\u001b[39m","name":"toBe","pass":false}}],"failureMessages":["Error: \u001b[2mexpect(\u001b[22m\u001b[31mreceived\u001b[39m\u001b[2m).\u001b[22mtoBe\u001b[2m(\u001b[22m\u001b[32mexpected\u001b[39m\u001b[2m) // Object.is equality\u001b[22m\n\nExpected: \u001b[32m400\u001b[39m\nReceived: \u001b[31m404\u001b[39m\n    at Object.toBe (C:\\Hoc\\New folder\\CauLongVui\\BE\\tests\\integration\\booking.api.test.js:65:30)\n    at processTicksAndRejections (node:internal/process/task_queues:105:5)"],"fullName":"Booking API POST /api/v1/bookings should fail if slot is already booked","invocations":1,"location":null,"numPassingAsserts":0,"retryReasons":[],"startAt":1774159522678,"status":"failed","title":"should fail if slot is already booked"},{"ancestorTitles":["Booking API","GET /api/v1/bookings"],"duration":16,"failing":false,"failureDetails":[{"matcherResult":{"actual":0,"expected":1,"message":"\u001b[2mexpect(\u001b[22m\u001b[31mreceived\u001b[39m\u001b[2m).\u001b[22mtoBe\u001b[2m(\u001b[22m\u001b[32mexpected\u001b[39m\u001b[2m) // Object.is equality\u001b[22m\n\nExpected: \u001b[32m1\u001b[39m\nReceived: \u001b[31m0\u001b[39m","name":"toBe","pass":false}}],"failureMessages":["Error: \u001b[2mexpect(\u001b[22m\u001b[31mreceived\u001b[39m\u001b[2m).\u001b[22mtoBe\u001b[2m(\u001b[22m\u001b[32mexpected\u001b[39m\u001b[2m) // Object.is equality\u001b[22m\n\nExpected: \u001b[32m1\u001b[39m\nReceived: \u001b[31m0\u001b[39m\n    at Object.toBe (C:\\Hoc\\New folder\\CauLongVui\\BE\\tests\\integration\\booking.api.test.js:78:42)\n    at processTicksAndRejections (node:internal/process/task_queues:105:5)"],"fullName":"Booking API GET /api/v1/bookings should retrieve my bookings","invocations":1,"location":null,"numPassingAsserts":1,"retryReasons":[],"startAt":1774159522706,"status":"failed","title":"should retrieve my bookings"},{"ancestorTitles":["Booking API","PATCH /api/v1/bookings/:id/status"],"duration":8,"failing":false,"failureDetails":[{}],"failureMessages":["TypeError: Cannot read properties of null (reading '_id')\n    at Object._id (C:\\Hoc\\New folder\\CauLongVui\\BE\\tests\\integration\\booking.api.test.js:87:44)\n    at processTicksAndRejections (node:internal/process/task_queues:105:5)"],"fullName":"Booking API PATCH /api/v1/bookings/:id/status should update booking status (Admin/Secret)","invocations":1,"location":null,"numPassingAsserts":0,"retryReasons":[],"startAt":1774159522722,"status":"failed","title":"should update booking status (Admin/Secret)"}],"endTime":1774159522781,"message":"\u001b[1m\u001b[31m  \u001b[1m● \u001b[22m\u001b[1mBooking API › POST /api/v1/bookings › should fail if slot is already booked\u001b[39m\u001b[22m\n\n    \u001b[2mexpect(\u001b[22m\u001b[31mreceived\u001b[39m\u001b[2m).\u001b[22mtoBe\u001b[2m(\u001b[22m\u001b[32mexpected\u001b[39m\u001b[2m) // Object.is equality\u001b[22m\n\n    Expected: \u001b[32m400\u001b[39m\n    Received: \u001b[31m404\u001b[39m\n\u001b[2m\u001b[22m\n\u001b[2m    \u001b[0m \u001b[90m 63 |\u001b[39m         })\u001b[33m;\u001b[39m\u001b[22m\n\u001b[2m     \u001b[90m 64 |\u001b[39m       \u001b[22m\n\u001b[2m    \u001b[31m\u001b[1m>\u001b[22m\u001b[2m\u001b[39m\u001b[90m 65 |\u001b[39m       expect(res\u001b[33m.\u001b[39mstatusCode)\u001b[33m.\u001b[39mtoBe(\u001b[35m400\u001b[39m)\u001b[33m;\u001b[39m\u001b[22m\n\u001b[2m     \u001b[90m    |\u001b[39m                              \u001b[31m\u001b[1m^\u001b[22m\u001b[2m\u001b[39m\u001b[22m\n\u001b[2m     \u001b[90m 66 |\u001b[39m       expect(res\u001b[33m.\u001b[39mbody\u001b[33m.\u001b[39mmessage)\u001b[33m.\u001b[39mtoMatch(\u001b[35m/already booked/\u001b[39m)\u001b[33m;\u001b[39m\u001b[22m\n\u001b[2m     \u001b[90m 67 |\u001b[39m     })\u001b[33m;\u001b[39m\u001b[22m\n\u001b[2m     \u001b[90m 68 |\u001b[39m   })\u001b[33m;\u001b[39m\u001b[0m\u001b[22m\n\u001b[2m\u001b[22m\n\u001b[2m      \u001b[2mat Object.toBe (\u001b[22m\u001b[2m\u001b[0m\u001b[36mtests/integration/booking.api.test.js\u001b[39m\u001b[0m\u001b[2m:65:30)\u001b[22m\u001b[2m\u001b[22m\n\n\u001b[1m\u001b[31m  \u001b[1m● \u001b[22m\u001b[1mBooking API › GET /api/v1/bookings › should retrieve my bookings\u001b[39m\u001b[22m\n\n    \u001b[2mexpect(\u001b[22m\u001b[31mreceived\u001b[39m\u001b[2m).\u001b[22mtoBe\u001b[2m(\u001b[22m\u001b[32mexpected\u001b[39m\u001b[2m) // Object.is equality\u001b[22m\n\n    Expected: \u001b[32m1\u001b[39m\n    Received: \u001b[31m0\u001b[39m\n\u001b[2m\u001b[22m\n\u001b[2m    \u001b[0m \u001b[90m 76 |\u001b[39m       \u001b[22m\n\u001b[2m     \u001b[90m 77 |\u001b[39m       expect(res\u001b[33m.\u001b[39mstatusCode)\u001b[33m.\u001b[39mtoBe(\u001b[35m200\u001b[39m)\u001b[33m;\u001b[39m\u001b[22m\n\u001b[2m    \u001b[31m\u001b[1m>\u001b[22m\u001b[2m\u001b[39m\u001b[90m 78 |\u001b[39m       expect(res\u001b[33m.\u001b[39mbody\u001b[33m.\u001b[39mdata\u001b[33m.\u001b[39mitems\u001b[33m.\u001b[39mlength)\u001b[33m.\u001b[39mtoBe(\u001b[35m1\u001b[39m)\u001b[33m;\u001b[39m\u001b[22m\n\u001b[2m     \u001b[90m    |\u001b[39m                                          \u001b[31m\u001b[1m^\u001b[22m\u001b[2m\u001b[39m\u001b[22m\n\u001b[2m     \u001b[90m 79 |\u001b[39m     })\u001b[33m;\u001b[39m\u001b[22m\n\u001b[2m     \u001b[90m 80 |\u001b[39m   })\u001b[33m;\u001b[39m\u001b[22m\n\u001b[2m     \u001b[90m 81 |\u001b[39m\u001b[0m\u001b[22m\n\u001b[2m\u001b[22m\n\u001b[2m      \u001b[2mat Object.toBe (\u001b[22m\u001b[2m\u001b[0m\u001b[36mtests/integration/booking.api.test.js\u001b[39m\u001b[0m\u001b[2m:78:42)\u001b[22m\u001b[2m\u001b[22m\n\n\u001b[1m\u001b[31m  \u001b[1m● \u001b[22m\u001b[1mBooking API › PATCH /api/v1/bookings/:id/status › should update booking status (Admin/Secret)\u001b[39m\u001b[22m\n\n    TypeError: Cannot read properties of null (reading '_id')\n\u001b[2m\u001b[22m\n\u001b[2m    \u001b[0m \u001b[90m 85 |\u001b[39m       \u001b[22m\n\u001b[2m     \u001b[90m 86 |\u001b[39m       \u001b[36mconst\u001b[39m res \u001b[33m=\u001b[39m \u001b[36mawait\u001b[39m request(app)\u001b[22m\n\u001b[2m    \u001b[31m\u001b[1m>\u001b[22m\u001b[2m\u001b[39m\u001b[90m 87 |\u001b[39m         \u001b[33m.\u001b[39mpatch(\u001b[32m`/api/v1/bookings/${booking._id}/status`\u001b[39m)\u001b[22m\n\u001b[2m     \u001b[90m    |\u001b[39m                                            \u001b[31m\u001b[1m^\u001b[22m\u001b[2m\u001b[39m\u001b[22m\n\u001b[2m     \u001b[90m 88 |\u001b[39m         \u001b[33m.\u001b[39m\u001b[36mset\u001b[39m(\u001b[32m'x-api-public-key'\u001b[39m\u001b[33m,\u001b[39m process\u001b[33m.\u001b[39menv\u001b[33m.\u001b[39m\u001b[33mAPI_PUBLIC_KEY\u001b[39m)\u001b[22m\n\u001b[2m     \u001b[90m 89 |\u001b[39m         \u001b[33m.\u001b[39m\u001b[36mset\u001b[39m(\u001b[32m'x-api-secret-key'\u001b[39m\u001b[33m,\u001b[39m process\u001b[33m.\u001b[39menv\u001b[33m.\u001b[39m\u001b[33mAPI_SECRET_KEY\u001b[39m)\u001b[22m\n\u001b[2m     \u001b[90m 90 |\u001b[39m         \u001b[33m.\u001b[39msend({ status\u001b[33m:\u001b[39m \u001b[32m'Confirmed'\u001b[39m })\u001b[33m;\u001b[39m\u001b[0m\u001b[22m\n\u001b[2m\u001b[22m\n\u001b[2m      \u001b[2mat Object._id (\u001b[22m\u001b[2m\u001b[0m\u001b[36mtests/integration/booking.api.test.js\u001b[39m\u001b[0m\u001b[2m:87:44)\u001b[22m\u001b[2m\u001b[22m\n","name":"C:\\Hoc\\New folder\\CauLongVui\\BE\\tests\\integration\\booking.api.test.js","startTime":1774159521348,"status":"failed","summary":""}],"wasInterrupted":false}
