{"numFailedTestSuites":2,"numFailedTests":4,"numPassedTestSuites":0,"numPassedTests":1,"numPendingTestSuites":0,"numPendingTests":0,"numRuntimeErrorTestSuites":0,"numTodoTests":0,"numTotalTestSuites":2,"numTotalTests":5,"openHandles":[],"snapshot":{"added":0,"didUpdate":false,"failure":false,"filesAdded":0,"filesRemoved":0,"filesRemovedList":[],"filesUnmatched":0,"filesUpdated":0,"matched":0,"total":0,"unchecked":0,"uncheckedKeysByFile":[],"unmatched":0,"updated":0},"startTime":1774159822230,"success":false,"testResults":[{"assertionResults":[{"ancestorTitles":["Product API","POST /api/v1/products"],"duration":157,"failing":false,"failureDetails":[{"matcherResult":{"actual":400,"expected":201,"message":"\u001b[2mexpect(\u001b[22m\u001b[31mreceived\u001b[39m\u001b[2m).\u001b[22mtoBe\u001b[2m(\u001b[22m\u001b[32mexpected\u001b[39m\u001b[2m) // Object.is equality\u001b[22m\n\nExpected: \u001b[32m201\u001b[39m\nReceived: \u001b[31m400\u001b[39m","name":"toBe","pass":false}}],"failureMessages":["Error: \u001b[2mexpect(\u001b[22m\u001b[31mreceived\u001b[39m\u001b[2m).\u001b[22mtoBe\u001b[2m(\u001b[22m\u001b[32mexpected\u001b[39m\u001b[2m) // Object.is equality\u001b[22m\n\nExpected: \u001b[32m201\u001b[39m\nReceived: \u001b[31m400\u001b[39m\n    at Object.toBe (C:\\Hoc\\New folder\\CauLongVui\\BE\\tests\\integration\\product.api.test.js:20:30)\n    at processTicksAndRejections (node:internal/process/task_queues:105:5)"],"fullName":"Product API POST /api/v1/products should create a new product successfully with secret key","invocations":1,"location":null,"numPassingAsserts":0,"retryReasons":[],"startAt":1774159823924,"status":"failed","title":"should create a new product successfully with secret key"},{"ancestorTitles":["Product API","POST /api/v1/products"],"duration":19,"failing":false,"failureDetails":[],"failureMessages":[],"fullName":"Product API POST /api/v1/products should block if no secret key","invocations":1,"location":null,"numPassingAsserts":1,"retryReasons":[],"startAt":1774159824081,"status":"passed","title":"should block if no secret key"},{"ancestorTitles":["Product API","GET /api/v1/products"],"duration":21,"failing":false,"failureDetails":[{"matcherResult":{"message":"\u001b[2mexpect(\u001b[22m\u001b[31mreceived\u001b[39m\u001b[2m).\u001b[22mtoBeGreaterThanOrEqual\u001b[2m(\u001b[22m\u001b[32mexpected\u001b[39m\u001b[2m)\u001b[22m\n\nExpected: >= \u001b[32m1\u001b[39m\nReceived:    \u001b[31m0\u001b[39m","pass":false}}],"failureMessages":["Error: \u001b[2mexpect(\u001b[22m\u001b[31mreceived\u001b[39m\u001b[2m).\u001b[22mtoBeGreaterThanOrEqual\u001b[2m(\u001b[22m\u001b[32mexpected\u001b[39m\u001b[2m)\u001b[22m\n\nExpected: >= \u001b[32m1\u001b[39m\nReceived:    \u001b[31m0\u001b[39m\n    at Object.toBeGreaterThanOrEqual (C:\\Hoc\\New folder\\CauLongVui\\BE\\tests\\integration\\product.api.test.js:41:42)\n    at processTicksAndRejections (node:internal/process/task_queues:105:5)"],"fullName":"Product API GET /api/v1/products should retrieve list of products","invocations":1,"location":null,"numPassingAsserts":1,"retryReasons":[],"startAt":1774159824100,"status":"failed","title":"should retrieve list of products"}],"endTime":1774159824326,"message":"\u001b[1m\u001b[31m  \u001b[1m● \u001b[22m\u001b[1mProduct API › POST /api/v1/products › should create a new product successfully with secret key\u001b[39m\u001b[22m\n\n    \u001b[2mexpect(\u001b[22m\u001b[31mreceived\u001b[39m\u001b[2m).\u001b[22mtoBe\u001b[2m(\u001b[22m\u001b[32mexpected\u001b[39m\u001b[2m) // Object.is equality\u001b[22m\n\n    Expected: \u001b[32m201\u001b[39m\n    Received: \u001b[31m400\u001b[39m\n\u001b[2m\u001b[22m\n\u001b[2m    \u001b[0m \u001b[90m 18 |\u001b[39m         })\u001b[33m;\u001b[39m\u001b[22m\n\u001b[2m     \u001b[90m 19 |\u001b[39m       \u001b[22m\n\u001b[2m    \u001b[31m\u001b[1m>\u001b[22m\u001b[2m\u001b[39m\u001b[90m 20 |\u001b[39m       expect(res\u001b[33m.\u001b[39mstatusCode)\u001b[33m.\u001b[39mtoBe(\u001b[35m201\u001b[39m)\u001b[33m;\u001b[39m\u001b[22m\n\u001b[2m     \u001b[90m    |\u001b[39m                              \u001b[31m\u001b[1m^\u001b[22m\u001b[2m\u001b[39m\u001b[22m\n\u001b[2m     \u001b[90m 21 |\u001b[39m       expect(res\u001b[33m.\u001b[39mbody\u001b[33m.\u001b[39mdata\u001b[33m.\u001b[39mname)\u001b[33m.\u001b[39mtoBe(\u001b[32m'Racket A'\u001b[39m)\u001b[33m;\u001b[39m\u001b[22m\n\u001b[2m     \u001b[90m 22 |\u001b[39m     })\u001b[33m;\u001b[39m\u001b[22m\n\u001b[2m     \u001b[90m 23 |\u001b[39m\u001b[0m\u001b[22m\n\u001b[2m\u001b[22m\n\u001b[2m      \u001b[2mat Object.toBe (\u001b[22m\u001b[2m\u001b[0m\u001b[36mtests/integration/product.api.test.js\u001b[39m\u001b[0m\u001b[2m:20:30)\u001b[22m\u001b[2m\u001b[22m\n\n\u001b[1m\u001b[31m  \u001b[1m● \u001b[22m\u001b[1mProduct API › GET /api/v1/products › should retrieve list of products\u001b[39m\u001b[22m\n\n    \u001b[2mexpect(\u001b[22m\u001b[31mreceived\u001b[39m\u001b[2m).\u001b[22mtoBeGreaterThanOrEqual\u001b[2m(\u001b[22m\u001b[32mexpected\u001b[39m\u001b[2m)\u001b[22m\n\n    Expected: >= \u001b[32m1\u001b[39m\n    Received:    \u001b[31m0\u001b[39m\n\u001b[2m\u001b[22m\n\u001b[2m    \u001b[0m \u001b[90m 39 |\u001b[39m       \u001b[22m\n\u001b[2m     \u001b[90m 40 |\u001b[39m       expect(res\u001b[33m.\u001b[39mstatusCode)\u001b[33m.\u001b[39mtoBe(\u001b[35m200\u001b[39m)\u001b[33m;\u001b[39m\u001b[22m\n\u001b[2m    \u001b[31m\u001b[1m>\u001b[22m\u001b[2m\u001b[39m\u001b[90m 41 |\u001b[39m       expect(res\u001b[33m.\u001b[39mbody\u001b[33m.\u001b[39mdata\u001b[33m.\u001b[39mitems\u001b[33m.\u001b[39mlength)\u001b[33m.\u001b[39mtoBeGreaterThanOrEqual(\u001b[35m1\u001b[39m)\u001b[33m;\u001b[39m\u001b[22m\n\u001b[2m     \u001b[90m    |\u001b[39m                                          \u001b[31m\u001b[1m^\u001b[22m\u001b[2m\u001b[39m\u001b[22m\n\u001b[2m     \u001b[90m 42 |\u001b[39m     })\u001b[33m;\u001b[39m\u001b[22m\n\u001b[2m     \u001b[90m 43 |\u001b[39m   })\u001b[33m;\u001b[39m\u001b[22m\n\u001b[2m     \u001b[90m 44 |\u001b[39m })\u001b[33m;\u001b[39m\u001b[0m\u001b[22m\n\u001b[2m\u001b[22m\n\u001b[2m      \u001b[2mat Object.toBeGreaterThanOrEqual (\u001b[22m\u001b[2m\u001b[0m\u001b[36mtests/integration/product.api.test.js\u001b[39m\u001b[0m\u001b[2m:41:42)\u001b[22m\u001b[2m\u001b[22m\n","name":"C:\\Hoc\\New folder\\CauLongVui\\BE\\tests\\integration\\product.api.test.js","startTime":1774159822522,"status":"failed","summary":""},{"assertionResults":[{"ancestorTitles":["Order API","POST /api/v1/orders"],"duration":345,"failing":false,"failureDetails":[{"matcherResult":{"actual":400,"expected":201,"message":"\u001b[2mexpect(\u001b[22m\u001b[31mreceived\u001b[39m\u001b[2m).\u001b[22mtoBe\u001b[2m(\u001b[22m\u001b[32mexpected\u001b[39m\u001b[2m) // Object.is equality\u001b[22m\n\nExpected: \u001b[32m201\u001b[39m\nReceived: \u001b[31m400\u001b[39m","name":"toBe","pass":false}}],"failureMessages":["Error: \u001b[2mexpect(\u001b[22m\u001b[31mreceived\u001b[39m\u001b[2m).\u001b[22mtoBe\u001b[2m(\u001b[22m\u001b[32mexpected\u001b[39m\u001b[2m) // Object.is equality\u001b[22m\n\nExpected: \u001b[32m201\u001b[39m\nReceived: \u001b[31m400\u001b[39m\n    at Object.toBe (C:\\Hoc\\New folder\\CauLongVui\\BE\\tests\\integration\\order.api.test.js:59:30)\n    at processTicksAndRejections (node:internal/process/task_queues:105:5)"],"fullName":"Order API POST /api/v1/orders should create an order with equipment rental","invocations":1,"location":null,"numPassingAsserts":0,"retryReasons":[],"startAt":1774159823923,"status":"failed","title":"should create an order with equipment rental"},{"ancestorTitles":["Order API","PATCH /api/v1/orders/:id/return"],"duration":190,"failing":false,"failureDetails":[{"errors":{"items.0.unitPrice":{"properties":{"message":"Path `unitPrice` is required.","type":"required","path":"unitPrice"},"kind":"required","path":"unitPrice"},"customerName":{"properties":{"message":"Path `customerName` is required.","type":"required","path":"customerName"},"kind":"required","path":"customerName"},"status":{"properties":{"message":"`Paid` is not a valid enum value for path `status`.","type":"enum","enumValues":["Pending","Completed","Cancelled"],"path":"status","value":"Paid","length":4},"kind":"enum","path":"status","value":"Paid"}},"_message":"Order validation failed"}],"failureMessages":["ValidationError: Order validation failed: items.0.unitPrice: Path `unitPrice` is required., customerName: Path `customerName` is required., status: `Paid` is not a valid enum value for path `status`.\n    at model.Document.invalidate (C:\\Hoc\\New folder\\CauLongVui\\BE\\node_modules\\mongoose\\lib\\document.js:3433:32)\n    at EmbeddedDocument.Subdocument.invalidate (C:\\Hoc\\New folder\\CauLongVui\\BE\\node_modules\\mongoose\\lib\\types\\subdocument.js:231:12)\n    at EmbeddedDocument.validate (C:\\Hoc\\New folder\\CauLongVui\\BE\\node_modules\\mongoose\\lib\\document.js:2866:13)\n    at processTicksAndRejections (node:internal/process/task_queues:105:5)\n    at async Promise.all (index 0)\n    at SchemaDocumentArray.doValidate (C:\\Hoc\\New folder\\CauLongVui\\BE\\node_modules\\mongoose\\lib\\schema\\documentArray.js:269:3)\n    at async Promise.all (index 1)\n    at model.validate (C:\\Hoc\\New folder\\CauLongVui\\BE\\node_modules\\mongoose\\lib\\document.js:2857:30)\n    at model.$__save (C:\\Hoc\\New folder\\CauLongVui\\BE\\node_modules\\mongoose\\lib\\model.js:390:7)\n    at model.save (C:\\Hoc\\New folder\\CauLongVui\\BE\\node_modules\\mongoose\\lib\\model.js:664:5)\n    at model.create (C:\\Hoc\\New folder\\CauLongVui\\BE\\node_modules\\mongoose\\lib\\model.js:2751:5)\n    at Object.<anonymous> (C:\\Hoc\\New folder\\CauLongVui\\BE\\tests\\integration\\order.api.test.js:67:21)"],"fullName":"Order API PATCH /api/v1/orders/:id/return should return rented equipment","invocations":1,"location":null,"numPassingAsserts":0,"retryReasons":[],"startAt":1774159824269,"status":"failed","title":"should return rented equipment"}],"endTime":1774159824681,"message":"\u001b[1m\u001b[31m  \u001b[1m● \u001b[22m\u001b[1mOrder API › POST /api/v1/orders › should create an order with equipment rental\u001b[39m\u001b[22m\n\n    \u001b[2mexpect(\u001b[22m\u001b[31mreceived\u001b[39m\u001b[2m).\u001b[22mtoBe\u001b[2m(\u001b[22m\u001b[32mexpected\u001b[39m\u001b[2m) // Object.is equality\u001b[22m\n\n    Expected: \u001b[32m201\u001b[39m\n    Received: \u001b[31m400\u001b[39m\n\u001b[2m\u001b[22m\n\u001b[2m    \u001b[0m \u001b[90m 57 |\u001b[39m         })\u001b[33m;\u001b[39m\u001b[22m\n\u001b[2m     \u001b[90m 58 |\u001b[39m       \u001b[22m\n\u001b[2m    \u001b[31m\u001b[1m>\u001b[22m\u001b[2m\u001b[39m\u001b[90m 59 |\u001b[39m       expect(res\u001b[33m.\u001b[39mstatusCode)\u001b[33m.\u001b[39mtoBe(\u001b[35m201\u001b[39m)\u001b[33m;\u001b[39m\u001b[22m\n\u001b[2m     \u001b[90m    |\u001b[39m                              \u001b[31m\u001b[1m^\u001b[22m\u001b[2m\u001b[39m\u001b[22m\n\u001b[2m     \u001b[90m 60 |\u001b[39m       expect(res\u001b[33m.\u001b[39mbody\u001b[33m.\u001b[39mdata\u001b[33m.\u001b[39mtotalPrice)\u001b[33m.\u001b[39mtoBe(\u001b[35m30000\u001b[39m)\u001b[33m;\u001b[39m \u001b[90m// 15000 * 2\u001b[39m\u001b[22m\n\u001b[2m     \u001b[90m 61 |\u001b[39m       expect(res\u001b[33m.\u001b[39mbody\u001b[33m.\u001b[39mdata\u001b[33m.\u001b[39mitems[\u001b[35m0\u001b[39m]\u001b[33m.\u001b[39misRented)\u001b[33m.\u001b[39mtoBe(\u001b[36mtrue\u001b[39m)\u001b[33m;\u001b[39m\u001b[22m\n\u001b[2m     \u001b[90m 62 |\u001b[39m     })\u001b[33m;\u001b[39m\u001b[0m\u001b[22m\n\u001b[2m\u001b[22m\n\u001b[2m      \u001b[2mat Object.toBe (\u001b[22m\u001b[2m\u001b[0m\u001b[36mtests/integration/order.api.test.js\u001b[39m\u001b[0m\u001b[2m:59:30)\u001b[22m\u001b[2m\u001b[22m\n\n\u001b[1m\u001b[31m  \u001b[1m● \u001b[22m\u001b[1mOrder API › PATCH /api/v1/orders/:id/return › should return rented equipment\u001b[39m\u001b[22m\n\n    ValidationError: Order validation failed: items.0.unitPrice: Path `unitPrice` is required., customerName: Path `customerName` is required., status: `Paid` is not a valid enum value for path `status`.\n\u001b[2m\u001b[22m\n\u001b[2m    \u001b[0m \u001b[90m 65 |\u001b[39m   describe(\u001b[32m'PATCH /api/v1/orders/:id/return'\u001b[39m\u001b[33m,\u001b[39m () \u001b[33m=>\u001b[39m {\u001b[22m\n\u001b[2m     \u001b[90m 66 |\u001b[39m     it(\u001b[32m'should return rented equipment'\u001b[39m\u001b[33m,\u001b[39m \u001b[36masync\u001b[39m () \u001b[33m=>\u001b[39m {\u001b[22m\n\u001b[2m    \u001b[31m\u001b[1m>\u001b[22m\u001b[2m\u001b[39m\u001b[90m 67 |\u001b[39m       \u001b[36mconst\u001b[39m order \u001b[33m=\u001b[39m \u001b[36mawait\u001b[39m \u001b[33mOrder\u001b[39m\u001b[33m.\u001b[39mcreate({\u001b[22m\n\u001b[2m     \u001b[90m    |\u001b[39m                     \u001b[31m\u001b[1m^\u001b[22m\u001b[2m\u001b[39m\u001b[22m\n\u001b[2m     \u001b[90m 68 |\u001b[39m         userId\u001b[33m,\u001b[39m\u001b[22m\n\u001b[2m     \u001b[90m 69 |\u001b[39m         bookingId\u001b[33m,\u001b[39m\u001b[22m\n\u001b[2m     \u001b[90m 70 |\u001b[39m         items\u001b[33m:\u001b[39m [{ productId\u001b[33m,\u001b[39m quantity\u001b[33m:\u001b[39m \u001b[35m2\u001b[39m\u001b[33m,\u001b[39m price\u001b[33m:\u001b[39m \u001b[35m15000\u001b[39m\u001b[33m,\u001b[39m isRented\u001b[33m:\u001b[39m \u001b[36mtrue\u001b[39m }]\u001b[33m,\u001b[39m\u001b[0m\u001b[22m\n\u001b[2m\u001b[22m\n\u001b[2m      \u001b[2mat model.Document.invalidate (\u001b[22m\u001b[2mnode_modules/mongoose/lib/document.js\u001b[2m:3433:32)\u001b[22m\u001b[2m\u001b[22m\n\u001b[2m      \u001b[2mat EmbeddedDocument.Subdocument.invalidate (\u001b[22m\u001b[2mnode_modules/mongoose/lib/types/subdocument.js\u001b[2m:231:12)\u001b[22m\u001b[2m\u001b[22m\n\u001b[2m      \u001b[2mat EmbeddedDocument.validate (\u001b[22m\u001b[2mnode_modules/mongoose/lib/document.js\u001b[2m:2866:13)\u001b[22m\u001b[2m\u001b[22m\n\u001b[2m          at async Promise.all (index 0)\u001b[22m\n\u001b[2m      \u001b[2mat SchemaDocumentArray.doValidate (\u001b[22m\u001b[2mnode_modules/mongoose/lib/schema/documentArray.js\u001b[2m:269:3)\u001b[22m\u001b[2m\u001b[22m\n\u001b[2m          at async Promise.all (index 1)\u001b[22m\n\u001b[2m      \u001b[2mat model.validate (\u001b[22m\u001b[2mnode_modules/mongoose/lib/document.js\u001b[2m:2857:30)\u001b[22m\u001b[2m\u001b[22m\n\u001b[2m      \u001b[2mat model.$__save (\u001b[22m\u001b[2mnode_modules/mongoose/lib/model.js\u001b[2m:390:7)\u001b[22m\u001b[2m\u001b[22m\n\u001b[2m      \u001b[2mat model.save (\u001b[22m\u001b[2mnode_modules/mongoose/lib/model.js\u001b[2m:664:5)\u001b[22m\u001b[2m\u001b[22m\n\u001b[2m      \u001b[2mat model.create (\u001b[22m\u001b[2mnode_modules/mongoose/lib/model.js\u001b[2m:2751:5)\u001b[22m\u001b[2m\u001b[22m\n\u001b[2m      \u001b[2mat Object.<anonymous> (\u001b[22m\u001b[2m\u001b[0m\u001b[36mtests/integration/order.api.test.js\u001b[39m\u001b[0m\u001b[2m:67:21)\u001b[22m\u001b[2m\u001b[22m\n","name":"C:\\Hoc\\New folder\\CauLongVui\\BE\\tests\\integration\\order.api.test.js","startTime":1774159822522,"status":"failed","summary":""}],"wasInterrupted":false}
