{"numFailedTestSuites":1,"numFailedTests":1,"numPassedTestSuites":0,"numPassedTests":1,"numPendingTestSuites":0,"numPendingTests":0,"numRuntimeErrorTestSuites":0,"numTodoTests":0,"numTotalTestSuites":1,"numTotalTests":2,"openHandles":[],"snapshot":{"added":0,"didUpdate":false,"failure":false,"filesAdded":0,"filesRemoved":0,"filesRemovedList":[],"filesUnmatched":0,"filesUpdated":0,"matched":0,"total":0,"unchecked":0,"uncheckedKeysByFile":[],"unmatched":0,"updated":0},"startTime":1774159626809,"success":false,"testResults":[{"assertionResults":[{"ancestorTitles":["BookingExchange API","POST /api/v1/booking-exchanges"],"duration":415,"failing":false,"failureDetails":[],"failureMessages":[],"fullName":"BookingExchange API POST /api/v1/booking-exchanges should list a booking for exchange successfully","invocations":1,"location":null,"numPassingAsserts":3,"retryReasons":[],"startAt":1774159627923,"status":"passed","title":"should list a booking for exchange successfully"},{"ancestorTitles":["BookingExchange API","POST /api/v1/booking-exchanges/:id/take"],"duration":318,"failing":false,"failureDetails":[{"matcherResult":{"actual":500,"expected":200,"message":"\u001b[2mexpect(\u001b[22m\u001b[31mreceived\u001b[39m\u001b[2m).\u001b[22mtoBe\u001b[2m(\u001b[22m\u001b[32mexpected\u001b[39m\u001b[2m) // Object.is equality\u001b[22m\n\nExpected: \u001b[32m200\u001b[39m\nReceived: \u001b[31m500\u001b[39m","name":"toBe","pass":false}}],"failureMessages":["Error: \u001b[2mexpect(\u001b[22m\u001b[31mreceived\u001b[39m\u001b[2m).\u001b[22mtoBe\u001b[2m(\u001b[22m\u001b[32mexpected\u001b[39m\u001b[2m) // Object.is equality\u001b[22m\n\nExpected: \u001b[32m200\u001b[39m\nReceived: \u001b[31m500\u001b[39m\n    at Object.toBe (C:\\Hoc\\New folder\\CauLongVui\\BE\\tests\\integration\\booking-exchange.api.test.js:88:30)\n    at processTicksAndRejections (node:internal/process/task_queues:105:5)"],"fullName":"BookingExchange API POST /api/v1/booking-exchanges/:id/take should allow buyer to take over a listing","invocations":1,"location":null,"numPassingAsserts":0,"retryReasons":[],"startAt":1774159628339,"status":"failed","title":"should allow buyer to take over a listing"}],"endTime":1774159628718,"message":"\u001b[1m\u001b[31m  \u001b[1m● \u001b[22m\u001b[1mBookingExchange API › POST /api/v1/booking-exchanges/:id/take › should allow buyer to take over a listing\u001b[39m\u001b[22m\n\n    \u001b[2mexpect(\u001b[22m\u001b[31mreceived\u001b[39m\u001b[2m).\u001b[22mtoBe\u001b[2m(\u001b[22m\u001b[32mexpected\u001b[39m\u001b[2m) // Object.is equality\u001b[22m\n\n    Expected: \u001b[32m200\u001b[39m\n    Received: \u001b[31m500\u001b[39m\n\u001b[2m\u001b[22m\n\u001b[2m    \u001b[0m \u001b[90m 86 |\u001b[39m         \u001b[33m.\u001b[39m\u001b[36mset\u001b[39m(\u001b[32m'Authorization'\u001b[39m\u001b[33m,\u001b[39m \u001b[32m`Bearer ${buyerToken}`\u001b[39m)\u001b[33m;\u001b[39m\u001b[22m\n\u001b[2m     \u001b[90m 87 |\u001b[39m       \u001b[22m\n\u001b[2m    \u001b[31m\u001b[1m>\u001b[22m\u001b[2m\u001b[39m\u001b[90m 88 |\u001b[39m       expect(res\u001b[33m.\u001b[39mstatusCode)\u001b[33m.\u001b[39mtoBe(\u001b[35m200\u001b[39m)\u001b[33m;\u001b[39m\u001b[22m\n\u001b[2m     \u001b[90m    |\u001b[39m                              \u001b[31m\u001b[1m^\u001b[22m\u001b[2m\u001b[39m\u001b[22m\n\u001b[2m     \u001b[90m 89 |\u001b[39m       expect(res\u001b[33m.\u001b[39mbody\u001b[33m.\u001b[39mdata\u001b[33m.\u001b[39mstatus)\u001b[33m.\u001b[39mtoBe(\u001b[32m'Completed'\u001b[39m)\u001b[33m;\u001b[39m\u001b[22m\n\u001b[2m     \u001b[90m 90 |\u001b[39m       expect(res\u001b[33m.\u001b[39mbody\u001b[33m.\u001b[39mdata\u001b[33m.\u001b[39mbuyerId)\u001b[33m.\u001b[39mtoBe(buyerId)\u001b[33m;\u001b[39m\u001b[22m\n\u001b[2m     \u001b[90m 91 |\u001b[39m\u001b[0m\u001b[22m\n\u001b[2m\u001b[22m\n\u001b[2m      \u001b[2mat Object.toBe (\u001b[22m\u001b[2m\u001b[0m\u001b[36mtests/integration/booking-exchange.api.test.js\u001b[39m\u001b[0m\u001b[2m:88:30)\u001b[22m\u001b[2m\u001b[22m\n","name":"C:\\Hoc\\New folder\\CauLongVui\\BE\\tests\\integration\\booking-exchange.api.test.js","startTime":1774159626858,"status":"failed","summary":""}],"wasInterrupted":false}
