{"numFailedTestSuites":1,"numFailedTests":1,"numPassedTestSuites":0,"numPassedTests":1,"numPendingTestSuites":0,"numPendingTests":0,"numRuntimeErrorTestSuites":0,"numTodoTests":0,"numTotalTestSuites":1,"numTotalTests":2,"openHandles":[],"snapshot":{"added":0,"didUpdate":false,"failure":false,"filesAdded":0,"filesRemoved":0,"filesRemovedList":[],"filesUnmatched":0,"filesUpdated":0,"matched":0,"total":0,"unchecked":0,"uncheckedKeysByFile":[],"unmatched":0,"updated":0},"startTime":1774159942994,"success":false,"testResults":[{"assertionResults":[{"ancestorTitles":["Order API","POST /api/v1/orders"],"duration":309,"failing":false,"failureDetails":[{"matcherResult":{"actual":400,"expected":201,"message":"\u001b[2mexpect(\u001b[22m\u001b[31mreceived\u001b[39m\u001b[2m).\u001b[22mtoBe\u001b[2m(\u001b[22m\u001b[32mexpected\u001b[39m\u001b[2m) // Object.is equality\u001b[22m\n\nExpected: \u001b[32m201\u001b[39m\nReceived: \u001b[31m400\u001b[39m","name":"toBe","pass":false}}],"failureMessages":["Error: \u001b[2mexpect(\u001b[22m\u001b[31mreceived\u001b[39m\u001b[2m).\u001b[22mtoBe\u001b[2m(\u001b[22m\u001b[32mexpected\u001b[39m\u001b[2m) // Object.is equality\u001b[22m\n\nExpected: \u001b[32m201\u001b[39m\nReceived: \u001b[31m400\u001b[39m\n    at Object.toBe (C:\\Hoc\\New folder\\CauLongVui\\BE\\tests\\integration\\order.api.test.js:60:30)\n    at processTicksAndRejections (node:internal/process/task_queues:105:5)"],"fullName":"Order API POST /api/v1/orders should create an order with equipment rental","invocations":1,"location":null,"numPassingAsserts":0,"retryReasons":[],"startAt":1774159944418,"status":"failed","title":"should create an order with equipment rental"},{"ancestorTitles":["Order API","PATCH /api/v1/orders/:id/return"],"duration":202,"failing":false,"failureDetails":[],"failureMessages":[],"fullName":"Order API PATCH /api/v1/orders/:id/return should return rented equipment","invocations":1,"location":null,"numPassingAsserts":2,"retryReasons":[],"startAt":1774159944729,"status":"passed","title":"should return rented equipment"}],"endTime":1774159945160,"message":"\u001b[1m\u001b[31m  \u001b[1m● \u001b[22m\u001b[1mOrder API › POST /api/v1/orders › should create an order with equipment rental\u001b[39m\u001b[22m\n\n    \u001b[2mexpect(\u001b[22m\u001b[31mreceived\u001b[39m\u001b[2m).\u001b[22mtoBe\u001b[2m(\u001b[22m\u001b[32mexpected\u001b[39m\u001b[2m) // Object.is equality\u001b[22m\n\n    Expected: \u001b[32m201\u001b[39m\n    Received: \u001b[31m400\u001b[39m\n\u001b[2m\u001b[22m\n\u001b[2m    \u001b[0m \u001b[90m 58 |\u001b[39m         })\u001b[33m;\u001b[39m\u001b[22m\n\u001b[2m     \u001b[90m 59 |\u001b[39m       \u001b[22m\n\u001b[2m    \u001b[31m\u001b[1m>\u001b[22m\u001b[2m\u001b[39m\u001b[90m 60 |\u001b[39m       expect(res\u001b[33m.\u001b[39mstatusCode)\u001b[33m.\u001b[39mtoBe(\u001b[35m201\u001b[39m)\u001b[33m;\u001b[39m\u001b[22m\n\u001b[2m     \u001b[90m    |\u001b[39m                              \u001b[31m\u001b[1m^\u001b[22m\u001b[2m\u001b[39m\u001b[22m\n\u001b[2m     \u001b[90m 61 |\u001b[39m       expect(res\u001b[33m.\u001b[39mbody\u001b[33m.\u001b[39mdata\u001b[33m.\u001b[39mtotalAmount)\u001b[33m.\u001b[39mtoBe(\u001b[35m30000\u001b[39m)\u001b[33m;\u001b[39m \u001b[90m// 15000 * 2\u001b[39m\u001b[22m\n\u001b[2m     \u001b[90m 62 |\u001b[39m       expect(res\u001b[33m.\u001b[39mbody\u001b[33m.\u001b[39mdata\u001b[33m.\u001b[39mitems[\u001b[35m0\u001b[39m]\u001b[33m.\u001b[39misRent)\u001b[33m.\u001b[39mtoBe(\u001b[36mtrue\u001b[39m)\u001b[33m;\u001b[39m\u001b[22m\n\u001b[2m     \u001b[90m 63 |\u001b[39m     })\u001b[33m;\u001b[39m\u001b[0m\u001b[22m\n\u001b[2m\u001b[22m\n\u001b[2m      \u001b[2mat Object.toBe (\u001b[22m\u001b[2m\u001b[0m\u001b[36mtests/integration/order.api.test.js\u001b[39m\u001b[0m\u001b[2m:60:30)\u001b[22m\u001b[2m\u001b[22m\n","name":"C:\\Hoc\\New folder\\CauLongVui\\BE\\tests\\integration\\order.api.test.js","startTime":1774159943043,"status":"failed","summary":""}],"wasInterrupted":false}
