{"numFailedTestSuites":1,"numFailedTests":1,"numPassedTestSuites":0,"numPassedTests":2,"numPendingTestSuites":0,"numPendingTests":0,"numRuntimeErrorTestSuites":0,"numTodoTests":0,"numTotalTestSuites":1,"numTotalTests":3,"openHandles":[],"snapshot":{"added":0,"didUpdate":false,"failure":false,"filesAdded":0,"filesRemoved":0,"filesRemovedList":[],"filesUnmatched":0,"filesUpdated":0,"matched":0,"total":0,"unchecked":0,"uncheckedKeysByFile":[],"unmatched":0,"updated":0},"startTime":1774159430668,"success":false,"testResults":[{"assertionResults":[{"ancestorTitles":["TimeSlot API","GET /api/v1/time-slots"],"duration":111,"failing":false,"failureDetails":[],"failureMessages":[],"fullName":"TimeSlot API GET /api/v1/time-slots should retrieve list of slots","invocations":1,"location":null,"numPassingAsserts":2,"retryReasons":[],"startAt":1774159431890,"status":"passed","title":"should retrieve list of slots"},{"ancestorTitles":["TimeSlot API","POST /api/v1/time-slots"],"duration":40,"failing":false,"failureDetails":[{"matcherResult":{"actual":400,"expected":201,"message":"\u001b[2mexpect(\u001b[22m\u001b[31mreceived\u001b[39m\u001b[2m).\u001b[22mtoBe\u001b[2m(\u001b[22m\u001b[32mexpected\u001b[39m\u001b[2m) // Object.is equality\u001b[22m\n\nExpected: \u001b[32m201\u001b[39m\nReceived: \u001b[31m400\u001b[39m","name":"toBe","pass":false}}],"failureMessages":["Error: \u001b[2mexpect(\u001b[22m\u001b[31mreceived\u001b[39m\u001b[2m).\u001b[22mtoBe\u001b[2m(\u001b[22m\u001b[32mexpected\u001b[39m\u001b[2m) // Object.is equality\u001b[22m\n\nExpected: \u001b[32m201\u001b[39m\nReceived: \u001b[31m400\u001b[39m\n    at Object.toBe (C:\\Hoc\\New folder\\CauLongVui\\BE\\tests\\integration\\time-slot.api.test.js:27:30)\n    at processTicksAndRejections (node:internal/process/task_queues:105:5)"],"fullName":"TimeSlot API POST /api/v1/time-slots should create a new slot with secret key","invocations":1,"location":null,"numPassingAsserts":0,"retryReasons":[],"startAt":1774159432002,"status":"failed","title":"should create a new slot with secret key"},{"ancestorTitles":["TimeSlot API","POST /api/v1/time-slots"],"duration":22,"failing":false,"failureDetails":[],"failureMessages":[],"fullName":"TimeSlot API POST /api/v1/time-slots should fail if startTime >= endTime","invocations":1,"location":null,"numPassingAsserts":1,"retryReasons":[],"startAt":1774159432043,"status":"passed","title":"should fail if startTime >= endTime"}],"endTime":1774159432102,"message":"\u001b[1m\u001b[31m  \u001b[1m● \u001b[22m\u001b[1mTimeSlot API › POST /api/v1/time-slots › should create a new slot with secret key\u001b[39m\u001b[22m\n\n    \u001b[2mexpect(\u001b[22m\u001b[31mreceived\u001b[39m\u001b[2m).\u001b[22mtoBe\u001b[2m(\u001b[22m\u001b[32mexpected\u001b[39m\u001b[2m) // Object.is equality\u001b[22m\n\n    Expected: \u001b[32m201\u001b[39m\n    Received: \u001b[31m400\u001b[39m\n\u001b[2m\u001b[22m\n\u001b[2m    \u001b[0m \u001b[90m 25 |\u001b[39m         \u001b[33m.\u001b[39msend({ startTime\u001b[33m:\u001b[39m \u001b[32m'09:00'\u001b[39m\u001b[33m,\u001b[39m endTime\u001b[33m:\u001b[39m \u001b[32m'10:00'\u001b[39m\u001b[33m,\u001b[39m price\u001b[33m:\u001b[39m \u001b[35m60000\u001b[39m })\u001b[33m;\u001b[39m\u001b[22m\n\u001b[2m     \u001b[90m 26 |\u001b[39m       \u001b[22m\n\u001b[2m    \u001b[31m\u001b[1m>\u001b[22m\u001b[2m\u001b[39m\u001b[90m 27 |\u001b[39m       expect(res\u001b[33m.\u001b[39mstatusCode)\u001b[33m.\u001b[39mtoBe(\u001b[35m201\u001b[39m)\u001b[33m;\u001b[39m\u001b[22m\n\u001b[2m     \u001b[90m    |\u001b[39m                              \u001b[31m\u001b[1m^\u001b[22m\u001b[2m\u001b[39m\u001b[22m\n\u001b[2m     \u001b[90m 28 |\u001b[39m       expect(res\u001b[33m.\u001b[39mbody\u001b[33m.\u001b[39mdata\u001b[33m.\u001b[39mstartTime)\u001b[33m.\u001b[39mtoBe(\u001b[32m'09:00'\u001b[39m)\u001b[33m;\u001b[39m\u001b[22m\n\u001b[2m     \u001b[90m 29 |\u001b[39m     })\u001b[33m;\u001b[39m\u001b[22m\n\u001b[2m     \u001b[90m 30 |\u001b[39m\u001b[0m\u001b[22m\n\u001b[2m\u001b[22m\n\u001b[2m      \u001b[2mat Object.toBe (\u001b[22m\u001b[2m\u001b[0m\u001b[36mtests/integration/time-slot.api.test.js\u001b[39m\u001b[0m\u001b[2m:27:30)\u001b[22m\u001b[2m\u001b[22m\n","name":"C:\\Hoc\\New folder\\CauLongVui\\BE\\tests\\integration\\time-slot.api.test.js","startTime":1774159430774,"status":"failed","summary":""}],"wasInterrupted":false}
