{"numFailedTestSuites":1,"numFailedTests":1,"numPassedTestSuites":2,"numPassedTests":10,"numPendingTestSuites":0,"numPendingTests":0,"numRuntimeErrorTestSuites":0,"numTodoTests":0,"numTotalTestSuites":3,"numTotalTests":11,"openHandles":[],"snapshot":{"added":0,"didUpdate":false,"failure":false,"filesAdded":0,"filesRemoved":0,"filesRemovedList":[],"filesUnmatched":0,"filesUpdated":0,"matched":0,"total":0,"unchecked":0,"uncheckedKeysByFile":[],"unmatched":0,"updated":0},"startTime":1774159292434,"success":false,"testResults":[{"assertionResults":[{"ancestorTitles":["Role API","GET /api/v1/roles"],"duration":187,"failing":false,"failureDetails":[],"failureMessages":[],"fullName":"Role API GET /api/v1/roles should return error if accessed with public key (secret required)","invocations":1,"location":null,"numPassingAsserts":1,"retryReasons":[],"startAt":1774159294712,"status":"passed","title":"should return error if accessed with public key (secret required)"},{"ancestorTitles":["Role API","GET /api/v1/roles"],"duration":26,"failing":false,"failureDetails":[],"failureMessages":[],"fullName":"Role API GET /api/v1/roles should retrieve list of roles successfully with secret key","invocations":1,"location":null,"numPassingAsserts":4,"retryReasons":[],"startAt":1774159294900,"status":"passed","title":"should retrieve list of roles successfully with secret key"},{"ancestorTitles":["Role API","POST /api/v1/roles"],"duration":31,"failing":false,"failureDetails":[],"failureMessages":[],"fullName":"Role API POST /api/v1/roles should create a new role successfully using secret key","invocations":1,"location":null,"numPassingAsserts":3,"retryReasons":[],"startAt":1774159294926,"status":"passed","title":"should create a new role successfully using secret key"},{"ancestorTitles":["Role API","POST /api/v1/roles"],"duration":24,"failing":false,"failureDetails":[],"failureMessages":[],"fullName":"Role API POST /api/v1/roles should block creating a role with existing roleName","invocations":1,"location":null,"numPassingAsserts":1,"retryReasons":[],"startAt":1774159294957,"status":"passed","title":"should block creating a role with existing roleName"}],"endTime":1774159295027,"message":"","name":"C:\\Hoc\\New folder\\CauLongVui\\BE\\tests\\integration\\role.api.test.js","startTime":1774159292779,"status":"passed","summary":""},{"assertionResults":[{"ancestorTitles":["Auth API"],"duration":193,"failing":false,"failureDetails":[],"failureMessages":[],"fullName":"Auth API should prevent access without API Public Key","invocations":1,"location":null,"numPassingAsserts":2,"retryReasons":[],"startAt":1774159294712,"status":"passed","title":"should prevent access without API Public Key"},{"ancestorTitles":["Auth API"],"duration":101,"failing":false,"failureDetails":[],"failureMessages":[],"fullName":"Auth API should register a new user successfully","invocations":1,"location":null,"numPassingAsserts":4,"retryReasons":[],"startAt":1774159294906,"status":"passed","title":"should register a new user successfully"},{"ancestorTitles":["Auth API"],"duration":116,"failing":false,"failureDetails":[],"failureMessages":[],"fullName":"Auth API should return error when duplicate phone number is used","invocations":1,"location":null,"numPassingAsserts":2,"retryReasons":[],"startAt":1774159295007,"status":"passed","title":"should return error when duplicate phone number is used"},{"ancestorTitles":["Auth API"],"duration":162,"failing":false,"failureDetails":[],"failureMessages":[],"fullName":"Auth API should login an existing user successfully","invocations":1,"location":null,"numPassingAsserts":3,"retryReasons":[],"startAt":1774159295123,"status":"passed","title":"should login an existing user successfully"}],"endTime":1774159295340,"message":"","name":"C:\\Hoc\\New folder\\CauLongVui\\BE\\tests\\integration\\auth.api.test.js","startTime":1774159292785,"status":"passed","summary":""},{"assertionResults":[{"ancestorTitles":["User API","GET /api/v1/users"],"duration":527,"failing":false,"failureDetails":[],"failureMessages":[],"fullName":"User API GET /api/v1/users should deny access if not admin (using public key instead of secret)","invocations":1,"location":null,"numPassingAsserts":1,"retryReasons":[],"startAt":1774159294688,"status":"passed","title":"should deny access if not admin (using public key instead of secret)"},{"ancestorTitles":["User API","GET /api/v1/users"],"duration":285,"failing":false,"failureDetails":[],"failureMessages":[],"fullName":"User API GET /api/v1/users should allow getting users with secret key","invocations":1,"location":null,"numPassingAsserts":3,"retryReasons":[],"startAt":1774159295216,"status":"passed","title":"should allow getting users with secret key"},{"ancestorTitles":["User API","DELETE /api/v1/users/:id"],"duration":271,"failing":false,"failureDetails":[{"matcherResult":{"message":"\u001b[2mexpect(\u001b[22m\u001b[31mreceived\u001b[39m\u001b[2m).\u001b[22mtoBeNull\u001b[2m()\u001b[22m\n\nReceived: \u001b[31m{\"__v\": 0, \"_id\": \"69bf85bfe5755db6e9f30267\", \"avatar\": \"https://ui-avatars.com/api/?name=Normal%20User&background=random&color=fff&size=256\", \"balance\": 0, \"createdAt\": 2026-03-22T06:01:35.625Z, \"fullName\": \"Normal User\", \"passwordHash\": \"$2b$10$pRMRoqc4uUly6TzkLjT4y.j9zVwEOVGZw0tzDDBZ/YYD/4GVX/eGO\", \"phoneNumber\": \"1111111111\", \"roleId\": \"69bf85bfe5755db6e9f3025e\", \"status\": \"deleted\", \"updatedAt\": 2026-03-22T06:01:35.760Z}\u001b[39m","pass":false}}],"failureMessages":["Error: \u001b[2mexpect(\u001b[22m\u001b[31mreceived\u001b[39m\u001b[2m).\u001b[22mtoBeNull\u001b[2m()\u001b[22m\n\nReceived: \u001b[31m{\"__v\": 0, \"_id\": \"69bf85bfe5755db6e9f30267\", \"avatar\": \"https://ui-avatars.com/api/?name=Normal%20User&background=random&color=fff&size=256\", \"balance\": 0, \"createdAt\": 2026-03-22T06:01:35.625Z, \"fullName\": \"Normal User\", \"passwordHash\": \"$2b$10$pRMRoqc4uUly6TzkLjT4y.j9zVwEOVGZw0tzDDBZ/YYD/4GVX/eGO\", \"phoneNumber\": \"1111111111\", \"roleId\": \"69bf85bfe5755db6e9f3025e\", \"status\": \"deleted\", \"updatedAt\": 2026-03-22T06:01:35.760Z}\u001b[39m\n    at Object.toBeNull (C:\\Hoc\\New folder\\CauLongVui\\BE\\tests\\integration\\user.api.test.js:77:28)\n    at processTicksAndRejections (node:internal/process/task_queues:105:5)"],"fullName":"User API DELETE /api/v1/users/:id should delete a user successfully using secret key","invocations":1,"location":null,"numPassingAsserts":2,"retryReasons":[],"startAt":1774159295501,"status":"failed","title":"should delete a user successfully using secret key"}],"endTime":1774159295833,"message":"\u001b[1m\u001b[31m  \u001b[1m● \u001b[22m\u001b[1mUser API › DELETE /api/v1/users/:id › should delete a user successfully using secret key\u001b[39m\u001b[22m\n\n    \u001b[2mexpect(\u001b[22m\u001b[31mreceived\u001b[39m\u001b[2m).\u001b[22mtoBeNull\u001b[2m()\u001b[22m\n\n    Received: \u001b[31m{\"__v\": 0, \"_id\": \"69bf85bfe5755db6e9f30267\", \"avatar\": \"https://ui-avatars.com/api/?name=Normal%20User&background=random&color=fff&size=256\", \"balance\": 0, \"createdAt\": 2026-03-22T06:01:35.625Z, \"fullName\": \"Normal User\", \"passwordHash\": \"$2b$10$pRMRoqc4uUly6TzkLjT4y.j9zVwEOVGZw0tzDDBZ/YYD/4GVX/eGO\", \"phoneNumber\": \"1111111111\", \"roleId\": \"69bf85bfe5755db6e9f3025e\", \"status\": \"deleted\", \"updatedAt\": 2026-03-22T06:01:35.760Z}\u001b[39m\n\u001b[2m\u001b[22m\n\u001b[2m    \u001b[0m \u001b[90m 75 |\u001b[39m\u001b[22m\n\u001b[2m     \u001b[90m 76 |\u001b[39m       \u001b[36mconst\u001b[39m checkDeleted \u001b[33m=\u001b[39m \u001b[36mawait\u001b[39m \u001b[33mUser\u001b[39m\u001b[33m.\u001b[39mfindById(normalUser\u001b[33m.\u001b[39m_id)\u001b[33m;\u001b[39m\u001b[22m\n\u001b[2m    \u001b[31m\u001b[1m>\u001b[22m\u001b[2m\u001b[39m\u001b[90m 77 |\u001b[39m       expect(checkDeleted)\u001b[33m.\u001b[39mtoBeNull()\u001b[33m;\u001b[39m\u001b[22m\n\u001b[2m     \u001b[90m    |\u001b[39m                            \u001b[31m\u001b[1m^\u001b[22m\u001b[2m\u001b[39m\u001b[22m\n\u001b[2m     \u001b[90m 78 |\u001b[39m     })\u001b[33m;\u001b[39m\u001b[22m\n\u001b[2m     \u001b[90m 79 |\u001b[39m   })\u001b[33m;\u001b[39m\u001b[22m\n\u001b[2m     \u001b[90m 80 |\u001b[39m })\u001b[33m;\u001b[39m\u001b[0m\u001b[22m\n\u001b[2m\u001b[22m\n\u001b[2m      \u001b[2mat Object.toBeNull (\u001b[22m\u001b[2m\u001b[0m\u001b[36mtests/integration/user.api.test.js\u001b[39m\u001b[0m\u001b[2m:77:28)\u001b[22m\u001b[2m\u001b[22m\n","name":"C:\\Hoc\\New folder\\CauLongVui\\BE\\tests\\integration\\user.api.test.js","startTime":1774159292786,"status":"failed","summary":""}],"wasInterrupted":false}
